        0.0000000000
        1.6451797814
        1.0265654033
        0.8771713050
        0.8641868858
        0.9236757709
        0.9986061037
        1.1080987186
        1.2344617968
        1.3935754287
        1.5673727240
        1.6958704503
        1.8328447955
        1.9698540106
        2.0842789381
        2.2418947151
        2.3575310346
        2.5401422136
        2.6899015192
        2.8724503817
        3.1075188936
        3.2823074589
        3.4667464045
        3.4891596818
        3.4448130614
        3.3373262103
        3.2008663944
        2.9656901588
        2.7637041700
        2.5742555801
        2.3481624568
        2.1957621375
        2.0039621050
        1.8624615633
        1.6911589822
        1.5494325566
        1.4244545630
        1.3234958307
        1.1966203827
        1.1154056475
        1.0204385072
        0.9255196851
        0.8216719590
        0.7800555044
        0.7034584972
        0.6163709199
        0.5721732616
        0.5312085424
        0.4789802464
        0.4159219547
        0.3852083414
        0.3491028185
        0.2881142195
        0.2709374158
        0.0000000000
        0.0000000000
        0.0000000000
        0.0000000000
        0.0000000000
        0.0000000000
        0.0000000000
        0.0000000000
        0.0000000000
        0.0000000000
        0.0000000000
        0.0000000000
        0.0000000000
        0.0000000000
        0.0000000000
        0.0000000000
        0.0000000000
        0.0000000000
        0.0000000000
        0.0000000000
        0.0000000000
        0.0000000000
        0.0000000000
        0.0000000000
        0.0000000000
        0.0000000000
        0.0000000000
        0.0000000000
        0.0000000000
        0.0000000000
        0.0000000000
        0.0000000000
        0.0000000000
        0.0000000000
