# number of cycles:60930000
#1:rindex, 2:r 3:rwmin 4:rwmax, 5: hist_value 6: numof cycles 7:shell volume 8: normalized hist value 9: hist_values/ number of cycles 10: -log(hist_value/numcycles)
  0	 3.020000E-01	 3.000000E-01	 3.040000E-01	 2.003650E+05	60930000	 4.584413E-03	 4.370570E+07	 7.173101E-01	 3.322470E-01
  1	 3.060000E-01	 3.040000E-01	 3.080000E-01	 2.067590E+05	60930000	 4.706659E-03	 4.392904E+07	 7.209755E-01	 3.271501E-01
  2	 3.100000E-01	 3.080000E-01	 3.120000E-01	 2.123300E+05	60930000	 4.830513E-03	 4.395600E+07	 7.214179E-01	 3.265366E-01
  3	 3.140000E-01	 3.120000E-01	 3.160000E-01	 2.177810E+05	60930000	 4.955976E-03	 4.394311E+07	 7.212065E-01	 3.268297E-01
  4	 3.180000E-01	 3.160000E-01	 3.200000E-01	 2.233980E+05	60930000	 5.083047E-03	 4.394963E+07	 7.213134E-01	 3.266815E-01
  5	 3.220000E-01	 3.200000E-01	 3.240000E-01	 2.293910E+05	60930000	 5.211726E-03	 4.401440E+07	 7.223765E-01	 3.252088E-01
  6	 3.260000E-01	 3.240000E-01	 3.280000E-01	 2.344720E+05	60930000	 5.342014E-03	 4.389206E+07	 7.203686E-01	 3.279923E-01
  7	 3.300000E-01	 3.280000E-01	 3.320000E-01	 2.398300E+05	60930000	 5.473911E-03	 4.381328E+07	 7.190757E-01	 3.297887E-01
  8	 3.340000E-01	 3.320000E-01	 3.360000E-01	 2.454890E+05	60930000	 5.607416E-03	 4.377934E+07	 7.185187E-01	 3.305636E-01
  9	 3.380000E-01	 3.360000E-01	 3.400000E-01	 2.522020E+05	60930000	 5.742530E-03	 4.391827E+07	 7.207989E-01	 3.273952E-01
 10	 3.420000E-01	 3.400000E-01	 3.440000E-01	 2.581660E+05	60930000	 5.879252E-03	 4.391137E+07	 7.206855E-01	 3.275524E-01
 11	 3.460000E-01	 3.440000E-01	 3.480000E-01	 2.650550E+05	60930000	 6.017582E-03	 4.404676E+07	 7.229076E-01	 3.244739E-01
 12	 3.500000E-01	 3.480000E-01	 3.520000E-01	 2.712720E+05	60930000	 6.157522E-03	 4.405539E+07	 7.230492E-01	 3.242780E-01
 13	 3.540000E-01	 3.520000E-01	 3.560000E-01	 2.775540E+05	60930000	 6.299069E-03	 4.406270E+07	 7.231692E-01	 3.241120E-01
 14	 3.580000E-01	 3.560000E-01	 3.600000E-01	 2.839530E+05	60930000	 6.442225E-03	 4.407685E+07	 7.234014E-01	 3.237910E-01
 15	 3.620000E-01	 3.600000E-01	 3.640000E-01	 2.906430E+05	60930000	 6.586990E-03	 4.412380E+07	 7.241719E-01	 3.227264E-01
 16	 3.660000E-01	 3.640000E-01	 3.680000E-01	 2.970910E+05	60930000	 6.733363E-03	 4.412223E+07	 7.241463E-01	 3.227619E-01
 17	 3.700000E-01	 3.680000E-01	 3.720000E-01	 3.041950E+05	60930000	 6.881345E-03	 4.420575E+07	 7.255170E-01	 3.208708E-01
 18	 3.740000E-01	 3.720000E-01	 3.760000E-01	 3.098450E+05	60930000	 7.030935E-03	 4.406882E+07	 7.232697E-01	 3.239731E-01
 19	 3.780000E-01	 3.760000E-01	 3.800000E-01	 3.175530E+05	60930000	 7.182133E-03	 4.421430E+07	 7.256573E-01	 3.206774E-01
 20	 3.820000E-01	 3.800000E-01	 3.840000E-01	 3.244980E+05	60930000	 7.334940E-03	 4.424003E+07	 7.260797E-01	 3.200956E-01
 21	 3.860000E-01	 3.840000E-01	 3.880000E-01	 3.313060E+05	60930000	 7.489356E-03	 4.423692E+07	 7.260285E-01	 3.201660E-01
 22	 3.900000E-01	 3.880000E-01	 3.920000E-01	 3.392570E+05	60930000	 7.645380E-03	 4.437412E+07	 7.282803E-01	 3.170693E-01
 23	 3.940000E-01	 3.920000E-01	 3.960000E-01	 3.453770E+05	60930000	 7.803012E-03	 4.426201E+07	 7.264403E-01	 3.195990E-01
 24	 3.980000E-01	 3.960000E-01	 4.000000E-01	 3.534100E+05	60930000	 7.962253E-03	 4.438568E+07	 7.284700E-01	 3.168089E-01
 25	 4.020000E-01	 4.000000E-01	 4.040000E-01	 3.593370E+05	60930000	 8.123103E-03	 4.423642E+07	 7.260204E-01	 3.201772E-01
 26	 4.060000E-01	 4.040000E-01	 4.080000E-01	 3.679440E+05	60930000	 8.285561E-03	 4.440786E+07	 7.288340E-01	 3.163093E-01
 27	 4.100000E-01	 4.080000E-01	 4.120000E-01	 3.743000E+05	60930000	 8.449628E-03	 4.429781E+07	 7.270279E-01	 3.187904E-01
 28	 4.140000E-01	 4.120000E-01	 4.160000E-01	 3.812390E+05	60930000	 8.615303E-03	 4.425138E+07	 7.262658E-01	 3.198392E-01
 29	 4.180000E-01	 4.160000E-01	 4.200000E-01	 3.905780E+05	60930000	 8.782586E-03	 4.447187E+07	 7.298846E-01	 3.148689E-01
 30	 4.220000E-01	 4.200000E-01	 4.240000E-01	 3.973380E+05	60930000	 8.951478E-03	 4.438798E+07	 7.285077E-01	 3.167570E-01
 31	 4.260000E-01	 4.240000E-01	 4.280000E-01	 4.042660E+05	60930000	 9.121979E-03	 4.431780E+07	 7.273559E-01	 3.183393E-01
 32	 4.300000E-01	 4.280000E-01	 4.320000E-01	 4.130850E+05	60930000	 9.294088E-03	 4.444600E+07	 7.294600E-01	 3.154507E-01
 33	 4.340000E-01	 4.320000E-01	 4.360000E-01	 4.211620E+05	60930000	 9.467805E-03	 4.448359E+07	 7.300770E-01	 3.146052E-01
 34	 4.380000E-01	 4.360000E-01	 4.400000E-01	 4.273410E+05	60930000	 9.643131E-03	 4.431558E+07	 7.273196E-01	 3.183892E-01
 35	 4.420000E-01	 4.400000E-01	 4.440000E-01	 4.366260E+05	60930000	 9.820066E-03	 4.446264E+07	 7.297331E-01	 3.150765E-01
 36	 4.460000E-01	 4.440000E-01	 4.480000E-01	 4.456110E+05	60930000	 9.998609E-03	 4.456730E+07	 7.314509E-01	 3.127252E-01
 37	 4.500000E-01	 4.480000E-01	 4.520000E-01	 4.541400E+05	60930000	 1.017876E-02	 4.461644E+07	 7.322573E-01	 3.116234E-01
 38	 4.540000E-01	 4.520000E-01	 4.560000E-01	 4.636570E+05	60930000	 1.036052E-02	 4.475229E+07	 7.344869E-01	 3.085831E-01
 39	 4.580000E-01	 4.560000E-01	 4.600000E-01	 4.736030E+05	60930000	 1.054389E-02	 4.491730E+07	 7.371951E-01	 3.049027E-01
 40	 4.620000E-01	 4.600000E-01	 4.640000E-01	 4.823990E+05	60930000	 1.072887E-02	 4.496272E+07	 7.379406E-01	 3.038919E-01
 41	 4.660000E-01	 4.640000E-01	 4.680000E-01	 4.909010E+05	60930000	 1.091545E-02	 4.497304E+07	 7.381099E-01	 3.036625E-01
 42	 4.700000E-01	 4.680000E-01	 4.720000E-01	 5.004260E+05	60930000	 1.110365E-02	 4.506862E+07	 7.396787E-01	 3.015394E-01
 43	 4.740000E-01	 4.720000E-01	 4.760000E-01	 5.086030E+05	60930000	 1.129345E-02	 4.503523E+07	 7.391306E-01	 3.022806E-01
 44	 4.780000E-01	 4.760000E-01	 4.800000E-01	 5.194790E+05	60930000	 1.148486E-02	 4.523164E+07	 7.423542E-01	 2.979288E-01
 45	 4.820000E-01	 4.800000E-01	 4.840000E-01	 5.285230E+05	60930000	 1.167788E-02	 4.525848E+07	 7.427947E-01	 2.973356E-01
 46	 4.860000E-01	 4.840000E-01	 4.880000E-01	 5.377600E+05	60930000	 1.187251E-02	 4.529457E+07	 7.433869E-01	 2.965386E-01
 47	 4.900000E-01	 4.880000E-01	 4.920000E-01	 5.471850E+05	60930000	 1.206874E-02	 4.533902E+07	 7.441166E-01	 2.955575E-01
 48	 4.940000E-01	 4.920000E-01	 4.960000E-01	 5.553170E+05	60930000	 1.226659E-02	 4.527070E+07	 7.429953E-01	 2.970656E-01
 49	 4.980000E-01	 4.960000E-01	 5.000000E-01	 5.643000E+05	60930000	 1.246604E-02	 4.526698E+07	 7.429342E-01	 2.971478E-01
 50	 5.020000E-01	 5.000000E-01	 5.040000E-01	 5.739320E+05	60930000	 1.266710E-02	 4.530886E+07	 7.436216E-01	 2.962230E-01
 51	 5.060000E-01	 5.040000E-01	 5.080000E-01	 5.837900E+05	60930000	 1.286977E-02	 4.536133E+07	 7.444827E-01	 2.950657E-01
 52	 5.100000E-01	 5.080000E-01	 5.120000E-01	 5.936830E+05	60930000	 1.307405E-02	 4.540926E+07	 7.452693E-01	 2.940097E-01
 53	 5.140000E-01	 5.120000E-01	 5.160000E-01	 6.030950E+05	60930000	 1.327994E-02	 4.541399E+07	 7.453469E-01	 2.939055E-01
 54	 5.180000E-01	 5.160000E-01	 5.200000E-01	 6.120210E+05	60930000	 1.348744E-02	 4.537712E+07	 7.447419E-01	 2.947176E-01
 55	 5.220000E-01	 5.200000E-01	 5.240000E-01	 6.214900E+05	60930000	 1.369654E-02	 4.537569E+07	 7.447184E-01	 2.947491E-01
 56	 5.260000E-01	 5.240000E-01	 5.280000E-01	 6.321470E+05	60930000	 1.390725E-02	 4.545448E+07	 7.460116E-01	 2.930142E-01
 57	 5.300000E-01	 5.280000E-01	 5.320000E-01	 6.406640E+05	60930000	 1.411957E-02	 4.537417E+07	 7.446935E-01	 2.947826E-01
 58	 5.340000E-01	 5.320000E-01	 5.360000E-01	 6.522450E+05	60930000	 1.433350E-02	 4.550492E+07	 7.468394E-01	 2.919051E-01
 59	 5.380000E-01	 5.360000E-01	 5.400000E-01	 6.636640E+05	60930000	 1.454904E-02	 4.561565E+07	 7.486566E-01	 2.894748E-01
 60	 5.420000E-01	 5.400000E-01	 5.440000E-01	 6.762340E+05	60930000	 1.476619E-02	 4.579611E+07	 7.516184E-01	 2.855265E-01
 61	 5.460000E-01	 5.440000E-01	 5.480000E-01	 6.853650E+05	60930000	 1.498494E-02	 4.573691E+07	 7.506467E-01	 2.868201E-01
 62	 5.500000E-01	 5.480000E-01	 5.520000E-01	 6.963900E+05	60930000	 1.520531E-02	 4.579914E+07	 7.516681E-01	 2.854604E-01
 63	 5.540000E-01	 5.520000E-01	 5.560000E-01	 7.091240E+05	60930000	 1.542728E-02	 4.596559E+07	 7.543999E-01	 2.818327E-01
 64	 5.580000E-01	 5.560000E-01	 5.600000E-01	 7.201260E+05	60930000	 1.565086E-02	 4.601191E+07	 7.551601E-01	 2.808254E-01
 65	 5.620000E-01	 5.600000E-01	 5.640000E-01	 7.296650E+05	60930000	 1.587605E-02	 4.596011E+07	 7.543100E-01	 2.819519E-01
 66	 5.660000E-01	 5.640000E-01	 5.680000E-01	 7.415600E+05	60930000	 1.610285E-02	 4.605148E+07	 7.558096E-01	 2.799658E-01
 67	 5.700000E-01	 5.680000E-01	 5.720000E-01	 7.521790E+05	60930000	 1.633126E-02	 4.605764E+07	 7.559106E-01	 2.798321E-01
 68	 5.740000E-01	 5.720000E-01	 5.760000E-01	 7.643320E+05	60930000	 1.656127E-02	 4.615177E+07	 7.574557E-01	 2.777903E-01
 69	 5.780000E-01	 5.760000E-01	 5.800000E-01	 7.776970E+05	60930000	 1.679289E-02	 4.631108E+07	 7.600702E-01	 2.743445E-01
 70	 5.820000E-01	 5.800000E-01	 5.840000E-01	 7.889440E+05	60930000	 1.702613E-02	 4.633726E+07	 7.604999E-01	 2.737793E-01
 71	 5.860000E-01	 5.840000E-01	 5.880000E-01	 7.986010E+05	60930000	 1.726097E-02	 4.626630E+07	 7.593353E-01	 2.753118E-01
 72	 5.900000E-01	 5.880000E-01	 5.920000E-01	 8.105810E+05	60930000	 1.749741E-02	 4.632576E+07	 7.603112E-01	 2.740275E-01
 73	 5.940000E-01	 5.920000E-01	 5.960000E-01	 8.229340E+05	60930000	 1.773547E-02	 4.640046E+07	 7.615371E-01	 2.724164E-01
 74	 5.980000E-01	 5.960000E-01	 6.000000E-01	 8.350040E+05	60930000	 1.797514E-02	 4.645327E+07	 7.624040E-01	 2.712787E-01
 75	 6.020000E-01	 6.000000E-01	 6.040000E-01	 8.492110E+05	60930000	 1.821641E-02	 4.661791E+07	 7.651060E-01	 2.677409E-01
 76	 6.060000E-01	 6.040000E-01	 6.080000E-01	 8.616810E+05	60930000	 1.845929E-02	 4.668006E+07	 7.661261E-01	 2.664086E-01
 77	 6.100000E-01	 6.080000E-01	 6.120000E-01	 8.741280E+05	60930000	 1.870379E-02	 4.673535E+07	 7.670335E-01	 2.652248E-01
 78	 6.140000E-01	 6.120000E-01	 6.160000E-01	 8.874400E+05	60930000	 1.894989E-02	 4.683089E+07	 7.686015E-01	 2.631827E-01
 79	 6.180000E-01	 6.160000E-01	 6.200000E-01	 8.970160E+05	60930000	 1.919759E-02	 4.672544E+07	 7.668708E-01	 2.654369E-01
 80	 6.220000E-01	 6.200000E-01	 6.240000E-01	 9.119850E+05	60930000	 1.944691E-02	 4.689614E+07	 7.696724E-01	 2.617904E-01
 81	 6.260000E-01	 6.240000E-01	 6.280000E-01	 9.266230E+05	60930000	 1.969784E-02	 4.704187E+07	 7.720641E-01	 2.586877E-01
 82	 6.300000E-01	 6.280000E-01	 6.320000E-01	 9.351430E+05	60930000	 1.995037E-02	 4.687347E+07	 7.693003E-01	 2.622739E-01
 83	 6.340000E-01	 6.320000E-01	 6.360000E-01	 9.509510E+05	60930000	 2.020451E-02	 4.706627E+07	 7.724646E-01	 2.581691E-01
 84	 6.380000E-01	 6.360000E-01	 6.400000E-01	 9.621910E+05	60930000	 2.046026E-02	 4.702730E+07	 7.718251E-01	 2.589973E-01
 85	 6.420000E-01	 6.400000E-01	 6.440000E-01	 9.758720E+05	60930000	 2.071762E-02	 4.710347E+07	 7.730752E-01	 2.573789E-01
 86	 6.460000E-01	 6.440000E-01	 6.480000E-01	 9.888320E+05	60930000	 2.097659E-02	 4.713979E+07	 7.736712E-01	 2.566083E-01
 87	 6.500000E-01	 6.480000E-01	 6.520000E-01	 1.001853E+06	60930000	 2.123717E-02	 4.717451E+07	 7.742412E-01	 2.558719E-01
 88	 6.540000E-01	 6.520000E-01	 6.560000E-01	 1.016387E+06	60930000	 2.149935E-02	 4.727524E+07	 7.758943E-01	 2.537390E-01
 89	 6.580000E-01	 6.560000E-01	 6.600000E-01	 1.029975E+06	60930000	 2.176314E-02	 4.732657E+07	 7.767368E-01	 2.526538E-01
 90	 6.620000E-01	 6.600000E-01	 6.640000E-01	 1.044077E+06	60930000	 2.202855E-02	 4.739655E+07	 7.778852E-01	 2.511763E-01
 91	 6.660000E-01	 6.640000E-01	 6.680000E-01	 1.055903E+06	60930000	 2.229556E-02	 4.735935E+07	 7.772747E-01	 2.519615E-01
 92	 6.700000E-01	 6.680000E-01	 6.720000E-01	 1.071569E+06	60930000	 2.256418E-02	 4.748984E+07	 7.794163E-01	 2.492099E-01
 93	 6.740000E-01	 6.720000E-01	 6.760000E-01	 1.086978E+06	60930000	 2.283440E-02	 4.760265E+07	 7.812678E-01	 2.468373E-01
 94	 6.780000E-01	 6.760000E-01	 6.800000E-01	 1.100248E+06	60930000	 2.310624E-02	 4.761692E+07	 7.815021E-01	 2.465374E-01
 95	 6.820000E-01	 6.800000E-01	 6.840000E-01	 1.117551E+06	60930000	 2.337968E-02	 4.780009E+07	 7.845083E-01	 2.426981E-01
 96	 6.860000E-01	 6.840000E-01	 6.880000E-01	 1.131819E+06	60930000	 2.365473E-02	 4.784746E+07	 7.852857E-01	 2.417076E-01
 97	 6.900000E-01	 6.880000E-01	 6.920000E-01	 1.144733E+06	60930000	 2.393140E-02	 4.783394E+07	 7.850639E-01	 2.419902E-01
 98	 6.940000E-01	 6.920000E-01	 6.960000E-01	 1.165253E+06	60930000	 2.420967E-02	 4.813173E+07	 7.899512E-01	 2.357841E-01
 99	 6.980000E-01	 6.960000E-01	 7.000000E-01	 1.180803E+06	60930000	 2.448954E-02	 4.821662E+07	 7.913445E-01	 2.340219E-01
