# number of cycles:61100000
#1:rindex, 2:r 3:rwmin 4:rwmax, 5: hist_value 6: numof cycles 7:shell volume 8: normalized hist value 9: hist_values/ number of cycles 10: -log(hist_value/numcycles)
  0	 1.202000E+00	 1.200000E+00	 1.204000E+00	 3.285740E+05	61100000	 7.262377E-02	 4.524331E+06	 7.404798E-02	 2.603042E+00
  1	 1.206000E+00	 1.204000E+00	 1.208000E+00	 3.322290E+05	61100000	 7.310793E-02	 4.544364E+06	 7.437584E-02	 2.598624E+00
  2	 1.210000E+00	 1.208000E+00	 1.212000E+00	 3.363370E+05	61100000	 7.359369E-02	 4.570188E+06	 7.479849E-02	 2.592958E+00
  3	 1.214000E+00	 1.212000E+00	 1.216000E+00	 3.394920E+05	61100000	 7.408107E-02	 4.582709E+06	 7.500343E-02	 2.590221E+00
  4	 1.218000E+00	 1.216000E+00	 1.220000E+00	 3.433830E+05	61100000	 7.457005E-02	 4.604838E+06	 7.536560E-02	 2.585404E+00
  5	 1.222000E+00	 1.220000E+00	 1.224000E+00	 3.460620E+05	61100000	 7.506064E-02	 4.610432E+06	 7.545716E-02	 2.584190E+00
  6	 1.226000E+00	 1.224000E+00	 1.228000E+00	 3.510840E+05	61100000	 7.555284E-02	 4.646867E+06	 7.605347E-02	 2.576319E+00
  7	 1.230000E+00	 1.228000E+00	 1.232000E+00	 3.543770E+05	61100000	 7.604665E-02	 4.659995E+06	 7.626833E-02	 2.573497E+00
  8	 1.234000E+00	 1.232000E+00	 1.236000E+00	 3.582970E+05	61100000	 7.654207E-02	 4.681047E+06	 7.661288E-02	 2.568990E+00
  9	 1.238000E+00	 1.236000E+00	 1.240000E+00	 3.615890E+05	61100000	 7.703909E-02	 4.693578E+06	 7.681798E-02	 2.566317E+00
 10	 1.242000E+00	 1.240000E+00	 1.244000E+00	 3.666650E+05	61100000	 7.753772E-02	 4.728859E+06	 7.739541E-02	 2.558828E+00
 11	 1.246000E+00	 1.244000E+00	 1.248000E+00	 3.711730E+05	61100000	 7.803797E-02	 4.756313E+06	 7.784473E-02	 2.553039E+00
 12	 1.250000E+00	 1.248000E+00	 1.252000E+00	 3.756420E+05	61100000	 7.853982E-02	 4.782822E+06	 7.827860E-02	 2.547481E+00
 13	 1.254000E+00	 1.252000E+00	 1.256000E+00	 3.798970E+05	61100000	 7.904328E-02	 4.806190E+06	 7.866105E-02	 2.542607E+00
 14	 1.258000E+00	 1.256000E+00	 1.260000E+00	 3.840300E+05	61100000	 7.954834E-02	 4.827630E+06	 7.901195E-02	 2.538156E+00
 15	 1.262000E+00	 1.260000E+00	 1.264000E+00	 3.892320E+05	61100000	 8.005502E-02	 4.862056E+06	 7.957539E-02	 2.531050E+00
 16	 1.266000E+00	 1.264000E+00	 1.268000E+00	 3.918960E+05	61100000	 8.056330E-02	 4.864448E+06	 7.961453E-02	 2.530559E+00
 17	 1.270000E+00	 1.268000E+00	 1.272000E+00	 3.966520E+05	61100000	 8.107320E-02	 4.892517E+06	 8.007393E-02	 2.524805E+00
 18	 1.274000E+00	 1.272000E+00	 1.276000E+00	 4.000000E+05	61100000	 8.158470E-02	 4.902880E+06	 8.024354E-02	 2.522689E+00
 19	 1.278000E+00	 1.276000E+00	 1.280000E+00	 4.045230E+05	61100000	 8.209781E-02	 4.927330E+06	 8.064370E-02	 2.517715E+00
 20	 1.282000E+00	 1.280000E+00	 1.284000E+00	 4.088820E+05	61100000	 8.261253E-02	 4.949395E+06	 8.100482E-02	 2.513247E+00
 21	 1.286000E+00	 1.284000E+00	 1.288000E+00	 4.128520E+05	61100000	 8.312885E-02	 4.966410E+06	 8.128331E-02	 2.509815E+00
 22	 1.290000E+00	 1.288000E+00	 1.292000E+00	 4.195740E+05	61100000	 8.364679E-02	 5.016020E+06	 8.209526E-02	 2.499875E+00
 23	 1.294000E+00	 1.292000E+00	 1.296000E+00	 4.218750E+05	61100000	 8.416633E-02	 5.012396E+06	 8.203594E-02	 2.500598E+00
 24	 1.298000E+00	 1.296000E+00	 1.300000E+00	 4.270010E+05	61100000	 8.468749E-02	 5.042079E+06	 8.252175E-02	 2.494693E+00
 25	 1.302000E+00	 1.300000E+00	 1.304000E+00	 4.321510E+05	61100000	 8.521025E-02	 5.071585E+06	 8.300466E-02	 2.488858E+00
 26	 1.306000E+00	 1.304000E+00	 1.308000E+00	 4.368940E+05	61100000	 8.573462E-02	 5.095888E+06	 8.340242E-02	 2.484078E+00
 27	 1.310000E+00	 1.308000E+00	 1.312000E+00	 4.414400E+05	61100000	 8.626059E-02	 5.117516E+06	 8.375640E-02	 2.479843E+00
 28	 1.314000E+00	 1.312000E+00	 1.316000E+00	 4.452350E+05	61100000	 8.678818E-02	 5.130134E+06	 8.396291E-02	 2.477380E+00
 29	 1.318000E+00	 1.316000E+00	 1.320000E+00	 4.499300E+05	61100000	 8.731738E-02	 5.152812E+06	 8.433407E-02	 2.472969E+00
 30	 1.322000E+00	 1.320000E+00	 1.324000E+00	 4.556250E+05	61100000	 8.784818E-02	 5.186505E+06	 8.488551E-02	 2.466452E+00
 31	 1.326000E+00	 1.324000E+00	 1.328000E+00	 4.593050E+05	61100000	 8.838059E-02	 5.196899E+06	 8.505563E-02	 2.464450E+00
 32	 1.330000E+00	 1.328000E+00	 1.332000E+00	 4.662980E+05	61100000	 8.891461E-02	 5.244335E+06	 8.583199E-02	 2.455363E+00
 33	 1.334000E+00	 1.332000E+00	 1.336000E+00	 4.699030E+05	61100000	 8.945024E-02	 5.253233E+06	 8.597763E-02	 2.453668E+00
 34	 1.338000E+00	 1.336000E+00	 1.340000E+00	 4.752640E+05	61100000	 8.998748E-02	 5.281446E+06	 8.643938E-02	 2.448312E+00
 35	 1.342000E+00	 1.340000E+00	 1.344000E+00	 4.811600E+05	61100000	 9.052632E-02	 5.315139E+06	 8.699082E-02	 2.441953E+00
 36	 1.346000E+00	 1.344000E+00	 1.348000E+00	 4.871900E+05	61100000	 9.106678E-02	 5.349810E+06	 8.755827E-02	 2.435451E+00
 37	 1.350000E+00	 1.348000E+00	 1.352000E+00	 4.931020E+05	61100000	 9.160884E-02	 5.382690E+06	 8.809640E-02	 2.429324E+00
 38	 1.354000E+00	 1.352000E+00	 1.356000E+00	 4.988610E+05	61100000	 9.215251E-02	 5.413428E+06	 8.859948E-02	 2.423629E+00
 39	 1.358000E+00	 1.356000E+00	 1.360000E+00	 5.043350E+05	61100000	 9.269779E-02	 5.440637E+06	 8.904479E-02	 2.418616E+00
 40	 1.362000E+00	 1.360000E+00	 1.364000E+00	 5.110850E+05	61100000	 9.324468E-02	 5.481117E+06	 8.970731E-02	 2.411203E+00
 41	 1.366000E+00	 1.364000E+00	 1.368000E+00	 5.176340E+05	61100000	 9.379318E-02	 5.518887E+06	 9.032549E-02	 2.404336E+00
 42	 1.370000E+00	 1.368000E+00	 1.372000E+00	 5.221700E+05	61100000	 9.434328E-02	 5.534787E+06	 9.058572E-02	 2.401459E+00
 43	 1.374000E+00	 1.372000E+00	 1.376000E+00	 5.281630E+05	61100000	 9.489500E-02	 5.565762E+06	 9.109267E-02	 2.395878E+00
 44	 1.378000E+00	 1.376000E+00	 1.380000E+00	 5.361840E+05	61100000	 9.544832E-02	 5.617532E+06	 9.193997E-02	 2.386619E+00
 45	 1.382000E+00	 1.380000E+00	 1.384000E+00	 5.425950E+05	61100000	 9.600325E-02	 5.651840E+06	 9.250147E-02	 2.380531E+00
 46	 1.386000E+00	 1.384000E+00	 1.388000E+00	 5.496250E+05	61100000	 9.655979E-02	 5.692069E+06	 9.315989E-02	 2.373438E+00
 47	 1.390000E+00	 1.388000E+00	 1.392000E+00	 5.560190E+05	61100000	 9.711794E-02	 5.725194E+06	 9.370202E-02	 2.367636E+00
 48	 1.394000E+00	 1.392000E+00	 1.396000E+00	 5.645430E+05	61100000	 9.767770E-02	 5.779651E+06	 9.459331E-02	 2.358169E+00
 49	 1.398000E+00	 1.396000E+00	 1.400000E+00	 5.710510E+05	61100000	 9.823906E-02	 5.812871E+06	 9.513701E-02	 2.352437E+00
 50	 1.402000E+00	 1.400000E+00	 1.404000E+00	 5.786770E+05	61100000	 9.880203E-02	 5.856934E+06	 9.585817E-02	 2.344886E+00
 51	 1.406000E+00	 1.404000E+00	 1.408000E+00	 5.851520E+05	61100000	 9.936662E-02	 5.888819E+06	 9.638001E-02	 2.339456E+00
 52	 1.410000E+00	 1.408000E+00	 1.412000E+00	 5.912330E+05	61100000	 9.993281E-02	 5.916305E+06	 9.682988E-02	 2.334800E+00
 53	 1.414000E+00	 1.412000E+00	 1.416000E+00	 5.991760E+05	61100000	 1.005006E-01	 5.961914E+06	 9.757634E-02	 2.327120E+00
 54	 1.418000E+00	 1.416000E+00	 1.420000E+00	 6.036760E+05	61100000	 1.010700E-01	 5.972850E+06	 9.775532E-02	 2.325288E+00
 55	 1.422000E+00	 1.420000E+00	 1.424000E+00	 6.104560E+05	61100000	 1.016410E-01	 6.006000E+06	 9.829787E-02	 2.319753E+00
 56	 1.426000E+00	 1.424000E+00	 1.428000E+00	 6.190130E+05	61100000	 1.022137E-01	 6.056070E+06	 9.911734E-02	 2.311451E+00
 57	 1.430000E+00	 1.428000E+00	 1.432000E+00	 6.263260E+05	61100000	 1.027879E-01	 6.093383E+06	 9.972804E-02	 2.305308E+00
 58	 1.434000E+00	 1.432000E+00	 1.436000E+00	 6.351900E+05	61100000	 1.033637E-01	 6.145193E+06	 1.005760E-01	 2.296842E+00
 59	 1.438000E+00	 1.436000E+00	 1.440000E+00	 6.401200E+05	61100000	 1.039412E-01	 6.158483E+06	 1.007935E-01	 2.294681E+00
 60	 1.442000E+00	 1.440000E+00	 1.444000E+00	 6.497750E+05	61100000	 1.045202E-01	 6.216739E+06	 1.017470E-01	 2.285266E+00
 61	 1.446000E+00	 1.444000E+00	 1.448000E+00	 6.571350E+05	61100000	 1.051009E-01	 6.252420E+06	 1.023309E-01	 2.279543E+00
 62	 1.450000E+00	 1.448000E+00	 1.452000E+00	 6.650860E+05	61100000	 1.056832E-01	 6.293206E+06	 1.029985E-01	 2.273041E+00
 63	 1.454000E+00	 1.452000E+00	 1.456000E+00	 6.725840E+05	61100000	 1.062671E-01	 6.329186E+06	 1.035873E-01	 2.267340E+00
 64	 1.458000E+00	 1.456000E+00	 1.460000E+00	 6.834780E+05	61100000	 1.068526E-01	 6.396459E+06	 1.046884E-01	 2.256767E+00
 65	 1.462000E+00	 1.460000E+00	 1.464000E+00	 6.907540E+05	61100000	 1.074397E-01	 6.429228E+06	 1.052247E-01	 2.251657E+00
 66	 1.466000E+00	 1.464000E+00	 1.468000E+00	 6.998510E+05	61100000	 1.080284E-01	 6.478400E+06	 1.060295E-01	 2.244038E+00
 67	 1.470000E+00	 1.468000E+00	 1.472000E+00	 7.077800E+05	61100000	 1.086187E-01	 6.516190E+06	 1.066480E-01	 2.238222E+00
 68	 1.474000E+00	 1.472000E+00	 1.476000E+00	 7.161410E+05	61100000	 1.092106E-01	 6.557431E+06	 1.073229E-01	 2.231913E+00
 69	 1.478000E+00	 1.476000E+00	 1.480000E+00	 7.219620E+05	61100000	 1.098041E-01	 6.574998E+06	 1.076104E-01	 2.229238E+00
 70	 1.482000E+00	 1.480000E+00	 1.484000E+00	 7.301560E+05	61100000	 1.103993E-01	 6.613775E+06	 1.082451E-01	 2.223357E+00
 71	 1.486000E+00	 1.484000E+00	 1.488000E+00	 7.391460E+05	61100000	 1.109960E-01	 6.659211E+06	 1.089887E-01	 2.216511E+00
 72	 1.490000E+00	 1.488000E+00	 1.492000E+00	 7.488740E+05	61100000	 1.115944E-01	 6.710677E+06	 1.098311E-01	 2.208812E+00
 73	 1.494000E+00	 1.492000E+00	 1.496000E+00	 7.575450E+05	61100000	 1.121944E-01	 6.752077E+06	 1.105086E-01	 2.202662E+00
 74	 1.498000E+00	 1.496000E+00	 1.500000E+00	 7.671230E+05	61100000	 1.127959E-01	 6.800980E+06	 1.113090E-01	 2.195445E+00
 75	 1.502000E+00	 1.500000E+00	 1.504000E+00	 7.764330E+05	61100000	 1.133991E-01	 6.846904E+06	 1.120606E-01	 2.188715E+00
 76	 1.506000E+00	 1.504000E+00	 1.508000E+00	 7.869480E+05	61100000	 1.140039E-01	 6.902815E+06	 1.129757E-01	 2.180583E+00
 77	 1.510000E+00	 1.508000E+00	 1.512000E+00	 7.961700E+05	61100000	 1.146103E-01	 6.946756E+06	 1.136949E-01	 2.174237E+00
 78	 1.514000E+00	 1.512000E+00	 1.516000E+00	 8.061020E+05	61100000	 1.152183E-01	 6.996300E+06	 1.145057E-01	 2.167130E+00
 79	 1.518000E+00	 1.516000E+00	 1.520000E+00	 8.171580E+05	61100000	 1.158280E-01	 7.054929E+06	 1.154653E-01	 2.158785E+00
 80	 1.522000E+00	 1.520000E+00	 1.524000E+00	 8.296150E+05	61100000	 1.164392E-01	 7.124878E+06	 1.166101E-01	 2.148919E+00
 81	 1.526000E+00	 1.524000E+00	 1.528000E+00	 8.386460E+05	61100000	 1.170520E-01	 7.164729E+06	 1.172623E-01	 2.143342E+00
 82	 1.530000E+00	 1.528000E+00	 1.532000E+00	 8.492360E+05	61100000	 1.176665E-01	 7.217315E+06	 1.181230E-01	 2.136029E+00
 83	 1.534000E+00	 1.532000E+00	 1.536000E+00	 8.589660E+05	61100000	 1.182825E-01	 7.261986E+06	 1.188541E-01	 2.129859E+00
 84	 1.538000E+00	 1.536000E+00	 1.540000E+00	 8.704740E+05	61100000	 1.189002E-01	 7.321048E+06	 1.198208E-01	 2.121758E+00
 85	 1.542000E+00	 1.540000E+00	 1.544000E+00	 8.799690E+05	61100000	 1.195195E-01	 7.362559E+06	 1.205001E-01	 2.116104E+00
 86	 1.546000E+00	 1.544000E+00	 1.548000E+00	 8.921160E+05	61100000	 1.201403E-01	 7.425616E+06	 1.215322E-01	 2.107576E+00
 87	 1.550000E+00	 1.548000E+00	 1.552000E+00	 9.004500E+05	61100000	 1.207628E-01	 7.456351E+06	 1.220352E-01	 2.103446E+00
 88	 1.554000E+00	 1.552000E+00	 1.556000E+00	 9.134280E+05	61100000	 1.213869E-01	 7.524930E+06	 1.231576E-01	 2.094290E+00
 89	 1.558000E+00	 1.556000E+00	 1.560000E+00	 9.219140E+05	61100000	 1.220126E-01	 7.555890E+06	 1.236643E-01	 2.090184E+00
 90	 1.562000E+00	 1.560000E+00	 1.564000E+00	 9.343590E+05	61100000	 1.226399E-01	 7.618717E+06	 1.246926E-01	 2.081904E+00
 91	 1.566000E+00	 1.564000E+00	 1.568000E+00	 9.442300E+05	61100000	 1.232689E-01	 7.659923E+06	 1.253670E-01	 2.076510E+00
 92	 1.570000E+00	 1.568000E+00	 1.572000E+00	 9.568540E+05	61100000	 1.238994E-01	 7.722831E+06	 1.263966E-01	 2.068331E+00
 93	 1.574000E+00	 1.572000E+00	 1.576000E+00	 9.685270E+05	61100000	 1.245315E-01	 7.777364E+06	 1.272891E-01	 2.061294E+00
 94	 1.578000E+00	 1.576000E+00	 1.580000E+00	 9.803580E+05	61100000	 1.251653E-01	 7.832508E+06	 1.281916E-01	 2.054229E+00
 95	 1.582000E+00	 1.580000E+00	 1.584000E+00	 9.901650E+05	61100000	 1.258006E-01	 7.870907E+06	 1.288201E-01	 2.049339E+00
 96	 1.586000E+00	 1.584000E+00	 1.588000E+00	 1.004069E+06	61100000	 1.264376E-01	 7.941222E+06	 1.299709E-01	 2.040445E+00
 97	 1.590000E+00	 1.588000E+00	 1.592000E+00	 1.018090E+06	61100000	 1.270762E-01	 8.011652E+06	 1.311236E-01	 2.031615E+00
 98	 1.594000E+00	 1.592000E+00	 1.596000E+00	 1.030743E+06	61100000	 1.277163E-01	 8.070564E+06	 1.320878E-01	 2.024288E+00
 99	 1.598000E+00	 1.596000E+00	 1.600000E+00	 1.041492E+06	61100000	 1.283581E-01	 8.113954E+06	 1.327979E-01	 2.018927E+00
