# number of cycles:61230000
#1:rindex, 2:r 3:rwmin 4:rwmax, 5: hist_value 6: numof cycles 7:shell volume 8: normalized hist value 9: hist_values/ number of cycles 10: -log(hist_value/numcycles)
  0	 1.502000E+00	 1.500000E+00	 1.504000E+00	 3.079220E+05	61230000	 1.133991E-01	 2.715382E+06	 4.434725E-02	 3.115704E+00
  1	 1.506000E+00	 1.504000E+00	 1.508000E+00	 3.113130E+05	61230000	 1.140039E-01	 2.730722E+06	 4.459778E-02	 3.110071E+00
  2	 1.510000E+00	 1.508000E+00	 1.512000E+00	 3.155380E+05	61230000	 1.146103E-01	 2.753138E+06	 4.496387E-02	 3.101896E+00
  3	 1.514000E+00	 1.512000E+00	 1.516000E+00	 3.187220E+05	61230000	 1.152183E-01	 2.766244E+06	 4.517791E-02	 3.097147E+00
  4	 1.518000E+00	 1.516000E+00	 1.520000E+00	 3.217210E+05	61230000	 1.158280E-01	 2.777576E+06	 4.536300E-02	 3.093059E+00
  5	 1.522000E+00	 1.520000E+00	 1.524000E+00	 3.251200E+05	61230000	 1.164392E-01	 2.792187E+06	 4.560162E-02	 3.087812E+00
  6	 1.526000E+00	 1.524000E+00	 1.528000E+00	 3.298430E+05	61230000	 1.170520E-01	 2.817918E+06	 4.602185E-02	 3.078639E+00
  7	 1.530000E+00	 1.528000E+00	 1.532000E+00	 3.341020E+05	61230000	 1.176665E-01	 2.839399E+06	 4.637267E-02	 3.071045E+00
  8	 1.534000E+00	 1.532000E+00	 1.536000E+00	 3.379420E+05	61230000	 1.182825E-01	 2.857075E+06	 4.666135E-02	 3.064839E+00
  9	 1.538000E+00	 1.536000E+00	 1.540000E+00	 3.417850E+05	61230000	 1.189002E-01	 2.874554E+06	 4.694682E-02	 3.058740E+00
 10	 1.542000E+00	 1.540000E+00	 1.544000E+00	 3.469200E+05	61230000	 1.195195E-01	 2.902624E+06	 4.740525E-02	 3.049022E+00
 11	 1.546000E+00	 1.544000E+00	 1.548000E+00	 3.502320E+05	61230000	 1.201403E-01	 2.915191E+06	 4.761050E-02	 3.044702E+00
 12	 1.550000E+00	 1.548000E+00	 1.552000E+00	 3.572130E+05	61230000	 1.207628E-01	 2.957972E+06	 4.830919E-02	 3.030133E+00
 13	 1.554000E+00	 1.552000E+00	 1.556000E+00	 3.613310E+05	61230000	 1.213869E-01	 2.976688E+06	 4.861486E-02	 3.023826E+00
 14	 1.558000E+00	 1.556000E+00	 1.560000E+00	 3.652350E+05	61230000	 1.220126E-01	 2.993420E+06	 4.888812E-02	 3.018221E+00
 15	 1.562000E+00	 1.560000E+00	 1.564000E+00	 3.713360E+05	61230000	 1.226399E-01	 3.027855E+06	 4.945052E-02	 3.006783E+00
 16	 1.566000E+00	 1.564000E+00	 1.568000E+00	 3.747880E+05	61230000	 1.232689E-01	 3.040411E+06	 4.965558E-02	 3.002645E+00
 17	 1.570000E+00	 1.568000E+00	 1.572000E+00	 3.802250E+05	61230000	 1.238994E-01	 3.068821E+06	 5.011956E-02	 2.993344E+00
 18	 1.574000E+00	 1.572000E+00	 1.576000E+00	 3.851440E+05	61230000	 1.245315E-01	 3.092743E+06	 5.051026E-02	 2.985579E+00
 19	 1.578000E+00	 1.576000E+00	 1.580000E+00	 3.910340E+05	61230000	 1.251653E-01	 3.124141E+06	 5.102305E-02	 2.975478E+00
 20	 1.582000E+00	 1.580000E+00	 1.584000E+00	 3.964010E+05	61230000	 1.258006E-01	 3.151026E+06	 5.146212E-02	 2.966909E+00
 21	 1.586000E+00	 1.584000E+00	 1.588000E+00	 4.011680E+05	61230000	 1.264376E-01	 3.172854E+06	 5.181862E-02	 2.960006E+00
 22	 1.590000E+00	 1.588000E+00	 1.592000E+00	 4.060440E+05	61230000	 1.270762E-01	 3.195281E+06	 5.218489E-02	 2.952962E+00
 23	 1.594000E+00	 1.592000E+00	 1.596000E+00	 4.125020E+05	61230000	 1.277163E-01	 3.229829E+06	 5.274913E-02	 2.942208E+00
 24	 1.598000E+00	 1.596000E+00	 1.600000E+00	 4.157240E+05	61230000	 1.283581E-01	 3.238782E+06	 5.289534E-02	 2.939440E+00
 25	 1.602000E+00	 1.600000E+00	 1.604000E+00	 4.215200E+05	61230000	 1.290015E-01	 3.267558E+06	 5.336531E-02	 2.930594E+00
 26	 1.606000E+00	 1.604000E+00	 1.608000E+00	 4.263650E+05	61230000	 1.296465E-01	 3.288672E+06	 5.371015E-02	 2.924153E+00
 27	 1.610000E+00	 1.608000E+00	 1.612000E+00	 4.305650E+05	61230000	 1.302932E-01	 3.304586E+06	 5.397005E-02	 2.919326E+00
 28	 1.614000E+00	 1.612000E+00	 1.616000E+00	 4.349860E+05	61230000	 1.309414E-01	 3.321990E+06	 5.425429E-02	 2.914073E+00
 29	 1.618000E+00	 1.616000E+00	 1.620000E+00	 4.420230E+05	61230000	 1.315912E-01	 3.359062E+06	 5.485974E-02	 2.902976E+00
 30	 1.622000E+00	 1.620000E+00	 1.624000E+00	 4.469920E+05	61230000	 1.322427E-01	 3.380089E+06	 5.520316E-02	 2.896735E+00
 31	 1.626000E+00	 1.624000E+00	 1.628000E+00	 4.524160E+05	61230000	 1.328957E-01	 3.404294E+06	 5.559846E-02	 2.889600E+00
 32	 1.630000E+00	 1.628000E+00	 1.632000E+00	 4.575410E+05	61230000	 1.335504E-01	 3.425981E+06	 5.595265E-02	 2.883249E+00
 33	 1.634000E+00	 1.632000E+00	 1.636000E+00	 4.631650E+05	61230000	 1.342066E-01	 3.451134E+06	 5.636344E-02	 2.875935E+00
 34	 1.638000E+00	 1.636000E+00	 1.640000E+00	 4.692580E+05	61230000	 1.348645E-01	 3.479478E+06	 5.682635E-02	 2.867755E+00
 35	 1.642000E+00	 1.640000E+00	 1.644000E+00	 4.747640E+05	61230000	 1.355240E-01	 3.503173E+06	 5.721335E-02	 2.860968E+00
 36	 1.646000E+00	 1.644000E+00	 1.648000E+00	 4.813930E+05	61230000	 1.361851E-01	 3.534844E+06	 5.773059E-02	 2.851968E+00
 37	 1.650000E+00	 1.648000E+00	 1.652000E+00	 4.884280E+05	61230000	 1.368478E-01	 3.569134E+06	 5.829060E-02	 2.842314E+00
 38	 1.654000E+00	 1.652000E+00	 1.656000E+00	 4.939140E+05	61230000	 1.375121E-01	 3.591786E+06	 5.866056E-02	 2.835988E+00
 39	 1.658000E+00	 1.656000E+00	 1.660000E+00	 4.995610E+05	61230000	 1.381780E-01	 3.615344E+06	 5.904530E-02	 2.829450E+00
 40	 1.662000E+00	 1.660000E+00	 1.664000E+00	 5.057840E+05	61230000	 1.388455E-01	 3.642782E+06	 5.949342E-02	 2.821890E+00
 41	 1.666000E+00	 1.664000E+00	 1.668000E+00	 5.147330E+05	61230000	 1.395147E-01	 3.689455E+06	 6.025567E-02	 2.809159E+00
 42	 1.670000E+00	 1.668000E+00	 1.672000E+00	 5.209840E+05	61230000	 1.401854E-01	 3.716393E+06	 6.069562E-02	 2.801884E+00
 43	 1.674000E+00	 1.672000E+00	 1.676000E+00	 5.286390E+05	61230000	 1.408578E-01	 3.752999E+06	 6.129347E-02	 2.792082E+00
 44	 1.678000E+00	 1.676000E+00	 1.680000E+00	 5.346810E+05	61230000	 1.415317E-01	 3.777818E+06	 6.169880E-02	 2.785491E+00
 45	 1.682000E+00	 1.680000E+00	 1.684000E+00	 5.419720E+05	61230000	 1.422073E-01	 3.811141E+06	 6.224303E-02	 2.776709E+00
 46	 1.686000E+00	 1.684000E+00	 1.688000E+00	 5.508240E+05	61230000	 1.428845E-01	 3.855031E+06	 6.295984E-02	 2.765258E+00
 47	 1.690000E+00	 1.688000E+00	 1.692000E+00	 5.577820E+05	61230000	 1.435632E-01	 3.885270E+06	 6.345370E-02	 2.757445E+00
 48	 1.694000E+00	 1.692000E+00	 1.696000E+00	 5.642320E+05	61230000	 1.442436E-01	 3.911660E+06	 6.388469E-02	 2.750676E+00
 49	 1.698000E+00	 1.696000E+00	 1.700000E+00	 5.711400E+05	61230000	 1.449256E-01	 3.940918E+06	 6.436253E-02	 2.743224E+00
 50	 1.702000E+00	 1.700000E+00	 1.704000E+00	 5.788340E+05	61230000	 1.456093E-01	 3.975256E+06	 6.492333E-02	 2.734548E+00
 51	 1.706000E+00	 1.704000E+00	 1.708000E+00	 5.854950E+05	61230000	 1.462945E-01	 4.002168E+06	 6.536286E-02	 2.727801E+00
 52	 1.710000E+00	 1.708000E+00	 1.712000E+00	 5.908280E+05	61230000	 1.469813E-01	 4.019750E+06	 6.565000E-02	 2.723418E+00
 53	 1.714000E+00	 1.712000E+00	 1.716000E+00	 5.991250E+05	61230000	 1.476697E-01	 4.057196E+06	 6.626157E-02	 2.714145E+00
 54	 1.718000E+00	 1.716000E+00	 1.720000E+00	 6.079950E+05	61230000	 1.483598E-01	 4.098112E+06	 6.692981E-02	 2.704111E+00
 55	 1.722000E+00	 1.720000E+00	 1.724000E+00	 6.153660E+05	61230000	 1.490514E-01	 4.128548E+06	 6.742688E-02	 2.696711E+00
 56	 1.726000E+00	 1.724000E+00	 1.728000E+00	 6.225740E+05	61230000	 1.497447E-01	 4.157570E+06	 6.790086E-02	 2.689707E+00
 57	 1.730000E+00	 1.728000E+00	 1.732000E+00	 6.296300E+05	61230000	 1.504396E-01	 4.185269E+06	 6.835324E-02	 2.683066E+00
 58	 1.734000E+00	 1.732000E+00	 1.736000E+00	 6.370240E+05	61230000	 1.511360E-01	 4.214905E+06	 6.883725E-02	 2.676010E+00
 59	 1.738000E+00	 1.736000E+00	 1.740000E+00	 6.453930E+05	61230000	 1.518341E-01	 4.250645E+06	 6.942096E-02	 2.667566E+00
 60	 1.742000E+00	 1.740000E+00	 1.744000E+00	 6.518930E+05	61230000	 1.525338E-01	 4.273760E+06	 6.979847E-02	 2.662143E+00
 61	 1.746000E+00	 1.744000E+00	 1.748000E+00	 6.591380E+05	61230000	 1.532351E-01	 4.301481E+06	 7.025120E-02	 2.655678E+00
 62	 1.750000E+00	 1.748000E+00	 1.752000E+00	 6.681190E+05	61230000	 1.539380E-01	 4.340181E+06	 7.088325E-02	 2.646721E+00
 63	 1.754000E+00	 1.752000E+00	 1.756000E+00	 6.762350E+05	61230000	 1.546426E-01	 4.372891E+06	 7.141745E-02	 2.639213E+00
 64	 1.758000E+00	 1.756000E+00	 1.760000E+00	 6.840360E+05	61230000	 1.553487E-01	 4.403230E+06	 7.191295E-02	 2.632299E+00
 65	 1.762000E+00	 1.760000E+00	 1.764000E+00	 6.932640E+05	61230000	 1.560564E-01	 4.442393E+06	 7.255256E-02	 2.623444E+00
 66	 1.766000E+00	 1.764000E+00	 1.768000E+00	 7.029590E+05	61230000	 1.567658E-01	 4.484136E+06	 7.323429E-02	 2.614092E+00
 67	 1.770000E+00	 1.768000E+00	 1.772000E+00	 7.114170E+05	61230000	 1.574767E-01	 4.517601E+06	 7.378084E-02	 2.606656E+00
 68	 1.774000E+00	 1.772000E+00	 1.776000E+00	 7.209720E+05	61230000	 1.581893E-01	 4.557654E+06	 7.443498E-02	 2.597829E+00
 69	 1.778000E+00	 1.776000E+00	 1.780000E+00	 7.284770E+05	61230000	 1.589035E-01	 4.584400E+06	 7.487179E-02	 2.591978E+00
 70	 1.782000E+00	 1.780000E+00	 1.784000E+00	 7.391030E+05	61230000	 1.596192E-01	 4.630413E+06	 7.562327E-02	 2.581991E+00
 71	 1.786000E+00	 1.784000E+00	 1.788000E+00	 7.475910E+05	61230000	 1.603366E-01	 4.662634E+06	 7.614950E-02	 2.575057E+00
 72	 1.790000E+00	 1.788000E+00	 1.792000E+00	 7.586350E+05	61230000	 1.610556E-01	 4.710391E+06	 7.692946E-02	 2.564866E+00
 73	 1.794000E+00	 1.792000E+00	 1.796000E+00	 7.676640E+05	61230000	 1.617762E-01	 4.745221E+06	 7.749830E-02	 2.557499E+00
 74	 1.798000E+00	 1.796000E+00	 1.800000E+00	 7.807670E+05	61230000	 1.624985E-01	 4.804766E+06	 7.847078E-02	 2.545029E+00
 75	 1.802000E+00	 1.800000E+00	 1.804000E+00	 7.889280E+05	61230000	 1.632223E-01	 4.833458E+06	 7.893937E-02	 2.539075E+00
 76	 1.806000E+00	 1.804000E+00	 1.808000E+00	 7.988370E+05	61230000	 1.639477E-01	 4.872511E+06	 7.957718E-02	 2.531028E+00
 77	 1.810000E+00	 1.808000E+00	 1.812000E+00	 8.094590E+05	61230000	 1.646747E-01	 4.915502E+06	 8.027930E-02	 2.522243E+00
 78	 1.814000E+00	 1.812000E+00	 1.816000E+00	 8.212440E+05	61230000	 1.654034E-01	 4.965098E+06	 8.108930E-02	 2.512204E+00
 79	 1.818000E+00	 1.816000E+00	 1.820000E+00	 8.308440E+05	61230000	 1.661337E-01	 5.001058E+06	 8.167659E-02	 2.504988E+00
 80	 1.822000E+00	 1.820000E+00	 1.824000E+00	 8.419530E+05	61230000	 1.668655E-01	 5.045698E+06	 8.240565E-02	 2.496101E+00
 81	 1.826000E+00	 1.824000E+00	 1.828000E+00	 8.538400E+05	61230000	 1.675990E-01	 5.094541E+06	 8.320335E-02	 2.486468E+00
 82	 1.830000E+00	 1.828000E+00	 1.832000E+00	 8.647890E+05	61230000	 1.683341E-01	 5.137338E+06	 8.390230E-02	 2.478102E+00
 83	 1.834000E+00	 1.832000E+00	 1.836000E+00	 8.749580E+05	61230000	 1.690708E-01	 5.175099E+06	 8.451902E-02	 2.470779E+00
 84	 1.838000E+00	 1.836000E+00	 1.840000E+00	 8.878290E+05	61230000	 1.698091E-01	 5.228396E+06	 8.538945E-02	 2.460533E+00
 85	 1.842000E+00	 1.840000E+00	 1.844000E+00	 8.990030E+05	61230000	 1.705490E-01	 5.271231E+06	 8.608902E-02	 2.452373E+00
 86	 1.846000E+00	 1.844000E+00	 1.848000E+00	 9.116180E+05	61230000	 1.712905E-01	 5.322058E+06	 8.691913E-02	 2.442777E+00
 87	 1.850000E+00	 1.848000E+00	 1.852000E+00	 9.239300E+05	61230000	 1.720336E-01	 5.370636E+06	 8.771250E-02	 2.433691E+00
 88	 1.854000E+00	 1.852000E+00	 1.856000E+00	 9.375400E+05	61230000	 1.727783E-01	 5.426259E+06	 8.862092E-02	 2.423387E+00
 89	 1.858000E+00	 1.856000E+00	 1.860000E+00	 9.489090E+05	61230000	 1.735247E-01	 5.468438E+06	 8.930978E-02	 2.415644E+00
 90	 1.862000E+00	 1.860000E+00	 1.864000E+00	 9.614170E+05	61230000	 1.742726E-01	 5.516741E+06	 9.009866E-02	 2.406850E+00
 91	 1.866000E+00	 1.864000E+00	 1.868000E+00	 9.754780E+05	61230000	 1.750222E-01	 5.573453E+06	 9.102487E-02	 2.396622E+00
 92	 1.870000E+00	 1.868000E+00	 1.872000E+00	 9.864500E+05	61230000	 1.757734E-01	 5.612056E+06	 9.165534E-02	 2.389720E+00
 93	 1.874000E+00	 1.872000E+00	 1.876000E+00	 9.982710E+05	61230000	 1.765261E-01	 5.655089E+06	 9.235814E-02	 2.382081E+00
 94	 1.878000E+00	 1.876000E+00	 1.880000E+00	 1.010450E+06	61230000	 1.772805E-01	 5.699724E+06	 9.308711E-02	 2.374220E+00
 95	 1.882000E+00	 1.880000E+00	 1.884000E+00	 1.024784E+06	61230000	 1.780365E-01	 5.756033E+06	 9.400674E-02	 2.364389E+00
 96	 1.886000E+00	 1.884000E+00	 1.888000E+00	 1.039953E+06	61230000	 1.787941E-01	 5.816483E+06	 9.499401E-02	 2.353941E+00
 97	 1.890000E+00	 1.888000E+00	 1.892000E+00	 1.051447E+06	61230000	 1.795533E-01	 5.855904E+06	 9.563782E-02	 2.347187E+00
 98	 1.894000E+00	 1.892000E+00	 1.896000E+00	 1.068255E+06	61230000	 1.803141E-01	 5.924410E+06	 9.675666E-02	 2.335556E+00
 99	 1.898000E+00	 1.896000E+00	 1.900000E+00	 1.084314E+06	61230000	 1.810766E-01	 5.988152E+06	 9.779768E-02	 2.324854E+00
