# number of cycles:61340000
#1:rindex, 2:r 3:rwmin 4:rwmax, 5: hist_value 6: numof cycles 7:shell volume 8: normalized hist value 9: hist_values/ number of cycles 10: -log(hist_value/numcycles)
  0	 1.802000E+00	 1.800000E+00	 1.804000E+00	 2.904910E+05	61340000	 1.632223E-01	 1.779726E+06	 2.901413E-02	 3.539972E+00
  1	 1.806000E+00	 1.804000E+00	 1.808000E+00	 2.942930E+05	61340000	 1.639477E-01	 1.795042E+06	 2.926381E-02	 3.531404E+00
  2	 1.810000E+00	 1.808000E+00	 1.812000E+00	 2.972450E+05	61340000	 1.646747E-01	 1.805043E+06	 2.942685E-02	 3.525848E+00
  3	 1.814000E+00	 1.812000E+00	 1.816000E+00	 3.024410E+05	61340000	 1.654034E-01	 1.828505E+06	 2.980935E-02	 3.512933E+00
  4	 1.818000E+00	 1.816000E+00	 1.820000E+00	 3.062150E+05	61340000	 1.661337E-01	 1.843185E+06	 3.004866E-02	 3.504937E+00
  5	 1.822000E+00	 1.820000E+00	 1.824000E+00	 3.111620E+05	61340000	 1.668655E-01	 1.864747E+06	 3.040018E-02	 3.493307E+00
  6	 1.826000E+00	 1.824000E+00	 1.828000E+00	 3.132690E+05	61340000	 1.675990E-01	 1.869158E+06	 3.047209E-02	 3.490944E+00
  7	 1.830000E+00	 1.828000E+00	 1.832000E+00	 3.179140E+05	61340000	 1.683341E-01	 1.888590E+06	 3.078888E-02	 3.480602E+00
  8	 1.834000E+00	 1.832000E+00	 1.836000E+00	 3.213350E+05	61340000	 1.690708E-01	 1.900595E+06	 3.098459E-02	 3.474265E+00
  9	 1.838000E+00	 1.836000E+00	 1.840000E+00	 3.272220E+05	61340000	 1.698091E-01	 1.927000E+06	 3.141506E-02	 3.460468E+00
 10	 1.842000E+00	 1.840000E+00	 1.844000E+00	 3.312210E+05	61340000	 1.705490E-01	 1.942087E+06	 3.166103E-02	 3.452669E+00
 11	 1.846000E+00	 1.844000E+00	 1.848000E+00	 3.353430E+05	61340000	 1.712905E-01	 1.957744E+06	 3.191628E-02	 3.444639E+00
 12	 1.850000E+00	 1.848000E+00	 1.852000E+00	 3.402960E+05	61340000	 1.720336E-01	 1.978079E+06	 3.224778E-02	 3.434306E+00
 13	 1.854000E+00	 1.852000E+00	 1.856000E+00	 3.451380E+05	61340000	 1.727783E-01	 1.997577E+06	 3.256565E-02	 3.424497E+00
 14	 1.858000E+00	 1.856000E+00	 1.860000E+00	 3.510520E+05	61340000	 1.735247E-01	 2.023067E+06	 3.298120E-02	 3.411818E+00
 15	 1.862000E+00	 1.860000E+00	 1.864000E+00	 3.537430E+05	61340000	 1.742726E-01	 2.029825E+06	 3.309138E-02	 3.408482E+00
 16	 1.866000E+00	 1.864000E+00	 1.868000E+00	 3.598890E+05	61340000	 1.750222E-01	 2.056248E+06	 3.352213E-02	 3.395549E+00
 17	 1.870000E+00	 1.868000E+00	 1.872000E+00	 3.638350E+05	61340000	 1.757734E-01	 2.069910E+06	 3.374486E-02	 3.388927E+00
 18	 1.874000E+00	 1.872000E+00	 1.876000E+00	 3.691570E+05	61340000	 1.765261E-01	 2.091231E+06	 3.409246E-02	 3.378679E+00
 19	 1.878000E+00	 1.876000E+00	 1.880000E+00	 3.734920E+05	61340000	 1.772805E-01	 2.106785E+06	 3.434603E-02	 3.371269E+00
 20	 1.882000E+00	 1.880000E+00	 1.884000E+00	 3.796190E+05	61340000	 1.780365E-01	 2.132254E+06	 3.476123E-02	 3.359253E+00
 21	 1.886000E+00	 1.884000E+00	 1.888000E+00	 3.842310E+05	61340000	 1.787941E-01	 2.149014E+06	 3.503446E-02	 3.351423E+00
 22	 1.890000E+00	 1.888000E+00	 1.892000E+00	 3.903770E+05	61340000	 1.795533E-01	 2.174156E+06	 3.544435E-02	 3.339791E+00
 23	 1.894000E+00	 1.892000E+00	 1.896000E+00	 3.952670E+05	61340000	 1.803141E-01	 2.192102E+06	 3.573691E-02	 3.331571E+00
 24	 1.898000E+00	 1.896000E+00	 1.900000E+00	 4.012420E+05	61340000	 1.810766E-01	 2.215869E+06	 3.612438E-02	 3.320787E+00
 25	 1.902000E+00	 1.900000E+00	 1.904000E+00	 4.050280E+05	61340000	 1.818406E-01	 2.227379E+06	 3.631202E-02	 3.315606E+00
 26	 1.906000E+00	 1.904000E+00	 1.908000E+00	 4.118940E+05	61340000	 1.826063E-01	 2.255640E+06	 3.677274E-02	 3.302998E+00
 27	 1.910000E+00	 1.908000E+00	 1.912000E+00	 4.166270E+05	61340000	 1.833735E-01	 2.272013E+06	 3.703966E-02	 3.295766E+00
 28	 1.914000E+00	 1.912000E+00	 1.916000E+00	 4.228170E+05	61340000	 1.841424E-01	 2.296142E+06	 3.743303E-02	 3.285202E+00
 29	 1.918000E+00	 1.916000E+00	 1.920000E+00	 4.287570E+05	61340000	 1.849128E-01	 2.318698E+06	 3.780075E-02	 3.275426E+00
 30	 1.922000E+00	 1.920000E+00	 1.924000E+00	 4.356780E+05	61340000	 1.856849E-01	 2.346330E+06	 3.825122E-02	 3.263580E+00
 31	 1.926000E+00	 1.924000E+00	 1.928000E+00	 4.413420E+05	61340000	 1.864586E-01	 2.366970E+06	 3.858772E-02	 3.254821E+00
 32	 1.930000E+00	 1.928000E+00	 1.932000E+00	 4.476660E+05	61340000	 1.872339E-01	 2.390945E+06	 3.897857E-02	 3.244743E+00
 33	 1.934000E+00	 1.932000E+00	 1.936000E+00	 4.540940E+05	61340000	 1.880108E-01	 2.415255E+06	 3.937488E-02	 3.234627E+00
 34	 1.938000E+00	 1.936000E+00	 1.940000E+00	 4.584740E+05	61340000	 1.887893E-01	 2.428496E+06	 3.959073E-02	 3.229160E+00
 35	 1.942000E+00	 1.940000E+00	 1.944000E+00	 4.644760E+05	61340000	 1.895694E-01	 2.450163E+06	 3.994397E-02	 3.220278E+00
 36	 1.946000E+00	 1.944000E+00	 1.948000E+00	 4.713810E+05	61340000	 1.903512E-01	 2.476376E+06	 4.037130E-02	 3.209636E+00
 37	 1.950000E+00	 1.948000E+00	 1.952000E+00	 4.766370E+05	61340000	 1.911345E-01	 2.493726E+06	 4.065415E-02	 3.202654E+00
 38	 1.954000E+00	 1.952000E+00	 1.956000E+00	 4.839790E+05	61340000	 1.919194E-01	 2.521782E+06	 4.111154E-02	 3.191466E+00
 39	 1.958000E+00	 1.956000E+00	 1.960000E+00	 4.899460E+05	61340000	 1.927060E-01	 2.542453E+06	 4.144854E-02	 3.183303E+00
 40	 1.962000E+00	 1.960000E+00	 1.964000E+00	 4.962650E+05	61340000	 1.934942E-01	 2.564754E+06	 4.181210E-02	 3.174569E+00
 41	 1.966000E+00	 1.964000E+00	 1.968000E+00	 5.049110E+05	61340000	 1.942839E-01	 2.598830E+06	 4.236763E-02	 3.161371E+00
 42	 1.970000E+00	 1.968000E+00	 1.972000E+00	 5.111920E+05	61340000	 1.950753E-01	 2.620485E+06	 4.272066E-02	 3.153073E+00
 43	 1.974000E+00	 1.972000E+00	 1.976000E+00	 5.167490E+05	61340000	 1.958683E-01	 2.638247E+06	 4.301023E-02	 3.146317E+00
 44	 1.978000E+00	 1.976000E+00	 1.980000E+00	 5.243580E+05	61340000	 1.966629E-01	 2.666278E+06	 4.346720E-02	 3.135749E+00
 45	 1.982000E+00	 1.980000E+00	 1.984000E+00	 5.323020E+05	61340000	 1.974591E-01	 2.695758E+06	 4.394780E-02	 3.124753E+00
 46	 1.986000E+00	 1.984000E+00	 1.988000E+00	 5.400370E+05	61340000	 1.982569E-01	 2.723925E+06	 4.440700E-02	 3.114358E+00
 47	 1.990000E+00	 1.988000E+00	 1.992000E+00	 5.461770E+05	61340000	 1.990563E-01	 2.743831E+06	 4.473152E-02	 3.107077E+00
 48	 1.994000E+00	 1.992000E+00	 1.996000E+00	 5.536140E+05	61340000	 1.998574E-01	 2.770045E+06	 4.515888E-02	 3.097568E+00
 49	 1.998000E+00	 1.996000E+00	 2.000000E+00	 5.636800E+05	61340000	 2.006600E-01	 2.809130E+06	 4.579605E-02	 3.083557E+00
 50	 2.002000E+00	 2.000000E+00	 2.004000E+00	 5.702530E+05	61340000	 2.014643E-01	 2.830542E+06	 4.614512E-02	 3.075964E+00
 51	 2.006000E+00	 2.004000E+00	 2.008000E+00	 5.781790E+05	61340000	 2.022701E-01	 2.858450E+06	 4.660010E-02	 3.066153E+00
 52	 2.010000E+00	 2.008000E+00	 2.012000E+00	 5.879070E+05	61340000	 2.030776E-01	 2.894987E+06	 4.719575E-02	 3.053451E+00
 53	 2.014000E+00	 2.012000E+00	 2.016000E+00	 5.968520E+05	61340000	 2.038866E-01	 2.927372E+06	 4.772370E-02	 3.042327E+00
 54	 2.018000E+00	 2.016000E+00	 2.020000E+00	 6.041970E+05	61340000	 2.046973E-01	 2.951660E+06	 4.811967E-02	 3.034064E+00
 55	 2.022000E+00	 2.020000E+00	 2.024000E+00	 6.118110E+05	61340000	 2.055096E-01	 2.977043E+06	 4.853347E-02	 3.025502E+00
 56	 2.026000E+00	 2.024000E+00	 2.028000E+00	 6.201890E+05	61340000	 2.063235E-01	 3.005905E+06	 4.900400E-02	 3.015853E+00
 57	 2.030000E+00	 2.028000E+00	 2.032000E+00	 6.274640E+05	61340000	 2.071390E-01	 3.029193E+06	 4.938364E-02	 3.008136E+00
 58	 2.034000E+00	 2.032000E+00	 2.036000E+00	 6.387740E+05	61340000	 2.079561E-01	 3.071677E+06	 5.007624E-02	 2.994209E+00
 59	 2.038000E+00	 2.036000E+00	 2.040000E+00	 6.470570E+05	61340000	 2.087749E-01	 3.099305E+06	 5.052666E-02	 2.985254E+00
 60	 2.042000E+00	 2.040000E+00	 2.044000E+00	 6.558730E+05	61340000	 2.095952E-01	 3.129237E+06	 5.101462E-02	 2.975643E+00
 61	 2.046000E+00	 2.044000E+00	 2.048000E+00	 6.645070E+05	61340000	 2.104171E-01	 3.158046E+06	 5.148428E-02	 2.966479E+00
 62	 2.050000E+00	 2.048000E+00	 2.052000E+00	 6.726360E+05	61340000	 2.112407E-01	 3.184216E+06	 5.191092E-02	 2.958226E+00
 63	 2.054000E+00	 2.052000E+00	 2.056000E+00	 6.819310E+05	61340000	 2.120658E-01	 3.215657E+06	 5.242349E-02	 2.948401E+00
 64	 2.058000E+00	 2.056000E+00	 2.060000E+00	 6.899610E+05	61340000	 2.128926E-01	 3.240887E+06	 5.283481E-02	 2.940585E+00
 65	 2.062000E+00	 2.060000E+00	 2.064000E+00	 6.998490E+05	61340000	 2.137210E-01	 3.274592E+06	 5.338428E-02	 2.930239E+00
 66	 2.066000E+00	 2.064000E+00	 2.068000E+00	 7.097370E+05	61340000	 2.145510E-01	 3.308011E+06	 5.392910E-02	 2.920085E+00
 67	 2.070000E+00	 2.068000E+00	 2.072000E+00	 7.202340E+05	61340000	 2.153826E-01	 3.343975E+06	 5.451541E-02	 2.909272E+00
 68	 2.074000E+00	 2.072000E+00	 2.076000E+00	 7.287080E+05	61340000	 2.162158E-01	 3.370282E+06	 5.494427E-02	 2.901436E+00
 69	 2.078000E+00	 2.076000E+00	 2.080000E+00	 7.372410E+05	61340000	 2.170506E-01	 3.396632E+06	 5.537386E-02	 2.893648E+00
 70	 2.082000E+00	 2.080000E+00	 2.084000E+00	 7.487220E+05	61340000	 2.178870E-01	 3.436286E+06	 5.602031E-02	 2.882041E+00
 71	 2.086000E+00	 2.084000E+00	 2.088000E+00	 7.564170E+05	61340000	 2.187250E-01	 3.458301E+06	 5.637922E-02	 2.875655E+00
 72	 2.090000E+00	 2.088000E+00	 2.092000E+00	 7.683880E+05	61340000	 2.195647E-01	 3.499598E+06	 5.705246E-02	 2.863784E+00
 73	 2.094000E+00	 2.092000E+00	 2.096000E+00	 7.766980E+05	61340000	 2.204059E-01	 3.523944E+06	 5.744936E-02	 2.856851E+00
 74	 2.098000E+00	 2.096000E+00	 2.100000E+00	 7.885260E+05	61340000	 2.212487E-01	 3.563979E+06	 5.810205E-02	 2.845554E+00
 75	 2.102000E+00	 2.100000E+00	 2.104000E+00	 8.003590E+05	61340000	 2.220932E-01	 3.603708E+06	 5.874972E-02	 2.834469E+00
 76	 2.106000E+00	 2.104000E+00	 2.108000E+00	 8.100160E+05	61340000	 2.229393E-01	 3.633348E+06	 5.923293E-02	 2.826278E+00
 77	 2.110000E+00	 2.108000E+00	 2.112000E+00	 8.228520E+05	61340000	 2.237870E-01	 3.676944E+06	 5.994365E-02	 2.814350E+00
 78	 2.114000E+00	 2.112000E+00	 2.116000E+00	 8.324400E+05	61340000	 2.246362E-01	 3.705724E+06	 6.041285E-02	 2.806553E+00
 79	 2.118000E+00	 2.116000E+00	 2.120000E+00	 8.458180E+05	61340000	 2.254871E-01	 3.751070E+06	 6.115210E-02	 2.794391E+00
 80	 2.122000E+00	 2.120000E+00	 2.124000E+00	 8.581110E+05	61340000	 2.263396E-01	 3.791254E+06	 6.180720E-02	 2.783735E+00
 81	 2.126000E+00	 2.124000E+00	 2.128000E+00	 8.703990E+05	61340000	 2.271937E-01	 3.831087E+06	 6.245659E-02	 2.773284E+00
 82	 2.130000E+00	 2.128000E+00	 2.132000E+00	 8.829940E+05	61340000	 2.280495E-01	 3.871941E+06	 6.312261E-02	 2.762676E+00
 83	 2.134000E+00	 2.132000E+00	 2.136000E+00	 8.973410E+05	61340000	 2.289068E-01	 3.920115E+06	 6.390797E-02	 2.750311E+00
 84	 2.138000E+00	 2.136000E+00	 2.140000E+00	 9.095620E+05	61340000	 2.297657E-01	 3.958649E+06	 6.453618E-02	 2.740529E+00
 85	 2.142000E+00	 2.140000E+00	 2.144000E+00	 9.228840E+05	61340000	 2.306263E-01	 4.001643E+06	 6.523709E-02	 2.729727E+00
 86	 2.146000E+00	 2.144000E+00	 2.148000E+00	 9.372810E+05	61340000	 2.314884E-01	 4.048932E+06	 6.600803E-02	 2.717979E+00
 87	 2.150000E+00	 2.148000E+00	 2.152000E+00	 9.503100E+05	61340000	 2.323522E-01	 4.089955E+06	 6.667680E-02	 2.707898E+00
 88	 2.154000E+00	 2.152000E+00	 2.156000E+00	 9.658710E+05	61340000	 2.332176E-01	 4.141502E+06	 6.751715E-02	 2.695374E+00
 89	 2.158000E+00	 2.156000E+00	 2.160000E+00	 9.783710E+05	61340000	 2.340845E-01	 4.179563E+06	 6.813764E-02	 2.686226E+00
 90	 2.162000E+00	 2.160000E+00	 2.164000E+00	 9.946790E+05	61340000	 2.349531E-01	 4.233521E+06	 6.901730E-02	 2.673398E+00
 91	 2.166000E+00	 2.164000E+00	 2.168000E+00	 1.007762E+06	61340000	 2.358233E-01	 4.273377E+06	 6.966705E-02	 2.664028E+00
 92	 2.170000E+00	 2.168000E+00	 2.172000E+00	 1.023627E+06	61340000	 2.366951E-01	 4.324664E+06	 7.050317E-02	 2.652098E+00
 93	 2.174000E+00	 2.172000E+00	 2.176000E+00	 1.036739E+06	61340000	 2.375685E-01	 4.363957E+06	 7.114375E-02	 2.643053E+00
 94	 2.178000E+00	 2.176000E+00	 2.180000E+00	 1.054087E+06	61340000	 2.384436E-01	 4.420698E+06	 7.206876E-02	 2.630135E+00
 95	 2.182000E+00	 2.180000E+00	 2.184000E+00	 1.068557E+06	61340000	 2.393202E-01	 4.464968E+06	 7.279048E-02	 2.620170E+00
 96	 2.186000E+00	 2.184000E+00	 2.188000E+00	 1.085370E+06	61340000	 2.401984E-01	 4.518639E+06	 7.366545E-02	 2.608221E+00
 97	 2.190000E+00	 2.188000E+00	 2.192000E+00	 1.099937E+06	61340000	 2.410783E-01	 4.562572E+06	 7.438168E-02	 2.598546E+00
 98	 2.194000E+00	 2.192000E+00	 2.196000E+00	 1.116085E+06	61340000	 2.419597E-01	 4.612689E+06	 7.519871E-02	 2.587621E+00
 99	 2.198000E+00	 2.196000E+00	 2.200000E+00	 1.132868E+06	61340000	 2.428428E-01	 4.665026E+06	 7.605194E-02	 2.576339E+00
