# number of cycles:69900000
#1:rindex, 2:r 3:rwmin 4:rwmax, 5: hist_value 6: numof cycles 7:shell volume 8: normalized hist value 9: hist_values/ number of cycles 10: -log(hist_value/numcycles)
  0	 1.080200E+01	 1.080000E+01	 1.080400E+01	 2.418600E+05	69900000	 5.865138E+00	 4.123688E+04	 5.899411E-04	 7.435488E+00
  1	 1.080600E+01	 1.080400E+01	 1.080800E+01	 2.458670E+05	69900000	 5.869482E+00	 4.188905E+04	 5.992710E-04	 7.419797E+00
  2	 1.081000E+01	 1.080800E+01	 1.081200E+01	 2.497460E+05	69900000	 5.873828E+00	 4.251844E+04	 6.082752E-04	 7.404883E+00
  3	 1.081400E+01	 1.081200E+01	 1.081600E+01	 2.557010E+05	69900000	 5.878176E+00	 4.350006E+04	 6.223184E-04	 7.382059E+00
  4	 1.081800E+01	 1.081600E+01	 1.082000E+01	 2.613220E+05	69900000	 5.882525E+00	 4.442344E+04	 6.355284E-04	 7.361054E+00
  5	 1.082200E+01	 1.082000E+01	 1.082400E+01	 2.659980E+05	69900000	 5.886876E+00	 4.518491E+04	 6.464222E-04	 7.344058E+00
  6	 1.082600E+01	 1.082400E+01	 1.082800E+01	 2.704820E+05	69900000	 5.891229E+00	 4.591266E+04	 6.568335E-04	 7.328080E+00
  7	 1.083000E+01	 1.082800E+01	 1.083200E+01	 2.761190E+05	69900000	 5.895583E+00	 4.683489E+04	 6.700271E-04	 7.308192E+00
  8	 1.083400E+01	 1.083200E+01	 1.083600E+01	 2.805430E+05	69900000	 5.899939E+00	 4.755015E+04	 6.802597E-04	 7.293036E+00
  9	 1.083800E+01	 1.083600E+01	 1.084000E+01	 2.864530E+05	69900000	 5.904296E+00	 4.851603E+04	 6.940776E-04	 7.272927E+00
 10	 1.084200E+01	 1.084000E+01	 1.084400E+01	 2.920310E+05	69900000	 5.908655E+00	 4.942427E+04	 7.070712E-04	 7.254379E+00
 11	 1.084600E+01	 1.084400E+01	 1.084800E+01	 2.982860E+05	69900000	 5.913016E+00	 5.044566E+04	 7.216833E-04	 7.233924E+00
 12	 1.085000E+01	 1.084800E+01	 1.085200E+01	 3.035730E+05	69900000	 5.917378E+00	 5.130194E+04	 7.339334E-04	 7.217092E+00
 13	 1.085400E+01	 1.085200E+01	 1.085600E+01	 3.085280E+05	69900000	 5.921742E+00	 5.210088E+04	 7.453632E-04	 7.201639E+00
 14	 1.085800E+01	 1.085600E+01	 1.086000E+01	 3.146540E+05	69900000	 5.926108E+00	 5.309624E+04	 7.596028E-04	 7.182715E+00
 15	 1.086200E+01	 1.086000E+01	 1.086400E+01	 3.206740E+05	69900000	 5.930475E+00	 5.407223E+04	 7.735656E-04	 7.164500E+00
 16	 1.086600E+01	 1.086400E+01	 1.086800E+01	 3.257770E+05	69900000	 5.934843E+00	 5.489227E+04	 7.852971E-04	 7.149448E+00
 17	 1.087000E+01	 1.086800E+01	 1.087200E+01	 3.330820E+05	69900000	 5.939214E+00	 5.608184E+04	 8.023152E-04	 7.128009E+00
 18	 1.087400E+01	 1.087200E+01	 1.087600E+01	 3.397880E+05	69900000	 5.943585E+00	 5.716886E+04	 8.178664E-04	 7.108812E+00
 19	 1.087800E+01	 1.087600E+01	 1.088000E+01	 3.477300E+05	69900000	 5.947959E+00	 5.846207E+04	 8.363673E-04	 7.086443E+00
 20	 1.088200E+01	 1.088000E+01	 1.088400E+01	 3.534570E+05	69900000	 5.952334E+00	 5.938124E+04	 8.495171E-04	 7.070843E+00
 21	 1.088600E+01	 1.088400E+01	 1.088800E+01	 3.603310E+05	69900000	 5.956711E+00	 6.049161E+04	 8.654021E-04	 7.052316E+00
 22	 1.089000E+01	 1.088800E+01	 1.089200E+01	 3.672790E+05	69900000	 5.961089E+00	 6.161273E+04	 8.814411E-04	 7.033952E+00
 23	 1.089400E+01	 1.089200E+01	 1.089600E+01	 3.739310E+05	69900000	 5.965469E+00	 6.268258E+04	 8.967465E-04	 7.016737E+00
 24	 1.089800E+01	 1.089600E+01	 1.090000E+01	 3.804910E+05	69900000	 5.969851E+00	 6.373543E+04	 9.118087E-04	 7.000080E+00
 25	 1.090200E+01	 1.090000E+01	 1.090400E+01	 3.876550E+05	69900000	 5.974234E+00	 6.488782E+04	 9.282950E-04	 6.982161E+00
 26	 1.090600E+01	 1.090400E+01	 1.090800E+01	 3.942160E+05	69900000	 5.978619E+00	 6.593764E+04	 9.433139E-04	 6.966111E+00
 27	 1.091000E+01	 1.090800E+01	 1.091200E+01	 4.023540E+05	69900000	 5.983005E+00	 6.724949E+04	 9.620813E-04	 6.946412E+00
 28	 1.091400E+01	 1.091200E+01	 1.091600E+01	 4.089180E+05	69900000	 5.987393E+00	 6.829650E+04	 9.770601E-04	 6.930962E+00
 29	 1.091800E+01	 1.091600E+01	 1.092000E+01	 4.175890E+05	69900000	 5.991782E+00	 6.969362E+04	 9.970475E-04	 6.910712E+00
 30	 1.092200E+01	 1.092000E+01	 1.092400E+01	 4.262520E+05	69900000	 5.996174E+00	 7.108733E+04	 1.016986E-03	 6.890912E+00
 31	 1.092600E+01	 1.092400E+01	 1.092800E+01	 4.331240E+05	69900000	 6.000566E+00	 7.218052E+04	 1.032625E-03	 6.875651E+00
 32	 1.093000E+01	 1.092800E+01	 1.093200E+01	 4.415570E+05	69900000	 6.004961E+00	 7.353204E+04	 1.051960E-03	 6.857100E+00
 33	 1.093400E+01	 1.093200E+01	 1.093600E+01	 4.510760E+05	69900000	 6.009357E+00	 7.506228E+04	 1.073852E-03	 6.836503E+00
 34	 1.093800E+01	 1.093600E+01	 1.094000E+01	 4.581970E+05	69900000	 6.013754E+00	 7.619150E+04	 1.090007E-03	 6.821571E+00
 35	 1.094200E+01	 1.094000E+01	 1.094400E+01	 4.663420E+05	69900000	 6.018154E+00	 7.748921E+04	 1.108572E-03	 6.804682E+00
 36	 1.094600E+01	 1.094400E+01	 1.094800E+01	 4.761310E+05	69900000	 6.022555E+00	 7.905798E+04	 1.131015E-03	 6.784639E+00
 37	 1.095000E+01	 1.094800E+01	 1.095200E+01	 4.852090E+05	69900000	 6.026957E+00	 8.050646E+04	 1.151738E-03	 6.766483E+00
 38	 1.095400E+01	 1.095200E+01	 1.095600E+01	 4.945460E+05	69900000	 6.031361E+00	 8.199575E+04	 1.173044E-03	 6.748153E+00
 39	 1.095800E+01	 1.095600E+01	 1.096000E+01	 5.041660E+05	69900000	 6.035767E+00	 8.352974E+04	 1.194989E-03	 6.729618E+00
 40	 1.096200E+01	 1.096000E+01	 1.096400E+01	 5.140030E+05	69900000	 6.040174E+00	 8.509738E+04	 1.217416E-03	 6.711025E+00
 41	 1.096600E+01	 1.096400E+01	 1.096800E+01	 5.240950E+05	69900000	 6.044583E+00	 8.670491E+04	 1.240414E-03	 6.692310E+00
 42	 1.097000E+01	 1.096800E+01	 1.097200E+01	 5.332100E+05	69900000	 6.048993E+00	 8.814855E+04	 1.261067E-03	 6.675797E+00
 43	 1.097400E+01	 1.097200E+01	 1.097600E+01	 5.435470E+05	69900000	 6.053406E+00	 8.979194E+04	 1.284577E-03	 6.657326E+00
 44	 1.097800E+01	 1.097600E+01	 1.098000E+01	 5.536080E+05	69900000	 6.057819E+00	 9.138734E+04	 1.307401E-03	 6.639714E+00
 45	 1.098200E+01	 1.098000E+01	 1.098400E+01	 5.654150E+05	69900000	 6.062235E+00	 9.326841E+04	 1.334312E-03	 6.619339E+00
 46	 1.098600E+01	 1.098400E+01	 1.098800E+01	 5.748330E+05	69900000	 6.066651E+00	 9.475293E+04	 1.355550E-03	 6.603548E+00
 47	 1.099000E+01	 1.098800E+01	 1.099200E+01	 5.850620E+05	69900000	 6.071070E+00	 9.636884E+04	 1.378667E-03	 6.586638E+00
 48	 1.099400E+01	 1.099200E+01	 1.099600E+01	 5.954810E+05	69900000	 6.075490E+00	 9.801366E+04	 1.402198E-03	 6.569714E+00
 49	 1.099800E+01	 1.099600E+01	 1.100000E+01	 6.068460E+05	69900000	 6.079912E+00	 9.981164E+04	 1.427921E-03	 6.551536E+00
 50	 1.100200E+01	 1.100000E+01	 1.100400E+01	 6.188560E+05	69900000	 6.084335E+00	 1.017130E+05	 1.455122E-03	 6.532666E+00
 51	 1.100600E+01	 1.100400E+01	 1.100800E+01	 6.295500E+05	69900000	 6.088760E+00	 1.033954E+05	 1.479191E-03	 6.516260E+00
 52	 1.101000E+01	 1.100800E+01	 1.101200E+01	 6.432450E+05	69900000	 6.093187E+00	 1.055679E+05	 1.510271E-03	 6.495466E+00
 53	 1.101400E+01	 1.101200E+01	 1.101600E+01	 6.546640E+05	69900000	 6.097615E+00	 1.073639E+05	 1.535965E-03	 6.478597E+00
 54	 1.101800E+01	 1.101600E+01	 1.102000E+01	 6.679530E+05	69900000	 6.102045E+00	 1.094638E+05	 1.566006E-03	 6.459227E+00
 55	 1.102200E+01	 1.102000E+01	 1.102400E+01	 6.789500E+05	69900000	 6.106476E+00	 1.111852E+05	 1.590633E-03	 6.443623E+00
 56	 1.102600E+01	 1.102400E+01	 1.102800E+01	 6.904970E+05	69900000	 6.110909E+00	 1.129942E+05	 1.616511E-03	 6.427485E+00
 57	 1.103000E+01	 1.102800E+01	 1.103200E+01	 7.026320E+05	69900000	 6.115344E+00	 1.148966E+05	 1.643728E-03	 6.410789E+00
 58	 1.103400E+01	 1.103200E+01	 1.103600E+01	 7.178180E+05	69900000	 6.119780E+00	 1.172947E+05	 1.678036E-03	 6.390131E+00
 59	 1.103800E+01	 1.103600E+01	 1.104000E+01	 7.301370E+05	69900000	 6.124218E+00	 1.192213E+05	 1.705597E-03	 6.373840E+00
 60	 1.104200E+01	 1.104000E+01	 1.104400E+01	 7.427210E+05	69900000	 6.128657E+00	 1.211882E+05	 1.733737E-03	 6.357476E+00
 61	 1.104600E+01	 1.104400E+01	 1.104800E+01	 7.551810E+05	69900000	 6.133098E+00	 1.231321E+05	 1.761546E-03	 6.341564E+00
 62	 1.105000E+01	 1.104800E+01	 1.105200E+01	 7.699880E+05	69900000	 6.137541E+00	 1.254555E+05	 1.794785E-03	 6.322870E+00
 63	 1.105400E+01	 1.105200E+01	 1.105600E+01	 7.847170E+05	69900000	 6.141985E+00	 1.277628E+05	 1.827793E-03	 6.304646E+00
 64	 1.105800E+01	 1.105600E+01	 1.106000E+01	 8.005590E+05	69900000	 6.146431E+00	 1.302478E+05	 1.863344E-03	 6.285382E+00
 65	 1.106200E+01	 1.106000E+01	 1.106400E+01	 8.166050E+05	69900000	 6.150879E+00	 1.327623E+05	 1.899318E-03	 6.266260E+00
 66	 1.106600E+01	 1.106400E+01	 1.106800E+01	 8.290900E+05	69900000	 6.155328E+00	 1.346947E+05	 1.926963E-03	 6.251810E+00
 67	 1.107000E+01	 1.106800E+01	 1.107200E+01	 8.465390E+05	69900000	 6.159779E+00	 1.374301E+05	 1.966096E-03	 6.231705E+00
 68	 1.107400E+01	 1.107200E+01	 1.107600E+01	 8.579200E+05	69900000	 6.164231E+00	 1.391771E+05	 1.991089E-03	 6.219073E+00
 69	 1.107800E+01	 1.107600E+01	 1.108000E+01	 8.758380E+05	69900000	 6.168685E+00	 1.419813E+05	 2.031206E-03	 6.199125E+00
 70	 1.108200E+01	 1.108000E+01	 1.108400E+01	 8.921410E+05	69900000	 6.173140E+00	 1.445198E+05	 2.067522E-03	 6.181404E+00
 71	 1.108600E+01	 1.108400E+01	 1.108800E+01	 9.072580E+05	69900000	 6.177597E+00	 1.468626E+05	 2.101039E-03	 6.165323E+00
 72	 1.109000E+01	 1.108800E+01	 1.109200E+01	 9.253150E+05	69900000	 6.182056E+00	 1.496775E+05	 2.141310E-03	 6.146338E+00
 73	 1.109400E+01	 1.109200E+01	 1.109600E+01	 9.420140E+05	69900000	 6.186517E+00	 1.522689E+05	 2.178382E-03	 6.129173E+00
 74	 1.109800E+01	 1.109600E+01	 1.110000E+01	 9.606430E+05	69900000	 6.190979E+00	 1.551682E+05	 2.219860E-03	 6.110311E+00
 75	 1.110200E+01	 1.110000E+01	 1.110400E+01	 9.776720E+05	69900000	 6.195442E+00	 1.578050E+05	 2.257583E-03	 6.093461E+00
 76	 1.110600E+01	 1.110400E+01	 1.110800E+01	 9.950980E+05	69900000	 6.199907E+00	 1.605021E+05	 2.296167E-03	 6.076514E+00
 77	 1.111000E+01	 1.110800E+01	 1.111200E+01	 1.012472E+06	69900000	 6.204374E+00	 1.631868E+05	 2.334575E-03	 6.059925E+00
 78	 1.111400E+01	 1.111200E+01	 1.111600E+01	 1.030900E+06	69900000	 6.208842E+00	 1.660374E+05	 2.375356E-03	 6.042608E+00
 79	 1.111800E+01	 1.111600E+01	 1.112000E+01	 1.048485E+06	69900000	 6.213312E+00	 1.687482E+05	 2.414137E-03	 6.026414E+00
 80	 1.112200E+01	 1.112000E+01	 1.112400E+01	 1.065979E+06	69900000	 6.217784E+00	 1.714403E+05	 2.452651E-03	 6.010586E+00
 81	 1.112600E+01	 1.112400E+01	 1.112800E+01	 1.086046E+06	69900000	 6.222257E+00	 1.745421E+05	 2.497026E-03	 5.992655E+00
 82	 1.113000E+01	 1.112800E+01	 1.113200E+01	 1.106191E+06	69900000	 6.226732E+00	 1.776519E+05	 2.541515E-03	 5.974995E+00
 83	 1.113400E+01	 1.113200E+01	 1.113600E+01	 1.124661E+06	69900000	 6.231209E+00	 1.804884E+05	 2.582095E-03	 5.959154E+00
 84	 1.113800E+01	 1.113600E+01	 1.114000E+01	 1.145583E+06	69900000	 6.235687E+00	 1.837140E+05	 2.628240E-03	 5.941441E+00
 85	 1.114200E+01	 1.114000E+01	 1.114400E+01	 1.166740E+06	69900000	 6.240166E+00	 1.869726E+05	 2.674858E-03	 5.923859E+00
 86	 1.114600E+01	 1.114400E+01	 1.114800E+01	 1.187870E+06	69900000	 6.244648E+00	 1.902221E+05	 2.721346E-03	 5.906629E+00
 87	 1.115000E+01	 1.114800E+01	 1.115200E+01	 1.212086E+06	69900000	 6.249130E+00	 1.939607E+05	 2.774832E-03	 5.887165E+00
 88	 1.115400E+01	 1.115200E+01	 1.115600E+01	 1.236785E+06	69900000	 6.253615E+00	 1.977712E+05	 2.829345E-03	 5.867710E+00
 89	 1.115800E+01	 1.115600E+01	 1.116000E+01	 1.255968E+06	69900000	 6.258101E+00	 2.006947E+05	 2.871169E-03	 5.853036E+00
 90	 1.116200E+01	 1.116000E+01	 1.116400E+01	 1.281957E+06	69900000	 6.262589E+00	 2.047008E+05	 2.928481E-03	 5.833271E+00
 91	 1.116600E+01	 1.116400E+01	 1.116800E+01	 1.302397E+06	69900000	 6.267078E+00	 2.078157E+05	 2.973042E-03	 5.818169E+00
 92	 1.117000E+01	 1.116800E+01	 1.117200E+01	 1.327579E+06	69900000	 6.271569E+00	 2.116821E+05	 3.028356E-03	 5.799735E+00
 93	 1.117400E+01	 1.117200E+01	 1.117600E+01	 1.349903E+06	69900000	 6.276061E+00	 2.150876E+05	 3.077076E-03	 5.783776E+00
 94	 1.117800E+01	 1.117600E+01	 1.118000E+01	 1.377919E+06	69900000	 6.280556E+00	 2.193944E+05	 3.138690E-03	 5.763950E+00
 95	 1.118200E+01	 1.118000E+01	 1.118400E+01	 1.401271E+06	69900000	 6.285051E+00	 2.229530E+05	 3.189599E-03	 5.747860E+00
 96	 1.118600E+01	 1.118400E+01	 1.118800E+01	 1.427447E+06	69900000	 6.289549E+00	 2.269554E+05	 3.246858E-03	 5.730067E+00
 97	 1.119000E+01	 1.118800E+01	 1.119200E+01	 1.451705E+06	69900000	 6.294048E+00	 2.306473E+05	 3.299675E-03	 5.713931E+00
 98	 1.119400E+01	 1.119200E+01	 1.119600E+01	 1.482399E+06	69900000	 6.298548E+00	 2.353557E+05	 3.367034E-03	 5.693723E+00
 99	 1.119800E+01	 1.119600E+01	 1.120000E+01	 1.506922E+06	69900000	 6.303050E+00	 2.390782E+05	 3.420289E-03	 5.678030E+00
