# number of cycles:61390000
#1:rindex, 2:r 3:rwmin 4:rwmax, 5: hist_value 6: numof cycles 7:shell volume 8: normalized hist value 9: hist_values/ number of cycles 10: -log(hist_value/numcycles)
  0	 2.402000E+00	 2.400000E+00	 2.404000E+00	 2.407360E+05	61390000	 2.900119E-01	 8.300900E+05	 1.352158E-02	 4.303468E+00
  1	 2.406000E+00	 2.404000E+00	 2.408000E+00	 2.436830E+05	61390000	 2.909786E-01	 8.374601E+05	 1.364164E-02	 4.294629E+00
  2	 2.410000E+00	 2.408000E+00	 2.412000E+00	 2.485870E+05	61390000	 2.919469E-01	 8.514800E+05	 1.387001E-02	 4.278026E+00
  3	 2.414000E+00	 2.412000E+00	 2.416000E+00	 2.516260E+05	61390000	 2.929169E-01	 8.590355E+05	 1.399309E-02	 4.269192E+00
  4	 2.418000E+00	 2.416000E+00	 2.420000E+00	 2.556080E+05	61390000	 2.938884E-01	 8.697451E+05	 1.416754E-02	 4.256802E+00
  5	 2.422000E+00	 2.420000E+00	 2.424000E+00	 2.592280E+05	61390000	 2.948615E-01	 8.791516E+05	 1.432076E-02	 4.246045E+00
  6	 2.426000E+00	 2.424000E+00	 2.428000E+00	 2.634320E+05	61390000	 2.958363E-01	 8.904655E+05	 1.450506E-02	 4.233258E+00
  7	 2.430000E+00	 2.428000E+00	 2.432000E+00	 2.689110E+05	61390000	 2.968126E-01	 9.059958E+05	 1.475803E-02	 4.215968E+00
  8	 2.434000E+00	 2.432000E+00	 2.436000E+00	 2.713250E+05	61390000	 2.977906E-01	 9.111268E+05	 1.484162E-02	 4.210320E+00
  9	 2.438000E+00	 2.436000E+00	 2.440000E+00	 2.769640E+05	61390000	 2.987702E-01	 9.270135E+05	 1.510040E-02	 4.193034E+00
 10	 2.442000E+00	 2.440000E+00	 2.444000E+00	 2.811150E+05	61390000	 2.997514E-01	 9.378272E+05	 1.527655E-02	 4.181436E+00
 11	 2.446000E+00	 2.444000E+00	 2.448000E+00	 2.852510E+05	61390000	 3.007342E-01	 9.485155E+05	 1.545065E-02	 4.170104E+00
 12	 2.450000E+00	 2.448000E+00	 2.452000E+00	 2.906940E+05	61390000	 3.017186E-01	 9.634608E+05	 1.569410E-02	 4.154470E+00
 13	 2.454000E+00	 2.452000E+00	 2.456000E+00	 2.941940E+05	61390000	 3.027046E-01	 9.718849E+05	 1.583132E-02	 4.145765E+00
 14	 2.458000E+00	 2.456000E+00	 2.460000E+00	 2.999000E+05	61390000	 3.036922E-01	 9.875131E+05	 1.608589E-02	 4.129813E+00
 15	 2.462000E+00	 2.460000E+00	 2.464000E+00	 3.050250E+05	61390000	 3.046814E-01	 1.001128E+06	 1.630767E-02	 4.116120E+00
 16	 2.466000E+00	 2.464000E+00	 2.468000E+00	 3.095630E+05	61390000	 3.056722E-01	 1.012729E+06	 1.649664E-02	 4.104599E+00
 17	 2.470000E+00	 2.468000E+00	 2.472000E+00	 3.152580E+05	61390000	 3.066647E-01	 1.028022E+06	 1.674575E-02	 4.089611E+00
 18	 2.474000E+00	 2.472000E+00	 2.476000E+00	 3.199350E+05	61390000	 3.076587E-01	 1.039902E+06	 1.693928E-02	 4.078120E+00
 19	 2.478000E+00	 2.476000E+00	 2.480000E+00	 3.265560E+05	61390000	 3.086544E-01	 1.057999E+06	 1.723406E-02	 4.060868E+00
 20	 2.482000E+00	 2.480000E+00	 2.484000E+00	 3.310670E+05	61390000	 3.096517E-01	 1.069159E+06	 1.741586E-02	 4.050374E+00
 21	 2.486000E+00	 2.484000E+00	 2.488000E+00	 3.366120E+05	61390000	 3.106505E-01	 1.083571E+06	 1.765062E-02	 4.036985E+00
 22	 2.490000E+00	 2.488000E+00	 2.492000E+00	 3.439160E+05	61390000	 3.116510E-01	 1.103529E+06	 1.797572E-02	 4.018734E+00
 23	 2.494000E+00	 2.492000E+00	 2.496000E+00	 3.501730E+05	61390000	 3.126531E-01	 1.120005E+06	 1.824409E-02	 4.003914E+00
 24	 2.498000E+00	 2.496000E+00	 2.500000E+00	 3.557100E+05	61390000	 3.136568E-01	 1.134074E+06	 1.847327E-02	 3.991431E+00
 25	 2.502000E+00	 2.500000E+00	 2.504000E+00	 3.633830E+05	61390000	 3.146621E-01	 1.154836E+06	 1.881146E-02	 3.973289E+00
 26	 2.506000E+00	 2.504000E+00	 2.508000E+00	 3.674510E+05	61390000	 3.156690E-01	 1.164039E+06	 1.896137E-02	 3.965351E+00
 27	 2.510000E+00	 2.508000E+00	 2.512000E+00	 3.754870E+05	61390000	 3.166776E-01	 1.185708E+06	 1.931434E-02	 3.946907E+00
 28	 2.514000E+00	 2.512000E+00	 2.516000E+00	 3.813080E+05	61390000	 3.176877E-01	 1.200261E+06	 1.955140E-02	 3.934708E+00
 29	 2.518000E+00	 2.516000E+00	 2.520000E+00	 3.896060E+05	61390000	 3.186994E-01	 1.222487E+06	 1.991346E-02	 3.916359E+00
 30	 2.522000E+00	 2.520000E+00	 2.524000E+00	 3.947160E+05	61390000	 3.197128E-01	 1.234596E+06	 2.011069E-02	 3.906504E+00
 31	 2.526000E+00	 2.524000E+00	 2.528000E+00	 4.012300E+05	61390000	 3.207278E-01	 1.250999E+06	 2.037789E-02	 3.893305E+00
 32	 2.530000E+00	 2.528000E+00	 2.532000E+00	 4.077710E+05	61390000	 3.217443E-01	 1.267376E+06	 2.064466E-02	 3.880298E+00
 33	 2.534000E+00	 2.532000E+00	 2.536000E+00	 4.118900E+05	61390000	 3.227625E-01	 1.276140E+06	 2.078742E-02	 3.873407E+00
 34	 2.538000E+00	 2.536000E+00	 2.540000E+00	 4.176870E+05	61390000	 3.237823E-01	 1.290024E+06	 2.101359E-02	 3.862586E+00
 35	 2.542000E+00	 2.540000E+00	 2.544000E+00	 4.259280E+05	61390000	 3.248037E-01	 1.311340E+06	 2.136080E-02	 3.846198E+00
 36	 2.546000E+00	 2.544000E+00	 2.548000E+00	 4.327900E+05	61390000	 3.258267E-01	 1.328283E+06	 2.163679E-02	 3.833360E+00
 37	 2.550000E+00	 2.548000E+00	 2.552000E+00	 4.409380E+05	61390000	 3.268513E-01	 1.349048E+06	 2.197504E-02	 3.817848E+00
 38	 2.554000E+00	 2.552000E+00	 2.556000E+00	 4.462830E+05	61390000	 3.278775E-01	 1.361127E+06	 2.217181E-02	 3.808934E+00
 39	 2.558000E+00	 2.556000E+00	 2.560000E+00	 4.544430E+05	61390000	 3.289053E-01	 1.381683E+06	 2.250665E-02	 3.793944E+00
 40	 2.562000E+00	 2.560000E+00	 2.564000E+00	 4.611410E+05	61390000	 3.299348E-01	 1.397673E+06	 2.276711E-02	 3.782438E+00
 41	 2.566000E+00	 2.564000E+00	 2.568000E+00	 4.704050E+05	61390000	 3.309658E-01	 1.421310E+06	 2.315214E-02	 3.765668E+00
 42	 2.570000E+00	 2.568000E+00	 2.572000E+00	 4.777740E+05	61390000	 3.319985E-01	 1.439085E+06	 2.344168E-02	 3.753240E+00
 43	 2.574000E+00	 2.572000E+00	 2.576000E+00	 4.860830E+05	61390000	 3.330327E-01	 1.459565E+06	 2.377529E-02	 3.739108E+00
 44	 2.578000E+00	 2.576000E+00	 2.580000E+00	 4.931720E+05	61390000	 3.340686E-01	 1.476260E+06	 2.404723E-02	 3.727735E+00
 45	 2.582000E+00	 2.580000E+00	 2.584000E+00	 5.027720E+05	61390000	 3.351061E-01	 1.500337E+06	 2.443943E-02	 3.711557E+00
 46	 2.586000E+00	 2.584000E+00	 2.588000E+00	 5.116820E+05	61390000	 3.361452E-01	 1.522205E+06	 2.479566E-02	 3.697087E+00
 47	 2.590000E+00	 2.588000E+00	 2.592000E+00	 5.189400E+05	61390000	 3.371859E-01	 1.539032E+06	 2.506976E-02	 3.686093E+00
 48	 2.594000E+00	 2.592000E+00	 2.596000E+00	 5.279770E+05	61390000	 3.382282E-01	 1.561008E+06	 2.542773E-02	 3.671915E+00
 49	 2.598000E+00	 2.596000E+00	 2.600000E+00	 5.339270E+05	61390000	 3.392721E-01	 1.573743E+06	 2.563516E-02	 3.663790E+00
 50	 2.602000E+00	 2.600000E+00	 2.604000E+00	 5.439750E+05	61390000	 3.403176E-01	 1.598433E+06	 2.603736E-02	 3.648223E+00
 51	 2.606000E+00	 2.604000E+00	 2.608000E+00	 5.523870E+05	61390000	 3.413648E-01	 1.618172E+06	 2.635889E-02	 3.635950E+00
 52	 2.610000E+00	 2.608000E+00	 2.612000E+00	 5.629960E+05	61390000	 3.424135E-01	 1.644199E+06	 2.678285E-02	 3.619993E+00
 53	 2.614000E+00	 2.612000E+00	 2.616000E+00	 5.721330E+05	61390000	 3.434638E-01	 1.665774E+06	 2.713428E-02	 3.606957E+00
 54	 2.618000E+00	 2.616000E+00	 2.620000E+00	 5.828390E+05	61390000	 3.445158E-01	 1.691763E+06	 2.755763E-02	 3.591476E+00
 55	 2.622000E+00	 2.620000E+00	 2.624000E+00	 5.907970E+05	61390000	 3.455694E-01	 1.709634E+06	 2.784873E-02	 3.580968E+00
 56	 2.626000E+00	 2.624000E+00	 2.628000E+00	 6.043940E+05	61390000	 3.466245E-01	 1.743656E+06	 2.840293E-02	 3.561263E+00
 57	 2.630000E+00	 2.628000E+00	 2.632000E+00	 6.131290E+05	61390000	 3.476813E-01	 1.763480E+06	 2.872585E-02	 3.549958E+00
 58	 2.634000E+00	 2.632000E+00	 2.636000E+00	 6.242000E+05	61390000	 3.487397E-01	 1.789874E+06	 2.915578E-02	 3.535102E+00
 59	 2.638000E+00	 2.636000E+00	 2.640000E+00	 6.371400E+05	61390000	 3.497997E-01	 1.821442E+06	 2.967002E-02	 3.517618E+00
 60	 2.642000E+00	 2.640000E+00	 2.644000E+00	 6.464590E+05	61390000	 3.508613E-01	 1.842492E+06	 3.001289E-02	 3.506128E+00
 61	 2.646000E+00	 2.644000E+00	 2.648000E+00	 6.567230E+05	61390000	 3.519245E-01	 1.866090E+06	 3.039730E-02	 3.493401E+00
 62	 2.650000E+00	 2.648000E+00	 2.652000E+00	 6.681870E+05	61390000	 3.529894E-01	 1.892938E+06	 3.083463E-02	 3.479117E+00
 63	 2.654000E+00	 2.652000E+00	 2.656000E+00	 6.790360E+05	61390000	 3.540558E-01	 1.917879E+06	 3.124090E-02	 3.466027E+00
 64	 2.658000E+00	 2.656000E+00	 2.660000E+00	 6.922760E+05	61390000	 3.551238E-01	 1.949393E+06	 3.175425E-02	 3.449729E+00
 65	 2.662000E+00	 2.660000E+00	 2.664000E+00	 7.037210E+05	61390000	 3.561935E-01	 1.975671E+06	 3.218229E-02	 3.436339E+00
 66	 2.666000E+00	 2.664000E+00	 2.668000E+00	 7.179690E+05	61390000	 3.572647E-01	 2.009627E+06	 3.273542E-02	 3.419298E+00
 67	 2.670000E+00	 2.668000E+00	 2.672000E+00	 7.301840E+05	61390000	 3.583376E-01	 2.037699E+06	 3.319268E-02	 3.405426E+00
 68	 2.674000E+00	 2.672000E+00	 2.676000E+00	 7.433620E+05	61390000	 3.594121E-01	 2.068272E+06	 3.369070E-02	 3.390533E+00
 69	 2.678000E+00	 2.676000E+00	 2.680000E+00	 7.539730E+05	61390000	 3.604882E-01	 2.091533E+06	 3.406961E-02	 3.379349E+00
 70	 2.682000E+00	 2.680000E+00	 2.684000E+00	 7.679720E+05	61390000	 3.615658E-01	 2.124017E+06	 3.459875E-02	 3.363938E+00
 71	 2.686000E+00	 2.684000E+00	 2.688000E+00	 7.790910E+05	61390000	 3.626451E-01	 2.148356E+06	 3.499522E-02	 3.352544E+00
 72	 2.690000E+00	 2.688000E+00	 2.692000E+00	 7.964310E+05	61390000	 3.637261E-01	 2.189645E+06	 3.566778E-02	 3.333507E+00
 73	 2.694000E+00	 2.692000E+00	 2.696000E+00	 8.101300E+05	61390000	 3.648086E-01	 2.220699E+06	 3.617363E-02	 3.319425E+00
 74	 2.698000E+00	 2.696000E+00	 2.700000E+00	 8.228890E+05	61390000	 3.658927E-01	 2.248990E+06	 3.663447E-02	 3.306766E+00
 75	 2.702000E+00	 2.700000E+00	 2.704000E+00	 8.369230E+05	61390000	 3.669784E-01	 2.280578E+06	 3.714902E-02	 3.292818E+00
 76	 2.706000E+00	 2.704000E+00	 2.708000E+00	 8.543510E+05	61390000	 3.680658E-01	 2.321191E+06	 3.781057E-02	 3.275167E+00
 77	 2.710000E+00	 2.708000E+00	 2.712000E+00	 8.694440E+05	61390000	 3.691547E-01	 2.355229E+06	 3.836503E-02	 3.260609E+00
 78	 2.714000E+00	 2.712000E+00	 2.716000E+00	 8.847750E+05	61390000	 3.702453E-01	 2.389700E+06	 3.892653E-02	 3.246079E+00
 79	 2.718000E+00	 2.716000E+00	 2.720000E+00	 8.989480E+05	61390000	 3.713375E-01	 2.420838E+06	 3.943376E-02	 3.233133E+00
 80	 2.722000E+00	 2.720000E+00	 2.724000E+00	 9.153970E+05	61390000	 3.724312E-01	 2.457895E+06	 4.003739E-02	 3.217942E+00
 81	 2.726000E+00	 2.724000E+00	 2.728000E+00	 9.309140E+05	61390000	 3.735266E-01	 2.492229E+06	 4.059667E-02	 3.204069E+00
 82	 2.730000E+00	 2.728000E+00	 2.732000E+00	 9.471060E+05	61390000	 3.746236E-01	 2.528153E+06	 4.118185E-02	 3.189758E+00
 83	 2.734000E+00	 2.732000E+00	 2.736000E+00	 9.643820E+05	61390000	 3.757222E-01	 2.566742E+06	 4.181043E-02	 3.174610E+00
 84	 2.738000E+00	 2.736000E+00	 2.740000E+00	 9.824430E+05	61390000	 3.768224E-01	 2.607178E+06	 4.246909E-02	 3.158979E+00
 85	 2.742000E+00	 2.740000E+00	 2.744000E+00	 9.988140E+05	61390000	 3.779242E-01	 2.642895E+06	 4.305090E-02	 3.145372E+00
 86	 2.746000E+00	 2.744000E+00	 2.748000E+00	 1.017714E+06	61390000	 3.790277E-01	 2.685065E+06	 4.373783E-02	 3.129542E+00
 87	 2.750000E+00	 2.748000E+00	 2.752000E+00	 1.035251E+06	61390000	 3.801327E-01	 2.723394E+06	 4.436217E-02	 3.115368E+00
 88	 2.754000E+00	 2.752000E+00	 2.756000E+00	 1.055792E+06	61390000	 3.812394E-01	 2.769368E+06	 4.511106E-02	 3.098628E+00
 89	 2.758000E+00	 2.756000E+00	 2.760000E+00	 1.073753E+06	61390000	 3.823476E-01	 2.808316E+06	 4.574550E-02	 3.084662E+00
 90	 2.762000E+00	 2.760000E+00	 2.764000E+00	 1.093026E+06	61390000	 3.834575E-01	 2.850449E+06	 4.643181E-02	 3.069770E+00
 91	 2.766000E+00	 2.764000E+00	 2.768000E+00	 1.112723E+06	61390000	 3.845689E-01	 2.893429E+06	 4.713193E-02	 3.054805E+00
 92	 2.770000E+00	 2.768000E+00	 2.772000E+00	 1.131584E+06	61390000	 3.856820E-01	 2.933982E+06	 4.779250E-02	 3.040887E+00
 93	 2.774000E+00	 2.772000E+00	 2.776000E+00	 1.151605E+06	61390000	 3.867967E-01	 2.977287E+06	 4.849792E-02	 3.026234E+00
 94	 2.778000E+00	 2.776000E+00	 2.780000E+00	 1.172338E+06	61390000	 3.879130E-01	 3.022167E+06	 4.922898E-02	 3.011273E+00
 95	 2.782000E+00	 2.780000E+00	 2.784000E+00	 1.196246E+06	61390000	 3.890309E-01	 3.074938E+06	 5.008858E-02	 2.993962E+00
 96	 2.786000E+00	 2.784000E+00	 2.788000E+00	 1.214987E+06	61390000	 3.901504E-01	 3.114150E+06	 5.072732E-02	 2.981291E+00
 97	 2.790000E+00	 2.788000E+00	 2.792000E+00	 1.237926E+06	61390000	 3.912715E-01	 3.163854E+06	 5.153696E-02	 2.965456E+00
 98	 2.794000E+00	 2.792000E+00	 2.796000E+00	 1.259533E+06	61390000	 3.923943E-01	 3.209866E+06	 5.228646E-02	 2.951018E+00
 99	 2.798000E+00	 2.796000E+00	 2.800000E+00	 1.281780E+06	61390000	 3.935186E-01	 3.257228E+06	 5.305796E-02	 2.936370E+00
