# number of cycles:61720000
#1:rindex, 2:r 3:rwmin 4:rwmax, 5: hist_value 6: numof cycles 7:shell volume 8: normalized hist value 9: hist_values/ number of cycles 10: -log(hist_value/numcycles)
  0	 2.702000E+00	 2.700000E+00	 2.704000E+00	 2.068270E+05	61720000	 3.669784E-01	 5.635944E+05	 9.131472E-03	 4.696028E+00
  1	 2.706000E+00	 2.704000E+00	 2.708000E+00	 2.122130E+05	61720000	 3.680658E-01	 5.765627E+05	 9.341586E-03	 4.673279E+00
  2	 2.710000E+00	 2.708000E+00	 2.712000E+00	 2.166420E+05	61720000	 3.691547E-01	 5.868596E+05	 9.508419E-03	 4.655578E+00
  3	 2.714000E+00	 2.712000E+00	 2.716000E+00	 2.208760E+05	61720000	 3.702453E-01	 5.965667E+05	 9.665695E-03	 4.639172E+00
  4	 2.718000E+00	 2.716000E+00	 2.720000E+00	 2.251140E+05	61720000	 3.713375E-01	 6.062249E+05	 9.822179E-03	 4.623112E+00
  5	 2.722000E+00	 2.720000E+00	 2.724000E+00	 2.283790E+05	61720000	 3.724312E-01	 6.132112E+05	 9.935372E-03	 4.611654E+00
  6	 2.726000E+00	 2.724000E+00	 2.728000E+00	 2.325870E+05	61720000	 3.735266E-01	 6.226785E+05	 1.008876E-02	 4.596333E+00
  7	 2.730000E+00	 2.728000E+00	 2.732000E+00	 2.377260E+05	61720000	 3.746236E-01	 6.345729E+05	 1.028148E-02	 4.577411E+00
  8	 2.734000E+00	 2.732000E+00	 2.736000E+00	 2.414090E+05	61720000	 3.757222E-01	 6.425199E+05	 1.041024E-02	 4.564966E+00
  9	 2.738000E+00	 2.736000E+00	 2.740000E+00	 2.453130E+05	61720000	 3.768224E-01	 6.510042E+05	 1.054770E-02	 4.551847E+00
 10	 2.742000E+00	 2.740000E+00	 2.744000E+00	 2.499150E+05	61720000	 3.779242E-01	 6.612833E+05	 1.071425E-02	 4.536181E+00
 11	 2.746000E+00	 2.744000E+00	 2.748000E+00	 2.546960E+05	61720000	 3.790277E-01	 6.719720E+05	 1.088743E-02	 4.520147E+00
 12	 2.750000E+00	 2.748000E+00	 2.752000E+00	 2.601730E+05	61720000	 3.801327E-01	 6.844268E+05	 1.108922E-02	 4.501782E+00
 13	 2.754000E+00	 2.752000E+00	 2.756000E+00	 2.659870E+05	61720000	 3.812394E-01	 6.976903E+05	 1.130412E-02	 4.482588E+00
 14	 2.758000E+00	 2.756000E+00	 2.760000E+00	 2.702030E+05	61720000	 3.823476E-01	 7.066946E+05	 1.145001E-02	 4.469765E+00
 15	 2.762000E+00	 2.760000E+00	 2.764000E+00	 2.756390E+05	61720000	 3.834575E-01	 7.188255E+05	 1.164656E-02	 4.452745E+00
 16	 2.766000E+00	 2.764000E+00	 2.768000E+00	 2.803210E+05	61720000	 3.845689E-01	 7.289226E+05	 1.181015E-02	 4.438796E+00
 17	 2.770000E+00	 2.768000E+00	 2.772000E+00	 2.843370E+05	61720000	 3.856820E-01	 7.372317E+05	 1.194478E-02	 4.427461E+00
 18	 2.774000E+00	 2.772000E+00	 2.776000E+00	 2.900420E+05	61720000	 3.867967E-01	 7.498564E+05	 1.214933E-02	 4.410482E+00
 19	 2.778000E+00	 2.776000E+00	 2.780000E+00	 2.939960E+05	61720000	 3.879130E-01	 7.578916E+05	 1.227951E-02	 4.399823E+00
 20	 2.782000E+00	 2.780000E+00	 2.784000E+00	 2.999480E+05	61720000	 3.890309E-01	 7.710133E+05	 1.249211E-02	 4.382658E+00
 21	 2.786000E+00	 2.784000E+00	 2.788000E+00	 3.053560E+05	61720000	 3.901504E-01	 7.826622E+05	 1.268085E-02	 4.367662E+00
 22	 2.790000E+00	 2.788000E+00	 2.792000E+00	 3.109920E+05	61720000	 3.912715E-01	 7.948240E+05	 1.287790E-02	 4.352243E+00
 23	 2.794000E+00	 2.792000E+00	 2.796000E+00	 3.166010E+05	61720000	 3.923943E-01	 8.068441E+05	 1.307265E-02	 4.337233E+00
 24	 2.798000E+00	 2.796000E+00	 2.800000E+00	 3.227210E+05	61720000	 3.935186E-01	 8.200908E+05	 1.328728E-02	 4.320948E+00
 25	 2.802000E+00	 2.800000E+00	 2.804000E+00	 3.289440E+05	61720000	 3.946446E-01	 8.335197E+05	 1.350486E-02	 4.304706E+00
 26	 2.806000E+00	 2.804000E+00	 2.808000E+00	 3.344160E+05	61720000	 3.957721E-01	 8.449711E+05	 1.369039E-02	 4.291061E+00
 27	 2.810000E+00	 2.808000E+00	 2.812000E+00	 3.416980E+05	61720000	 3.969013E-01	 8.609143E+05	 1.394871E-02	 4.272368E+00
 28	 2.814000E+00	 2.812000E+00	 2.816000E+00	 3.474760E+05	61720000	 3.980320E-01	 8.729850E+05	 1.414428E-02	 4.258445E+00
 29	 2.818000E+00	 2.816000E+00	 2.820000E+00	 3.548340E+05	61720000	 3.991644E-01	 8.889419E+05	 1.440282E-02	 4.240331E+00
 30	 2.822000E+00	 2.820000E+00	 2.824000E+00	 3.597690E+05	61720000	 4.002984E-01	 8.987520E+05	 1.456176E-02	 4.229356E+00
 31	 2.826000E+00	 2.824000E+00	 2.828000E+00	 3.672410E+05	61720000	 4.014340E-01	 9.148228E+05	 1.482215E-02	 4.211633E+00
 32	 2.830000E+00	 2.828000E+00	 2.832000E+00	 3.746090E+05	61720000	 4.025712E-01	 9.305409E+05	 1.507681E-02	 4.194597E+00
 33	 2.834000E+00	 2.832000E+00	 2.836000E+00	 3.829030E+05	61720000	 4.037100E-01	 9.484604E+05	 1.536715E-02	 4.175523E+00
 34	 2.838000E+00	 2.836000E+00	 2.840000E+00	 3.893710E+05	61720000	 4.048505E-01	 9.617650E+05	 1.558271E-02	 4.161593E+00
 35	 2.842000E+00	 2.840000E+00	 2.844000E+00	 3.961970E+05	61720000	 4.059925E-01	 9.758727E+05	 1.581129E-02	 4.147031E+00
 36	 2.846000E+00	 2.844000E+00	 2.848000E+00	 4.047490E+05	61720000	 4.071361E-01	 9.941368E+05	 1.610721E-02	 4.128489E+00
 37	 2.850000E+00	 2.848000E+00	 2.852000E+00	 4.124860E+05	61720000	 4.082814E-01	 1.010298E+06	 1.636906E-02	 4.112362E+00
 38	 2.854000E+00	 2.852000E+00	 2.856000E+00	 4.200090E+05	61720000	 4.094282E-01	 1.025843E+06	 1.662091E-02	 4.097094E+00
 39	 2.858000E+00	 2.856000E+00	 2.860000E+00	 4.276910E+05	61720000	 4.105767E-01	 1.041684E+06	 1.687757E-02	 4.081770E+00
 40	 2.862000E+00	 2.860000E+00	 2.864000E+00	 4.358560E+05	61720000	 4.117268E-01	 1.058605E+06	 1.715173E-02	 4.065656E+00
 41	 2.866000E+00	 2.864000E+00	 2.868000E+00	 4.444860E+05	61720000	 4.128785E-01	 1.076554E+06	 1.744255E-02	 4.048843E+00
 42	 2.870000E+00	 2.868000E+00	 2.872000E+00	 4.520610E+05	61720000	 4.140318E-01	 1.091851E+06	 1.769039E-02	 4.034734E+00
 43	 2.874000E+00	 2.872000E+00	 2.876000E+00	 4.615250E+05	61720000	 4.151867E-01	 1.111608E+06	 1.801051E-02	 4.016800E+00
 44	 2.878000E+00	 2.876000E+00	 2.880000E+00	 4.691140E+05	61720000	 4.163432E-01	 1.126748E+06	 1.825581E-02	 4.003272E+00
 45	 2.882000E+00	 2.880000E+00	 2.884000E+00	 4.791420E+05	61720000	 4.175013E-01	 1.147642E+06	 1.859433E-02	 3.984899E+00
 46	 2.886000E+00	 2.884000E+00	 2.888000E+00	 4.884040E+05	61720000	 4.186610E-01	 1.166586E+06	 1.890126E-02	 3.968527E+00
 47	 2.890000E+00	 2.888000E+00	 2.892000E+00	 4.998100E+05	61720000	 4.198223E-01	 1.190527E+06	 1.928917E-02	 3.948212E+00
 48	 2.894000E+00	 2.892000E+00	 2.896000E+00	 5.096560E+05	61720000	 4.209853E-01	 1.210627E+06	 1.961482E-02	 3.931470E+00
 49	 2.898000E+00	 2.896000E+00	 2.900000E+00	 5.181610E+05	61720000	 4.221498E-01	 1.227434E+06	 1.988713E-02	 3.917682E+00
 50	 2.902000E+00	 2.900000E+00	 2.904000E+00	 5.284270E+05	61720000	 4.233160E-01	 1.248304E+06	 2.022527E-02	 3.900822E+00
 51	 2.906000E+00	 2.904000E+00	 2.908000E+00	 5.374340E+05	61720000	 4.244838E-01	 1.266088E+06	 2.051342E-02	 3.886676E+00
 52	 2.910000E+00	 2.908000E+00	 2.912000E+00	 5.487070E+05	61720000	 4.256531E-01	 1.289094E+06	 2.088617E-02	 3.868668E+00
 53	 2.914000E+00	 2.912000E+00	 2.916000E+00	 5.592100E+05	61720000	 4.268241E-01	 1.310165E+06	 2.122756E-02	 3.852455E+00
 54	 2.918000E+00	 2.916000E+00	 2.920000E+00	 5.704290E+05	61720000	 4.279967E-01	 1.332788E+06	 2.159411E-02	 3.835335E+00
 55	 2.922000E+00	 2.920000E+00	 2.924000E+00	 5.833040E+05	61720000	 4.291709E-01	 1.359142E+06	 2.202109E-02	 3.815755E+00
 56	 2.926000E+00	 2.924000E+00	 2.928000E+00	 5.932670E+05	61720000	 4.303467E-01	 1.378579E+06	 2.233602E-02	 3.801555E+00
 57	 2.930000E+00	 2.928000E+00	 2.932000E+00	 6.057540E+05	61720000	 4.315241E-01	 1.403755E+06	 2.274392E-02	 3.783458E+00
 58	 2.934000E+00	 2.932000E+00	 2.936000E+00	 6.162380E+05	61720000	 4.327032E-01	 1.424159E+06	 2.307451E-02	 3.769027E+00
 59	 2.938000E+00	 2.936000E+00	 2.940000E+00	 6.295600E+05	61720000	 4.338838E-01	 1.450988E+06	 2.350920E-02	 3.750364E+00
 60	 2.942000E+00	 2.940000E+00	 2.944000E+00	 6.424990E+05	61720000	 4.350660E-01	 1.476785E+06	 2.392717E-02	 3.732741E+00
 61	 2.946000E+00	 2.944000E+00	 2.948000E+00	 6.573160E+05	61720000	 4.362499E-01	 1.506742E+06	 2.441254E-02	 3.712658E+00
 62	 2.950000E+00	 2.948000E+00	 2.952000E+00	 6.693080E+05	61720000	 4.374354E-01	 1.530073E+06	 2.479055E-02	 3.697293E+00
 63	 2.954000E+00	 2.952000E+00	 2.956000E+00	 6.835860E+05	61720000	 4.386224E-01	 1.558484E+06	 2.525087E-02	 3.678895E+00
 64	 2.958000E+00	 2.956000E+00	 2.960000E+00	 6.968320E+05	61720000	 4.398111E-01	 1.584389E+06	 2.567060E-02	 3.662409E+00
 65	 2.962000E+00	 2.960000E+00	 2.964000E+00	 7.116130E+05	61720000	 4.410014E-01	 1.613630E+06	 2.614436E-02	 3.644122E+00
 66	 2.966000E+00	 2.964000E+00	 2.968000E+00	 7.249860E+05	61720000	 4.421933E-01	 1.639523E+06	 2.656388E-02	 3.628203E+00
 67	 2.970000E+00	 2.968000E+00	 2.972000E+00	 7.387650E+05	61720000	 4.433868E-01	 1.666186E+06	 2.699589E-02	 3.612071E+00
 68	 2.974000E+00	 2.972000E+00	 2.976000E+00	 7.539310E+05	61720000	 4.445819E-01	 1.695820E+06	 2.747602E-02	 3.594441E+00
 69	 2.978000E+00	 2.976000E+00	 2.980000E+00	 7.695730E+05	61720000	 4.457786E-01	 1.726357E+06	 2.797079E-02	 3.576595E+00
 70	 2.982000E+00	 2.980000E+00	 2.984000E+00	 7.843410E+05	61720000	 4.469770E-01	 1.754768E+06	 2.843111E-02	 3.560271E+00
 71	 2.986000E+00	 2.984000E+00	 2.988000E+00	 7.997140E+05	61720000	 4.481769E-01	 1.784371E+06	 2.891075E-02	 3.543542E+00
 72	 2.990000E+00	 2.988000E+00	 2.992000E+00	 8.173840E+05	61720000	 4.493784E-01	 1.818921E+06	 2.947053E-02	 3.524364E+00
 73	 2.994000E+00	 2.992000E+00	 2.996000E+00	 8.343270E+05	61720000	 4.505816E-01	 1.851667E+06	 3.000108E-02	 3.506522E+00
 74	 2.998000E+00	 2.996000E+00	 3.000000E+00	 8.483780E+05	61720000	 4.517864E-01	 1.877830E+06	 3.042498E-02	 3.492491E+00
 75	 3.002000E+00	 3.000000E+00	 3.004000E+00	 8.659510E+05	61720000	 4.529927E-01	 1.911622E+06	 3.097249E-02	 3.474656E+00
 76	 3.006000E+00	 3.004000E+00	 3.008000E+00	 8.830940E+05	61720000	 4.542007E-01	 1.944281E+06	 3.150164E-02	 3.457716E+00
 77	 3.010000E+00	 3.008000E+00	 3.012000E+00	 8.987050E+05	61720000	 4.554103E-01	 1.973396E+06	 3.197337E-02	 3.442852E+00
 78	 3.014000E+00	 3.012000E+00	 3.016000E+00	 9.185780E+05	61720000	 4.566215E-01	 2.011684E+06	 3.259371E-02	 3.423636E+00
 79	 3.018000E+00	 3.016000E+00	 3.020000E+00	 9.377550E+05	61720000	 4.578343E-01	 2.048241E+06	 3.318602E-02	 3.405627E+00
 80	 3.022000E+00	 3.020000E+00	 3.024000E+00	 9.557790E+05	61720000	 4.590487E-01	 2.082086E+06	 3.373438E-02	 3.389238E+00
 81	 3.026000E+00	 3.024000E+00	 3.028000E+00	 9.748780E+05	61720000	 4.602647E-01	 2.118081E+06	 3.431758E-02	 3.372098E+00
 82	 3.030000E+00	 3.028000E+00	 3.032000E+00	 9.957400E+05	61720000	 4.614824E-01	 2.157699E+06	 3.495948E-02	 3.353566E+00
 83	 3.034000E+00	 3.032000E+00	 3.036000E+00	 1.018714E+06	61720000	 4.627016E-01	 2.201665E+06	 3.567183E-02	 3.333394E+00
 84	 3.038000E+00	 3.036000E+00	 3.040000E+00	 1.038343E+06	61720000	 4.639225E-01	 2.238182E+06	 3.626348E-02	 3.316944E+00
 85	 3.042000E+00	 3.040000E+00	 3.044000E+00	 1.058918E+06	61720000	 4.651449E-01	 2.276534E+06	 3.688486E-02	 3.299954E+00
 86	 3.046000E+00	 3.044000E+00	 3.048000E+00	 1.081256E+06	61720000	 4.663690E-01	 2.318456E+06	 3.756410E-02	 3.281707E+00
 87	 3.050000E+00	 3.048000E+00	 3.052000E+00	 1.103457E+06	61720000	 4.675947E-01	 2.359858E+06	 3.823490E-02	 3.264007E+00
 88	 3.054000E+00	 3.052000E+00	 3.056000E+00	 1.123934E+06	61720000	 4.688219E-01	 2.397358E+06	 3.884248E-02	 3.248241E+00
 89	 3.058000E+00	 3.056000E+00	 3.060000E+00	 1.147820E+06	61720000	 4.700508E-01	 2.441906E+06	 3.956426E-02	 3.229829E+00
 90	 3.062000E+00	 3.060000E+00	 3.064000E+00	 1.171122E+06	61720000	 4.712813E-01	 2.484974E+06	 4.026206E-02	 3.212346E+00
 91	 3.066000E+00	 3.064000E+00	 3.068000E+00	 1.196667E+06	61720000	 4.725134E-01	 2.532557E+06	 4.103300E-02	 3.193379E+00
 92	 3.070000E+00	 3.068000E+00	 3.072000E+00	 1.220550E+06	61720000	 4.737471E-01	 2.576374E+06	 4.174294E-02	 3.176225E+00
 93	 3.074000E+00	 3.072000E+00	 3.076000E+00	 1.243663E+06	61720000	 4.749825E-01	 2.618335E+06	 4.242279E-02	 3.160070E+00
 94	 3.078000E+00	 3.076000E+00	 3.080000E+00	 1.269758E+06	61720000	 4.762194E-01	 2.666330E+06	 4.320042E-02	 3.141905E+00
 95	 3.082000E+00	 3.080000E+00	 3.084000E+00	 1.295837E+06	61720000	 4.774579E-01	 2.714034E+06	 4.397333E-02	 3.124172E+00
 96	 3.086000E+00	 3.084000E+00	 3.088000E+00	 1.322290E+06	61720000	 4.786981E-01	 2.762263E+06	 4.475475E-02	 3.106558E+00
 97	 3.090000E+00	 3.088000E+00	 3.092000E+00	 1.352611E+06	61720000	 4.799399E-01	 2.818293E+06	 4.566255E-02	 3.086477E+00
 98	 3.094000E+00	 3.092000E+00	 3.096000E+00	 1.382603E+06	61720000	 4.811832E-01	 2.873340E+06	 4.655444E-02	 3.067133E+00
 99	 3.098000E+00	 3.096000E+00	 3.100000E+00	 1.408474E+06	61720000	 4.824282E-01	 2.919552E+06	 4.730317E-02	 3.051178E+00
