# number of cycles:61210000
#1:rindex, 2:r 3:rwmin 4:rwmax, 5: hist_value 6: numof cycles 7:shell volume 8: normalized hist value 9: hist_values/ number of cycles 10: -log(hist_value/numcycles)
  0	 2.102000E+00	 2.100000E+00	 2.104000E+00	 2.611790E+05	61210000	 2.220932E-01	 1.175988E+06	 1.921235E-02	 3.952202E+00
  1	 2.106000E+00	 2.104000E+00	 2.108000E+00	 2.657050E+05	61210000	 2.229393E-01	 1.191827E+06	 1.947111E-02	 3.938823E+00
  2	 2.110000E+00	 2.108000E+00	 2.112000E+00	 2.685580E+05	61210000	 2.237870E-01	 1.200061E+06	 1.960564E-02	 3.931938E+00
  3	 2.114000E+00	 2.112000E+00	 2.116000E+00	 2.728770E+05	61210000	 2.246362E-01	 1.214751E+06	 1.984562E-02	 3.919772E+00
  4	 2.118000E+00	 2.116000E+00	 2.120000E+00	 2.761970E+05	61210000	 2.254871E-01	 1.224890E+06	 2.001128E-02	 3.911459E+00
  5	 2.122000E+00	 2.120000E+00	 2.124000E+00	 2.798060E+05	61210000	 2.263396E-01	 1.236222E+06	 2.019640E-02	 3.902251E+00
  6	 2.126000E+00	 2.124000E+00	 2.128000E+00	 2.845940E+05	61210000	 2.271937E-01	 1.252649E+06	 2.046478E-02	 3.889050E+00
  7	 2.130000E+00	 2.128000E+00	 2.132000E+00	 2.880930E+05	61210000	 2.280495E-01	 1.263292E+06	 2.063865E-02	 3.880590E+00
  8	 2.134000E+00	 2.132000E+00	 2.136000E+00	 2.924080E+05	61210000	 2.289068E-01	 1.277411E+06	 2.086931E-02	 3.869475E+00
  9	 2.138000E+00	 2.136000E+00	 2.140000E+00	 2.972700E+05	61210000	 2.297657E-01	 1.293796E+06	 2.113700E-02	 3.856730E+00
 10	 2.142000E+00	 2.140000E+00	 2.144000E+00	 3.021990E+05	61210000	 2.306263E-01	 1.310341E+06	 2.140730E-02	 3.844023E+00
 11	 2.146000E+00	 2.144000E+00	 2.148000E+00	 3.072190E+05	61210000	 2.314884E-01	 1.327146E+06	 2.168185E-02	 3.831280E+00
 12	 2.150000E+00	 2.148000E+00	 2.152000E+00	 3.114590E+05	61210000	 2.323522E-01	 1.340461E+06	 2.189938E-02	 3.821297E+00
 13	 2.154000E+00	 2.152000E+00	 2.156000E+00	 3.168590E+05	61210000	 2.332176E-01	 1.358641E+06	 2.219639E-02	 3.807825E+00
 14	 2.158000E+00	 2.156000E+00	 2.160000E+00	 3.225810E+05	61210000	 2.340845E-01	 1.378053E+06	 2.251353E-02	 3.793639E+00
 15	 2.162000E+00	 2.160000E+00	 2.164000E+00	 3.276910E+05	61210000	 2.349531E-01	 1.394708E+06	 2.278562E-02	 3.781626E+00
 16	 2.166000E+00	 2.164000E+00	 2.168000E+00	 3.309990E+05	61210000	 2.358233E-01	 1.403589E+06	 2.293071E-02	 3.775278E+00
 17	 2.170000E+00	 2.168000E+00	 2.172000E+00	 3.372270E+05	61210000	 2.366951E-01	 1.424731E+06	 2.327612E-02	 3.760327E+00
 18	 2.174000E+00	 2.172000E+00	 2.176000E+00	 3.422660E+05	61210000	 2.375685E-01	 1.440704E+06	 2.353707E-02	 3.749179E+00
 19	 2.178000E+00	 2.176000E+00	 2.180000E+00	 3.473310E+05	61210000	 2.384436E-01	 1.456659E+06	 2.379773E-02	 3.738165E+00
 20	 2.182000E+00	 2.180000E+00	 2.184000E+00	 3.535870E+05	61210000	 2.393202E-01	 1.477464E+06	 2.413763E-02	 3.723983E+00
 21	 2.186000E+00	 2.184000E+00	 2.188000E+00	 3.578630E+05	61210000	 2.401984E-01	 1.489864E+06	 2.434021E-02	 3.715626E+00
 22	 2.190000E+00	 2.188000E+00	 2.192000E+00	 3.620810E+05	61210000	 2.410783E-01	 1.501923E+06	 2.453722E-02	 3.707564E+00
 23	 2.194000E+00	 2.192000E+00	 2.196000E+00	 3.685160E+05	61210000	 2.419597E-01	 1.523047E+06	 2.488232E-02	 3.693598E+00
 24	 2.198000E+00	 2.196000E+00	 2.200000E+00	 3.725650E+05	61210000	 2.428428E-01	 1.534182E+06	 2.506423E-02	 3.686313E+00
 25	 2.202000E+00	 2.200000E+00	 2.204000E+00	 3.796850E+05	61210000	 2.437275E-01	 1.557826E+06	 2.545052E-02	 3.671019E+00
 26	 2.206000E+00	 2.204000E+00	 2.208000E+00	 3.850100E+05	61210000	 2.446138E-01	 1.573951E+06	 2.571395E-02	 3.660722E+00
 27	 2.210000E+00	 2.208000E+00	 2.212000E+00	 3.913200E+05	61210000	 2.455016E-01	 1.593961E+06	 2.604086E-02	 3.648089E+00
 28	 2.214000E+00	 2.212000E+00	 2.216000E+00	 3.947100E+05	61210000	 2.463911E-01	 1.601965E+06	 2.617162E-02	 3.643080E+00
 29	 2.218000E+00	 2.216000E+00	 2.220000E+00	 4.003590E+05	61210000	 2.472822E-01	 1.619037E+06	 2.645052E-02	 3.632479E+00
 30	 2.222000E+00	 2.220000E+00	 2.224000E+00	 4.071930E+05	61210000	 2.481750E-01	 1.640750E+06	 2.680526E-02	 3.619157E+00
 31	 2.226000E+00	 2.224000E+00	 2.228000E+00	 4.136210E+05	61210000	 2.490693E-01	 1.660666E+06	 2.713064E-02	 3.607092E+00
 32	 2.230000E+00	 2.228000E+00	 2.232000E+00	 4.203800E+05	61210000	 2.499652E-01	 1.681754E+06	 2.747515E-02	 3.594473E+00
 33	 2.234000E+00	 2.232000E+00	 2.236000E+00	 4.260810E+05	61210000	 2.508628E-01	 1.698463E+06	 2.774812E-02	 3.584587E+00
 34	 2.238000E+00	 2.236000E+00	 2.240000E+00	 4.329630E+05	61210000	 2.517619E-01	 1.719732E+06	 2.809560E-02	 3.572142E+00
 35	 2.242000E+00	 2.240000E+00	 2.244000E+00	 4.388890E+05	61210000	 2.526627E-01	 1.737055E+06	 2.837862E-02	 3.562119E+00
 36	 2.246000E+00	 2.244000E+00	 2.248000E+00	 4.457030E+05	61210000	 2.535650E-01	 1.757746E+06	 2.871665E-02	 3.550278E+00
 37	 2.250000E+00	 2.248000E+00	 2.252000E+00	 4.539400E+05	61210000	 2.544690E-01	 1.783871E+06	 2.914346E-02	 3.535525E+00
 38	 2.254000E+00	 2.252000E+00	 2.256000E+00	 4.597980E+05	61210000	 2.553746E-01	 1.800485E+06	 2.941488E-02	 3.526255E+00
 39	 2.258000E+00	 2.256000E+00	 2.260000E+00	 4.680760E+05	61210000	 2.562818E-01	 1.826412E+06	 2.983845E-02	 3.511957E+00
 40	 2.262000E+00	 2.260000E+00	 2.264000E+00	 4.762910E+05	61210000	 2.571906E-01	 1.851899E+06	 3.025485E-02	 3.498099E+00
 41	 2.266000E+00	 2.264000E+00	 2.268000E+00	 4.828510E+05	61210000	 2.581010E-01	 1.870783E+06	 3.056336E-02	 3.487953E+00
 42	 2.270000E+00	 2.268000E+00	 2.272000E+00	 4.903670E+05	61210000	 2.590130E-01	 1.893214E+06	 3.092981E-02	 3.476035E+00
 43	 2.274000E+00	 2.272000E+00	 2.276000E+00	 4.967910E+05	61210000	 2.599266E-01	 1.911274E+06	 3.122486E-02	 3.466541E+00
 44	 2.278000E+00	 2.276000E+00	 2.280000E+00	 5.050300E+05	61210000	 2.608419E-01	 1.936154E+06	 3.163133E-02	 3.453607E+00
 45	 2.282000E+00	 2.280000E+00	 2.284000E+00	 5.114040E+05	61210000	 2.617587E-01	 1.953723E+06	 3.191836E-02	 3.444574E+00
 46	 2.286000E+00	 2.284000E+00	 2.288000E+00	 5.199430E+05	61210000	 2.626772E-01	 1.979399E+06	 3.233784E-02	 3.431517E+00
 47	 2.290000E+00	 2.288000E+00	 2.292000E+00	 5.287760E+05	61210000	 2.635972E-01	 2.006000E+06	 3.277242E-02	 3.418168E+00
 48	 2.294000E+00	 2.292000E+00	 2.296000E+00	 5.351580E+05	61210000	 2.645189E-01	 2.023137E+06	 3.305240E-02	 3.409661E+00
 49	 2.298000E+00	 2.296000E+00	 2.300000E+00	 5.437220E+05	61210000	 2.654422E-01	 2.048363E+06	 3.346452E-02	 3.397269E+00
 50	 2.302000E+00	 2.300000E+00	 2.304000E+00	 5.554990E+05	61210000	 2.663670E-01	 2.085464E+06	 3.407065E-02	 3.379319E+00
 51	 2.306000E+00	 2.304000E+00	 2.308000E+00	 5.640880E+05	61210000	 2.672935E-01	 2.110369E+06	 3.447752E-02	 3.367448E+00
 52	 2.310000E+00	 2.308000E+00	 2.312000E+00	 5.723220E+05	61210000	 2.682216E-01	 2.133765E+06	 3.485975E-02	 3.356422E+00
 53	 2.314000E+00	 2.312000E+00	 2.316000E+00	 5.805390E+05	61210000	 2.691514E-01	 2.156924E+06	 3.523810E-02	 3.345627E+00
 54	 2.318000E+00	 2.316000E+00	 2.320000E+00	 5.889540E+05	61210000	 2.700827E-01	 2.180643E+06	 3.562561E-02	 3.334691E+00
 55	 2.322000E+00	 2.320000E+00	 2.324000E+00	 5.965490E+05	61210000	 2.710156E-01	 2.201161E+06	 3.596081E-02	 3.325326E+00
 56	 2.326000E+00	 2.324000E+00	 2.328000E+00	 6.076670E+05	61210000	 2.719501E-01	 2.234480E+06	 3.650514E-02	 3.310302E+00
 57	 2.330000E+00	 2.328000E+00	 2.332000E+00	 6.182860E+05	61210000	 2.728863E-01	 2.265728E+06	 3.701565E-02	 3.296415E+00
 58	 2.334000E+00	 2.332000E+00	 2.336000E+00	 6.265120E+05	61210000	 2.738240E-01	 2.288010E+06	 3.737967E-02	 3.286628E+00
 59	 2.338000E+00	 2.336000E+00	 2.340000E+00	 6.356690E+05	61210000	 2.747634E-01	 2.313514E+06	 3.779634E-02	 3.275543E+00
 60	 2.342000E+00	 2.340000E+00	 2.344000E+00	 6.456950E+05	61210000	 2.757044E-01	 2.341983E+06	 3.826145E-02	 3.263312E+00
 61	 2.346000E+00	 2.344000E+00	 2.348000E+00	 6.565920E+05	61210000	 2.766469E-01	 2.373393E+06	 3.877460E-02	 3.249990E+00
 62	 2.350000E+00	 2.348000E+00	 2.352000E+00	 6.682220E+05	61210000	 2.775911E-01	 2.407217E+06	 3.932718E-02	 3.235839E+00
 63	 2.354000E+00	 2.352000E+00	 2.356000E+00	 6.776480E+05	61210000	 2.785369E-01	 2.432884E+06	 3.974651E-02	 3.225233E+00
 64	 2.358000E+00	 2.356000E+00	 2.360000E+00	 6.896340E+05	61210000	 2.794843E-01	 2.467523E+06	 4.031242E-02	 3.211096E+00
 65	 2.362000E+00	 2.360000E+00	 2.364000E+00	 7.011250E+05	61210000	 2.804333E-01	 2.500149E+06	 4.084543E-02	 3.197960E+00
 66	 2.366000E+00	 2.364000E+00	 2.368000E+00	 7.131480E+05	61210000	 2.813840E-01	 2.534430E+06	 4.140549E-02	 3.184342E+00
 67	 2.370000E+00	 2.368000E+00	 2.372000E+00	 7.237190E+05	61210000	 2.823362E-01	 2.563324E+06	 4.187753E-02	 3.173006E+00
 68	 2.374000E+00	 2.372000E+00	 2.376000E+00	 7.352900E+05	61210000	 2.832900E-01	 2.595538E+06	 4.240382E-02	 3.160517E+00
 69	 2.378000E+00	 2.376000E+00	 2.380000E+00	 7.482480E+05	61210000	 2.842455E-01	 2.632401E+06	 4.300606E-02	 3.146414E+00
 70	 2.382000E+00	 2.380000E+00	 2.384000E+00	 7.610780E+05	61210000	 2.852025E-01	 2.668553E+06	 4.359668E-02	 3.132774E+00
 71	 2.386000E+00	 2.384000E+00	 2.388000E+00	 7.739290E+05	61210000	 2.861612E-01	 2.704521E+06	 4.418430E-02	 3.119386E+00
 72	 2.390000E+00	 2.388000E+00	 2.392000E+00	 7.859300E+05	61210000	 2.871215E-01	 2.737274E+06	 4.471939E-02	 3.107348E+00
 73	 2.394000E+00	 2.392000E+00	 2.396000E+00	 7.969130E+05	61210000	 2.880833E-01	 2.766259E+06	 4.519292E-02	 3.096815E+00
 74	 2.398000E+00	 2.396000E+00	 2.400000E+00	 8.109630E+05	61210000	 2.890468E-01	 2.805646E+06	 4.583639E-02	 3.082677E+00
 75	 2.402000E+00	 2.400000E+00	 2.404000E+00	 8.227830E+05	61210000	 2.900119E-01	 2.837066E+06	 4.634972E-02	 3.071540E+00
 76	 2.406000E+00	 2.404000E+00	 2.408000E+00	 8.363170E+05	61210000	 2.909786E-01	 2.874153E+06	 4.695561E-02	 3.058553E+00
 77	 2.410000E+00	 2.408000E+00	 2.412000E+00	 8.490760E+05	61210000	 2.919469E-01	 2.908323E+06	 4.751385E-02	 3.046734E+00
 78	 2.414000E+00	 2.412000E+00	 2.416000E+00	 8.628780E+05	61210000	 2.929169E-01	 2.945812E+06	 4.812632E-02	 3.033926E+00
 79	 2.418000E+00	 2.416000E+00	 2.420000E+00	 8.771450E+05	61210000	 2.938884E-01	 2.984619E+06	 4.876032E-02	 3.020838E+00
 80	 2.422000E+00	 2.420000E+00	 2.424000E+00	 8.911820E+05	61210000	 2.948615E-01	 3.022374E+06	 4.937714E-02	 3.008268E+00
 81	 2.426000E+00	 2.424000E+00	 2.428000E+00	 9.050970E+05	61210000	 2.958363E-01	 3.059452E+06	 4.998288E-02	 2.996075E+00
 82	 2.430000E+00	 2.428000E+00	 2.432000E+00	 9.208050E+05	61210000	 2.968126E-01	 3.102311E+06	 5.068307E-02	 2.982163E+00
 83	 2.434000E+00	 2.432000E+00	 2.436000E+00	 9.351860E+05	61210000	 2.977906E-01	 3.140415E+06	 5.130558E-02	 2.969956E+00
 84	 2.438000E+00	 2.436000E+00	 2.440000E+00	 9.519000E+05	61210000	 2.987702E-01	 3.186061E+06	 5.205131E-02	 2.955525E+00
 85	 2.442000E+00	 2.440000E+00	 2.444000E+00	 9.674520E+05	61210000	 2.997514E-01	 3.227515E+06	 5.272856E-02	 2.942598E+00
 86	 2.446000E+00	 2.444000E+00	 2.448000E+00	 9.829470E+05	61210000	 3.007342E-01	 3.268491E+06	 5.339800E-02	 2.929982E+00
 87	 2.450000E+00	 2.448000E+00	 2.452000E+00	 9.979780E+05	61210000	 3.017186E-01	 3.307645E+06	 5.403766E-02	 2.918074E+00
 88	 2.454000E+00	 2.452000E+00	 2.456000E+00	 1.013780E+06	61210000	 3.027046E-01	 3.349074E+06	 5.471449E-02	 2.905627E+00
 89	 2.458000E+00	 2.456000E+00	 2.460000E+00	 1.029073E+06	61210000	 3.036922E-01	 3.388540E+06	 5.535925E-02	 2.893912E+00
 90	 2.462000E+00	 2.460000E+00	 2.464000E+00	 1.047632E+06	61210000	 3.046814E-01	 3.438451E+06	 5.617466E-02	 2.879290E+00
 91	 2.466000E+00	 2.464000E+00	 2.468000E+00	 1.062326E+06	61210000	 3.056722E-01	 3.475376E+06	 5.677791E-02	 2.868608E+00
 92	 2.470000E+00	 2.468000E+00	 2.472000E+00	 1.080402E+06	61210000	 3.066647E-01	 3.523073E+06	 5.755714E-02	 2.854977E+00
 93	 2.474000E+00	 2.472000E+00	 2.476000E+00	 1.097725E+06	61210000	 3.076587E-01	 3.567996E+06	 5.829106E-02	 2.842307E+00
 94	 2.478000E+00	 2.476000E+00	 2.480000E+00	 1.116663E+06	61210000	 3.086544E-01	 3.617843E+06	 5.910542E-02	 2.828433E+00
 95	 2.482000E+00	 2.480000E+00	 2.484000E+00	 1.134159E+06	61210000	 3.096517E-01	 3.662693E+06	 5.983815E-02	 2.816112E+00
 96	 2.486000E+00	 2.484000E+00	 2.488000E+00	 1.155520E+06	61210000	 3.106505E-01	 3.719678E+06	 6.076913E-02	 2.800673E+00
 97	 2.490000E+00	 2.488000E+00	 2.492000E+00	 1.174149E+06	61210000	 3.116510E-01	 3.767512E+06	 6.155060E-02	 2.787896E+00
 98	 2.494000E+00	 2.492000E+00	 2.496000E+00	 1.195623E+06	61210000	 3.126531E-01	 3.824120E+06	 6.247541E-02	 2.772982E+00
 99	 2.498000E+00	 2.496000E+00	 2.500000E+00	 1.212793E+06	61210000	 3.136568E-01	 3.866624E+06	 6.316981E-02	 2.761929E+00
