# number of cycles:75950000
#1:rindex, 2:r 3:rwmin 4:rwmax, 5: hist_value 6: numof cycles 7:shell volume 8: normalized hist value 9: hist_values/ number of cycles 10: -log(hist_value/numcycles)
  0	 2.010200E+01	 2.010000E+01	 2.010400E+01	 7.410020E+05	75950000	 2.031180E+01	 3.648136E+04	 4.803339E-04	 7.641029E+00
  1	 2.010600E+01	 2.010400E+01	 2.010800E+01	 7.416980E+05	75950000	 2.031988E+01	 3.650110E+04	 4.805937E-04	 7.640488E+00
  2	 2.011000E+01	 2.010800E+01	 2.011200E+01	 7.434160E+05	75950000	 2.032797E+01	 3.657109E+04	 4.815153E-04	 7.638572E+00
  3	 2.011400E+01	 2.011200E+01	 2.011600E+01	 7.427210E+05	75950000	 2.033606E+01	 3.652237E+04	 4.808739E-04	 7.639906E+00
  4	 2.011800E+01	 2.011600E+01	 2.012000E+01	 7.431270E+05	75950000	 2.034415E+01	 3.652781E+04	 4.809454E-04	 7.639757E+00
  5	 2.012200E+01	 2.012000E+01	 2.012400E+01	 7.432900E+05	75950000	 2.035224E+01	 3.652129E+04	 4.808597E-04	 7.639935E+00
  6	 2.012600E+01	 2.012400E+01	 2.012800E+01	 7.428870E+05	75950000	 2.036033E+01	 3.648698E+04	 4.804080E-04	 7.640875E+00
  7	 2.013000E+01	 2.012800E+01	 2.013200E+01	 7.467150E+05	75950000	 2.036842E+01	 3.666042E+04	 4.826915E-04	 7.636133E+00
  8	 2.013400E+01	 2.013200E+01	 2.013600E+01	 7.460840E+05	75950000	 2.037652E+01	 3.661489E+04	 4.820920E-04	 7.637375E+00
  9	 2.013800E+01	 2.013600E+01	 2.014000E+01	 7.464390E+05	75950000	 2.038462E+01	 3.661776E+04	 4.821298E-04	 7.637297E+00
 10	 2.014200E+01	 2.014000E+01	 2.014400E+01	 7.464370E+05	75950000	 2.039271E+01	 3.660312E+04	 4.819371E-04	 7.637697E+00
 11	 2.014600E+01	 2.014400E+01	 2.014800E+01	 7.450960E+05	75950000	 2.040081E+01	 3.652285E+04	 4.808802E-04	 7.639892E+00
 12	 2.015000E+01	 2.014800E+01	 2.015200E+01	 7.457900E+05	75950000	 2.040892E+01	 3.654236E+04	 4.811371E-04	 7.639358E+00
 13	 2.015400E+01	 2.015200E+01	 2.015600E+01	 7.474630E+05	75950000	 2.041702E+01	 3.660980E+04	 4.820250E-04	 7.637515E+00
 14	 2.015800E+01	 2.015600E+01	 2.016000E+01	 7.459170E+05	75950000	 2.042513E+01	 3.651958E+04	 4.808371E-04	 7.639982E+00
 15	 2.016200E+01	 2.016000E+01	 2.016400E+01	 7.468150E+05	75950000	 2.043323E+01	 3.654904E+04	 4.812250E-04	 7.639176E+00
 16	 2.016600E+01	 2.016400E+01	 2.016800E+01	 7.446330E+05	75950000	 2.044134E+01	 3.642780E+04	 4.796287E-04	 7.642498E+00
 17	 2.017000E+01	 2.016800E+01	 2.017200E+01	 7.453890E+05	75950000	 2.044945E+01	 3.645032E+04	 4.799252E-04	 7.641880E+00
 18	 2.017400E+01	 2.017200E+01	 2.017600E+01	 7.461630E+05	75950000	 2.045756E+01	 3.647370E+04	 4.802330E-04	 7.641239E+00
 19	 2.017800E+01	 2.017600E+01	 2.018000E+01	 7.455740E+05	75950000	 2.046568E+01	 3.643046E+04	 4.796637E-04	 7.642425E+00
 20	 2.018200E+01	 2.018000E+01	 2.018400E+01	 7.473680E+05	75950000	 2.047379E+01	 3.650365E+04	 4.806273E-04	 7.640418E+00
 21	 2.018600E+01	 2.018400E+01	 2.018800E+01	 7.468120E+05	75950000	 2.048191E+01	 3.646203E+04	 4.800795E-04	 7.641559E+00
 22	 2.019000E+01	 2.018800E+01	 2.019200E+01	 7.472090E+05	75950000	 2.049003E+01	 3.646696E+04	 4.801444E-04	 7.641424E+00
 23	 2.019400E+01	 2.019200E+01	 2.019600E+01	 7.481970E+05	75950000	 2.049814E+01	 3.650072E+04	 4.805888E-04	 7.640499E+00
 24	 2.019800E+01	 2.019600E+01	 2.020000E+01	 7.485480E+05	75950000	 2.050627E+01	 3.650338E+04	 4.806238E-04	 7.640426E+00
 25	 2.020200E+01	 2.020000E+01	 2.020400E+01	 7.499670E+05	75950000	 2.051439E+01	 3.655810E+04	 4.813442E-04	 7.638928E+00
 26	 2.020600E+01	 2.020400E+01	 2.020800E+01	 7.477010E+05	75950000	 2.052251E+01	 3.643321E+04	 4.796999E-04	 7.642350E+00
 27	 2.021000E+01	 2.020800E+01	 2.021200E+01	 7.487570E+05	75950000	 2.053064E+01	 3.647022E+04	 4.801873E-04	 7.641334E+00
 28	 2.021400E+01	 2.021200E+01	 2.021600E+01	 7.489630E+05	75950000	 2.053877E+01	 3.646582E+04	 4.801293E-04	 7.641455E+00
 29	 2.021800E+01	 2.021600E+01	 2.022000E+01	 7.506440E+05	75950000	 2.054690E+01	 3.653321E+04	 4.810165E-04	 7.639609E+00
 30	 2.022200E+01	 2.022000E+01	 2.022400E+01	 7.504770E+05	75950000	 2.055503E+01	 3.651063E+04	 4.807193E-04	 7.640227E+00
 31	 2.022600E+01	 2.022400E+01	 2.022800E+01	 7.515540E+05	75950000	 2.056316E+01	 3.654856E+04	 4.812188E-04	 7.639189E+00
 32	 2.023000E+01	 2.022800E+01	 2.023200E+01	 7.536910E+05	75950000	 2.057129E+01	 3.663800E+04	 4.823963E-04	 7.636745E+00
 33	 2.023400E+01	 2.023200E+01	 2.023600E+01	 7.535320E+05	75950000	 2.057943E+01	 3.661579E+04	 4.821038E-04	 7.637351E+00
 34	 2.023800E+01	 2.023600E+01	 2.024000E+01	 7.526060E+05	75950000	 2.058757E+01	 3.655633E+04	 4.813211E-04	 7.638976E+00
 35	 2.024200E+01	 2.024000E+01	 2.024400E+01	 7.538340E+05	75950000	 2.059571E+01	 3.660151E+04	 4.819159E-04	 7.637741E+00
 36	 2.024600E+01	 2.024400E+01	 2.024800E+01	 7.545230E+05	75950000	 2.060385E+01	 3.662049E+04	 4.821658E-04	 7.637223E+00
 37	 2.025000E+01	 2.024800E+01	 2.025200E+01	 7.561490E+05	75950000	 2.061199E+01	 3.668491E+04	 4.830140E-04	 7.635465E+00
 38	 2.025400E+01	 2.025200E+01	 2.025600E+01	 7.568510E+05	75950000	 2.062013E+01	 3.670447E+04	 4.832715E-04	 7.634932E+00
 39	 2.025800E+01	 2.025600E+01	 2.026000E+01	 7.540170E+05	75950000	 2.062828E+01	 3.655259E+04	 4.812718E-04	 7.639078E+00
 40	 2.026200E+01	 2.026000E+01	 2.026400E+01	 7.536290E+05	75950000	 2.063643E+01	 3.651936E+04	 4.808342E-04	 7.639988E+00
 41	 2.026600E+01	 2.026400E+01	 2.026800E+01	 7.543220E+05	75950000	 2.064457E+01	 3.653851E+04	 4.810864E-04	 7.639464E+00
 42	 2.027000E+01	 2.026800E+01	 2.027200E+01	 7.559130E+05	75950000	 2.065272E+01	 3.660113E+04	 4.819108E-04	 7.637751E+00
 43	 2.027400E+01	 2.027200E+01	 2.027600E+01	 7.567220E+05	75950000	 2.066088E+01	 3.662584E+04	 4.822362E-04	 7.637076E+00
 44	 2.027800E+01	 2.027600E+01	 2.028000E+01	 7.555770E+05	75950000	 2.066903E+01	 3.655600E+04	 4.813166E-04	 7.638985E+00
 45	 2.028200E+01	 2.028000E+01	 2.028400E+01	 7.554430E+05	75950000	 2.067718E+01	 3.653510E+04	 4.810415E-04	 7.639557E+00
 46	 2.028600E+01	 2.028400E+01	 2.028800E+01	 7.543150E+05	75950000	 2.068534E+01	 3.646616E+04	 4.801338E-04	 7.641446E+00
 47	 2.029000E+01	 2.028800E+01	 2.029200E+01	 7.541470E+05	75950000	 2.069350E+01	 3.644367E+04	 4.798376E-04	 7.642063E+00
 48	 2.029400E+01	 2.029200E+01	 2.029600E+01	 7.558690E+05	75950000	 2.070166E+01	 3.651248E+04	 4.807437E-04	 7.640176E+00
 49	 2.029800E+01	 2.029600E+01	 2.030000E+01	 7.564300E+05	75950000	 2.070982E+01	 3.652518E+04	 4.809109E-04	 7.639829E+00
 50	 2.030200E+01	 2.030000E+01	 2.030400E+01	 7.561500E+05	75950000	 2.071798E+01	 3.649728E+04	 4.805435E-04	 7.640593E+00
 51	 2.030600E+01	 2.030400E+01	 2.030800E+01	 7.551740E+05	75950000	 2.072615E+01	 3.643581E+04	 4.797341E-04	 7.642278E+00
 52	 2.031000E+01	 2.030800E+01	 2.031200E+01	 7.560510E+05	75950000	 2.073432E+01	 3.646376E+04	 4.801021E-04	 7.641512E+00
 53	 2.031400E+01	 2.031200E+01	 2.031600E+01	 7.565590E+05	75950000	 2.074248E+01	 3.647389E+04	 4.802355E-04	 7.641234E+00
 54	 2.031800E+01	 2.031600E+01	 2.032000E+01	 7.562560E+05	75950000	 2.075065E+01	 3.644493E+04	 4.798542E-04	 7.642028E+00
 55	 2.032200E+01	 2.032000E+01	 2.032400E+01	 7.572520E+05	75950000	 2.075882E+01	 3.647856E+04	 4.802970E-04	 7.641106E+00
 56	 2.032600E+01	 2.032400E+01	 2.032800E+01	 7.590860E+05	75950000	 2.076700E+01	 3.655252E+04	 4.812708E-04	 7.639080E+00
 57	 2.033000E+01	 2.032800E+01	 2.033200E+01	 7.602690E+05	75950000	 2.077517E+01	 3.659508E+04	 4.818312E-04	 7.637917E+00
 58	 2.033400E+01	 2.033200E+01	 2.033600E+01	 7.587070E+05	75950000	 2.078335E+01	 3.650552E+04	 4.806521E-04	 7.640367E+00
 59	 2.033800E+01	 2.033600E+01	 2.034000E+01	 7.608090E+05	75950000	 2.079152E+01	 3.659227E+04	 4.817941E-04	 7.637994E+00
 60	 2.034200E+01	 2.034000E+01	 2.034400E+01	 7.616020E+05	75950000	 2.079970E+01	 3.661600E+04	 4.821067E-04	 7.637345E+00
 61	 2.034600E+01	 2.034400E+01	 2.034800E+01	 7.602280E+05	75950000	 2.080788E+01	 3.653557E+04	 4.810477E-04	 7.639544E+00
 62	 2.035000E+01	 2.034800E+01	 2.035200E+01	 7.619190E+05	75950000	 2.081607E+01	 3.660245E+04	 4.819282E-04	 7.637715E+00
 63	 2.035400E+01	 2.035200E+01	 2.035600E+01	 7.608600E+05	75950000	 2.082425E+01	 3.653721E+04	 4.810692E-04	 7.639499E+00
 64	 2.035800E+01	 2.035600E+01	 2.036000E+01	 7.598480E+05	75950000	 2.083244E+01	 3.647427E+04	 4.802406E-04	 7.641223E+00
 65	 2.036200E+01	 2.036000E+01	 2.036400E+01	 7.613340E+05	75950000	 2.084062E+01	 3.653125E+04	 4.809908E-04	 7.639663E+00
 66	 2.036600E+01	 2.036400E+01	 2.036800E+01	 7.612630E+05	75950000	 2.084881E+01	 3.651349E+04	 4.807570E-04	 7.640149E+00
 67	 2.037000E+01	 2.036800E+01	 2.037200E+01	 7.609040E+05	75950000	 2.085700E+01	 3.648194E+04	 4.803416E-04	 7.641013E+00
 68	 2.037400E+01	 2.037200E+01	 2.037600E+01	 7.620250E+05	75950000	 2.086520E+01	 3.652134E+04	 4.808604E-04	 7.639934E+00
 69	 2.037800E+01	 2.037600E+01	 2.038000E+01	 7.636520E+05	75950000	 2.087339E+01	 3.658495E+04	 4.816979E-04	 7.638193E+00
 70	 2.038200E+01	 2.038000E+01	 2.038400E+01	 7.632270E+05	75950000	 2.088158E+01	 3.655024E+04	 4.812409E-04	 7.639143E+00
 71	 2.038600E+01	 2.038400E+01	 2.038800E+01	 7.677930E+05	75950000	 2.088978E+01	 3.675448E+04	 4.839299E-04	 7.633570E+00
 72	 2.039000E+01	 2.038800E+01	 2.039200E+01	 7.668800E+05	75950000	 2.089798E+01	 3.669637E+04	 4.831648E-04	 7.635153E+00
 73	 2.039400E+01	 2.039200E+01	 2.039600E+01	 7.668840E+05	75950000	 2.090618E+01	 3.668217E+04	 4.829778E-04	 7.635540E+00
 74	 2.039800E+01	 2.039600E+01	 2.040000E+01	 7.690230E+05	75950000	 2.091438E+01	 3.677006E+04	 4.841350E-04	 7.633147E+00
 75	 2.040200E+01	 2.040000E+01	 2.040400E+01	 7.708190E+05	75950000	 2.092259E+01	 3.684148E+04	 4.850754E-04	 7.631206E+00
 76	 2.040600E+01	 2.040400E+01	 2.040800E+01	 7.699360E+05	75950000	 2.093079E+01	 3.678485E+04	 4.843298E-04	 7.632744E+00
 77	 2.041000E+01	 2.040800E+01	 2.041200E+01	 7.709070E+05	75950000	 2.093900E+01	 3.681681E+04	 4.847506E-04	 7.631876E+00
 78	 2.041400E+01	 2.041200E+01	 2.041600E+01	 7.727930E+05	75950000	 2.094720E+01	 3.689242E+04	 4.857461E-04	 7.629824E+00
 79	 2.041800E+01	 2.041600E+01	 2.042000E+01	 7.700800E+05	75950000	 2.095541E+01	 3.674850E+04	 4.838512E-04	 7.633733E+00
 80	 2.042200E+01	 2.042000E+01	 2.042400E+01	 7.752550E+05	75950000	 2.096363E+01	 3.698096E+04	 4.869119E-04	 7.627427E+00
 81	 2.042600E+01	 2.042400E+01	 2.042800E+01	 7.730900E+05	75950000	 2.097184E+01	 3.686324E+04	 4.853620E-04	 7.630616E+00
 82	 2.043000E+01	 2.042800E+01	 2.043200E+01	 7.715310E+05	75950000	 2.098005E+01	 3.677450E+04	 4.841936E-04	 7.633026E+00
 83	 2.043400E+01	 2.043200E+01	 2.043600E+01	 7.735150E+05	75950000	 2.098827E+01	 3.685463E+04	 4.852486E-04	 7.630849E+00
 84	 2.043800E+01	 2.043600E+01	 2.044000E+01	 7.726620E+05	75950000	 2.099649E+01	 3.679958E+04	 4.845238E-04	 7.632344E+00
 85	 2.044200E+01	 2.044000E+01	 2.044400E+01	 7.749420E+05	75950000	 2.100471E+01	 3.689373E+04	 4.857634E-04	 7.629789E+00
 86	 2.044600E+01	 2.044400E+01	 2.044800E+01	 7.766000E+05	75950000	 2.101293E+01	 3.695820E+04	 4.866123E-04	 7.628043E+00
 87	 2.045000E+01	 2.044800E+01	 2.045200E+01	 7.762920E+05	75950000	 2.102115E+01	 3.692909E+04	 4.862290E-04	 7.628831E+00
 88	 2.045400E+01	 2.045200E+01	 2.045600E+01	 7.791400E+05	75950000	 2.102937E+01	 3.705008E+04	 4.878220E-04	 7.625560E+00
 89	 2.045800E+01	 2.045600E+01	 2.046000E+01	 7.789550E+05	75950000	 2.103760E+01	 3.702680E+04	 4.875155E-04	 7.626189E+00
 90	 2.046200E+01	 2.046000E+01	 2.046400E+01	 7.783800E+05	75950000	 2.104583E+01	 3.698500E+04	 4.869651E-04	 7.627318E+00
 91	 2.046600E+01	 2.046400E+01	 2.046800E+01	 7.796180E+05	75950000	 2.105406E+01	 3.702935E+04	 4.875490E-04	 7.626120E+00
 92	 2.047000E+01	 2.046800E+01	 2.047200E+01	 7.837390E+05	75950000	 2.106229E+01	 3.721054E+04	 4.899346E-04	 7.621239E+00
 93	 2.047400E+01	 2.047200E+01	 2.047600E+01	 7.846040E+05	75950000	 2.107052E+01	 3.723705E+04	 4.902837E-04	 7.620526E+00
 94	 2.047800E+01	 2.047600E+01	 2.048000E+01	 7.831850E+05	75950000	 2.107875E+01	 3.715519E+04	 4.892059E-04	 7.622727E+00
 95	 2.048200E+01	 2.048000E+01	 2.048400E+01	 7.840600E+05	75950000	 2.108699E+01	 3.718217E+04	 4.895611E-04	 7.622001E+00
 96	 2.048600E+01	 2.048400E+01	 2.048800E+01	 7.877330E+05	75950000	 2.109523E+01	 3.734177E+04	 4.916625E-04	 7.617718E+00
 97	 2.049000E+01	 2.048800E+01	 2.049200E+01	 7.888910E+05	75950000	 2.110347E+01	 3.738206E+04	 4.921930E-04	 7.616640E+00
 98	 2.049400E+01	 2.049200E+01	 2.049600E+01	 7.905370E+05	75950000	 2.111171E+01	 3.744544E+04	 4.930275E-04	 7.614946E+00
 99	 2.049800E+01	 2.049600E+01	 2.050000E+01	 7.885590E+05	75950000	 2.111995E+01	 3.733717E+04	 4.916019E-04	 7.617841E+00
