# number of cycles:61910000
#1:rindex, 2:r 3:rwmin 4:rwmax, 5: hist_value 6: numof cycles 7:shell volume 8: normalized hist value 9: hist_values/ number of cycles 10: -log(hist_value/numcycles)
  0	 3.302000E+00	 3.300000E+00	 3.304000E+00	 1.643990E+05	61910000	 5.480548E-01	 2.999682E+05	 4.845230E-03	 5.329761E+00
  1	 3.306000E+00	 3.304000E+00	 3.308000E+00	 1.686830E+05	61910000	 5.493834E-01	 3.070406E+05	 4.959466E-03	 5.306457E+00
  2	 3.310000E+00	 3.308000E+00	 3.312000E+00	 1.723150E+05	61910000	 5.507137E-01	 3.128940E+05	 5.054014E-03	 5.287573E+00
  3	 3.314000E+00	 3.312000E+00	 3.316000E+00	 1.766230E+05	61910000	 5.520455E-01	 3.199428E+05	 5.167870E-03	 5.265295E+00
  4	 3.318000E+00	 3.316000E+00	 3.320000E+00	 1.805350E+05	61910000	 5.533789E-01	 3.262412E+05	 5.269604E-03	 5.245800E+00
  5	 3.322000E+00	 3.320000E+00	 3.324000E+00	 1.840870E+05	61910000	 5.547140E-01	 3.318593E+05	 5.360351E-03	 5.228726E+00
  6	 3.326000E+00	 3.324000E+00	 3.328000E+00	 1.888090E+05	61910000	 5.560506E-01	 3.395536E+05	 5.484633E-03	 5.205805E+00
  7	 3.330000E+00	 3.328000E+00	 3.332000E+00	 1.926050E+05	61910000	 5.573889E-01	 3.455487E+05	 5.581468E-03	 5.188303E+00
  8	 3.334000E+00	 3.332000E+00	 3.336000E+00	 1.963240E+05	61910000	 5.587288E-01	 3.513762E+05	 5.675597E-03	 5.171580E+00
  9	 3.338000E+00	 3.336000E+00	 3.340000E+00	 2.006890E+05	61910000	 5.600703E-01	 3.583283E+05	 5.787890E-03	 5.151988E+00
 10	 3.342000E+00	 3.340000E+00	 3.344000E+00	 2.056010E+05	61910000	 5.614134E-01	 3.662204E+05	 5.915367E-03	 5.130202E+00
 11	 3.346000E+00	 3.344000E+00	 3.348000E+00	 2.099000E+05	61910000	 5.627581E-01	 3.729844E+05	 6.024623E-03	 5.111900E+00
 12	 3.350000E+00	 3.348000E+00	 3.352000E+00	 2.148680E+05	61910000	 5.641044E-01	 3.809011E+05	 6.152498E-03	 5.090897E+00
 13	 3.354000E+00	 3.352000E+00	 3.356000E+00	 2.178830E+05	61910000	 5.654523E-01	 3.853252E+05	 6.223957E-03	 5.079349E+00
 14	 3.358000E+00	 3.356000E+00	 3.360000E+00	 2.235370E+05	61910000	 5.668018E-01	 3.943830E+05	 6.370263E-03	 5.056114E+00
 15	 3.362000E+00	 3.360000E+00	 3.364000E+00	 2.283620E+05	61910000	 5.681530E-01	 4.019375E+05	 6.492288E-03	 5.037140E+00
 16	 3.366000E+00	 3.364000E+00	 3.368000E+00	 2.325740E+05	61910000	 5.695057E-01	 4.083787E+05	 6.596329E-03	 5.021242E+00
 17	 3.370000E+00	 3.368000E+00	 3.372000E+00	 2.367320E+05	61910000	 5.708601E-01	 4.146936E+05	 6.698329E-03	 5.005897E+00
 18	 3.374000E+00	 3.372000E+00	 3.376000E+00	 2.416410E+05	61910000	 5.722160E-01	 4.222898E+05	 6.821028E-03	 4.987745E+00
 19	 3.378000E+00	 3.376000E+00	 3.380000E+00	 2.481290E+05	61910000	 5.735736E-01	 4.326019E+05	 6.987593E-03	 4.963619E+00
 20	 3.382000E+00	 3.380000E+00	 3.384000E+00	 2.532680E+05	61910000	 5.749328E-01	 4.405176E+05	 7.115451E-03	 4.945487E+00
 21	 3.386000E+00	 3.384000E+00	 3.388000E+00	 2.588470E+05	61910000	 5.762936E-01	 4.491582E+05	 7.255019E-03	 4.926062E+00
 22	 3.390000E+00	 3.388000E+00	 3.392000E+00	 2.661730E+05	61910000	 5.776560E-01	 4.607812E+05	 7.442759E-03	 4.900514E+00
 23	 3.394000E+00	 3.392000E+00	 3.396000E+00	 2.719520E+05	61910000	 5.790200E-01	 4.696764E+05	 7.586438E-03	 4.881393E+00
 24	 3.398000E+00	 3.396000E+00	 3.400000E+00	 2.788600E+05	61910000	 5.803856E-01	 4.804737E+05	 7.760842E-03	 4.858665E+00
 25	 3.402000E+00	 3.400000E+00	 3.404000E+00	 2.843560E+05	61910000	 5.817528E-01	 4.887918E+05	 7.895200E-03	 4.841500E+00
 26	 3.406000E+00	 3.404000E+00	 3.408000E+00	 2.906470E+05	61910000	 5.831216E-01	 4.984329E+05	 8.050927E-03	 4.821968E+00
 27	 3.410000E+00	 3.408000E+00	 3.412000E+00	 2.964790E+05	61910000	 5.844921E-01	 5.072421E+05	 8.193218E-03	 4.804449E+00
 28	 3.414000E+00	 3.412000E+00	 3.416000E+00	 3.024110E+05	61910000	 5.858641E-01	 5.161794E+05	 8.337578E-03	 4.786983E+00
 29	 3.418000E+00	 3.416000E+00	 3.420000E+00	 3.100220E+05	61910000	 5.872378E-01	 5.279327E+05	 8.527422E-03	 4.764468E+00
 30	 3.422000E+00	 3.420000E+00	 3.424000E+00	 3.174470E+05	61910000	 5.886130E-01	 5.393136E+05	 8.711252E-03	 4.743140E+00
 31	 3.426000E+00	 3.424000E+00	 3.428000E+00	 3.236110E+05	61910000	 5.899899E-01	 5.485026E+05	 8.859677E-03	 4.726245E+00
 32	 3.430000E+00	 3.428000E+00	 3.432000E+00	 3.308580E+05	61910000	 5.913684E-01	 5.594787E+05	 9.036968E-03	 4.706432E+00
 33	 3.434000E+00	 3.432000E+00	 3.436000E+00	 3.390970E+05	61910000	 5.927485E-01	 5.720757E+05	 9.240441E-03	 4.684166E+00
 34	 3.438000E+00	 3.436000E+00	 3.440000E+00	 3.466470E+05	61910000	 5.941302E-01	 5.834530E+05	 9.424212E-03	 4.664473E+00
 35	 3.442000E+00	 3.440000E+00	 3.444000E+00	 3.548370E+05	61910000	 5.955135E-01	 5.958505E+05	 9.624463E-03	 4.643447E+00
 36	 3.446000E+00	 3.444000E+00	 3.448000E+00	 3.627310E+05	61910000	 5.968984E-01	 6.076931E+05	 9.815750E-03	 4.623767E+00
 37	 3.450000E+00	 3.448000E+00	 3.452000E+00	 3.710000E+05	61910000	 5.982849E-01	 6.201059E+05	 1.001625E-02	 4.603547E+00
 38	 3.454000E+00	 3.452000E+00	 3.456000E+00	 3.801030E+05	61910000	 5.996730E-01	 6.338504E+05	 1.023826E-02	 4.581624E+00
 39	 3.458000E+00	 3.456000E+00	 3.460000E+00	 3.901110E+05	61910000	 6.010628E-01	 6.490354E+05	 1.048353E-02	 4.557950E+00
 40	 3.462000E+00	 3.460000E+00	 3.464000E+00	 3.985910E+05	61910000	 6.024541E-01	 6.616122E+05	 1.068668E-02	 4.538757E+00
 41	 3.466000E+00	 3.464000E+00	 3.468000E+00	 4.078200E+05	61910000	 6.038471E-01	 6.753697E+05	 1.090889E-02	 4.518177E+00
 42	 3.470000E+00	 3.468000E+00	 3.472000E+00	 4.179060E+05	61910000	 6.052416E-01	 6.904779E+05	 1.115293E-02	 4.496053E+00
 43	 3.474000E+00	 3.472000E+00	 3.476000E+00	 4.285970E+05	61910000	 6.066378E-01	 7.065122E+05	 1.141192E-02	 4.473097E+00
 44	 3.478000E+00	 3.476000E+00	 3.480000E+00	 4.379570E+05	61910000	 6.080356E-01	 7.202818E+05	 1.163434E-02	 4.453794E+00
 45	 3.482000E+00	 3.480000E+00	 3.484000E+00	 4.476580E+05	61910000	 6.094350E-01	 7.345459E+05	 1.186474E-02	 4.434184E+00
 46	 3.486000E+00	 3.484000E+00	 3.488000E+00	 4.603920E+05	61910000	 6.108360E-01	 7.537080E+05	 1.217425E-02	 4.408432E+00
 47	 3.490000E+00	 3.488000E+00	 3.492000E+00	 4.685630E+05	61910000	 6.122386E-01	 7.653274E+05	 1.236194E-02	 4.393133E+00
 48	 3.494000E+00	 3.492000E+00	 3.496000E+00	 4.794700E+05	61910000	 6.136428E-01	 7.813503E+05	 1.262074E-02	 4.372413E+00
 49	 3.498000E+00	 3.496000E+00	 3.500000E+00	 4.892570E+05	61910000	 6.150486E-01	 7.954769E+05	 1.284892E-02	 4.354495E+00
 50	 3.502000E+00	 3.500000E+00	 3.504000E+00	 5.027260E+05	61910000	 6.164561E-01	 8.155098E+05	 1.317251E-02	 4.329624E+00
 51	 3.506000E+00	 3.504000E+00	 3.508000E+00	 5.139660E+05	61910000	 6.178651E-01	 8.318417E+05	 1.343631E-02	 4.309795E+00
 52	 3.510000E+00	 3.508000E+00	 3.512000E+00	 5.246310E+05	61910000	 6.192758E-01	 8.471686E+05	 1.368387E-02	 4.291537E+00
 53	 3.514000E+00	 3.512000E+00	 3.516000E+00	 5.372790E+05	61910000	 6.206880E-01	 8.656184E+05	 1.398188E-02	 4.269993E+00
 54	 3.518000E+00	 3.516000E+00	 3.520000E+00	 5.488450E+05	61910000	 6.221019E-01	 8.822429E+05	 1.425041E-02	 4.250970E+00
 55	 3.522000E+00	 3.520000E+00	 3.524000E+00	 5.596850E+05	61910000	 6.235174E-01	 8.976253E+05	 1.449887E-02	 4.233684E+00
 56	 3.526000E+00	 3.524000E+00	 3.528000E+00	 5.740940E+05	61910000	 6.249345E-01	 9.186467E+05	 1.483842E-02	 4.210535E+00
 57	 3.530000E+00	 3.528000E+00	 3.532000E+00	 5.898480E+05	61910000	 6.263532E-01	 9.417179E+05	 1.521108E-02	 4.185731E+00
 58	 3.534000E+00	 3.532000E+00	 3.536000E+00	 6.030820E+05	61910000	 6.277735E-01	 9.606682E+05	 1.551717E-02	 4.165808E+00
 59	 3.538000E+00	 3.536000E+00	 3.540000E+00	 6.176060E+05	61910000	 6.291954E-01	 9.815807E+05	 1.585496E-02	 4.144273E+00
 60	 3.542000E+00	 3.540000E+00	 3.544000E+00	 6.313440E+05	61910000	 6.306189E-01	 1.001150E+06	 1.617105E-02	 4.124533E+00
 61	 3.546000E+00	 3.544000E+00	 3.548000E+00	 6.468420E+05	61910000	 6.320440E-01	 1.023413E+06	 1.653066E-02	 4.102539E+00
 62	 3.550000E+00	 3.548000E+00	 3.552000E+00	 6.618050E+05	61910000	 6.334707E-01	 1.044729E+06	 1.687496E-02	 4.081925E+00
 63	 3.554000E+00	 3.552000E+00	 3.556000E+00	 6.800560E+05	61910000	 6.348991E-01	 1.071125E+06	 1.730132E-02	 4.056973E+00
 64	 3.558000E+00	 3.556000E+00	 3.560000E+00	 6.942130E+05	61910000	 6.363290E-01	 1.090965E+06	 1.762180E-02	 4.038619E+00
 65	 3.562000E+00	 3.560000E+00	 3.564000E+00	 7.095750E+05	61910000	 6.377606E-01	 1.112604E+06	 1.797131E-02	 4.018978E+00
 66	 3.566000E+00	 3.564000E+00	 3.568000E+00	 7.290650E+05	61910000	 6.391938E-01	 1.140601E+06	 1.842353E-02	 3.994126E+00
 67	 3.570000E+00	 3.568000E+00	 3.572000E+00	 7.443980E+05	61910000	 6.406285E-01	 1.161981E+06	 1.876887E-02	 3.975556E+00
 68	 3.574000E+00	 3.572000E+00	 3.576000E+00	 7.621120E+05	61910000	 6.420649E-01	 1.186970E+06	 1.917251E-02	 3.954278E+00
 69	 3.578000E+00	 3.576000E+00	 3.580000E+00	 7.782350E+05	61910000	 6.435029E-01	 1.209373E+06	 1.953437E-02	 3.935580E+00
 70	 3.582000E+00	 3.580000E+00	 3.584000E+00	 7.969760E+05	61910000	 6.449425E-01	 1.235732E+06	 1.996013E-02	 3.914018E+00
 71	 3.586000E+00	 3.584000E+00	 3.588000E+00	 8.166870E+05	61910000	 6.463837E-01	 1.263471E+06	 2.040819E-02	 3.891819E+00
 72	 3.590000E+00	 3.588000E+00	 3.592000E+00	 8.360530E+05	61910000	 6.478266E-01	 1.290551E+06	 2.084559E-02	 3.870613E+00
 73	 3.594000E+00	 3.592000E+00	 3.596000E+00	 8.566160E+05	61910000	 6.492710E-01	 1.319350E+06	 2.131078E-02	 3.848542E+00
 74	 3.598000E+00	 3.596000E+00	 3.600000E+00	 8.766750E+05	61910000	 6.507170E-01	 1.347245E+06	 2.176134E-02	 3.827620E+00
 75	 3.602000E+00	 3.600000E+00	 3.604000E+00	 8.977990E+05	61910000	 6.521647E-01	 1.376645E+06	 2.223622E-02	 3.806033E+00
 76	 3.606000E+00	 3.604000E+00	 3.608000E+00	 9.184570E+05	61910000	 6.536139E-01	 1.405198E+06	 2.269743E-02	 3.785503E+00
 77	 3.610000E+00	 3.608000E+00	 3.612000E+00	 9.390550E+05	61910000	 6.550648E-01	 1.433530E+06	 2.315506E-02	 3.765542E+00
 78	 3.614000E+00	 3.612000E+00	 3.616000E+00	 9.623400E+05	61910000	 6.565173E-01	 1.465826E+06	 2.367672E-02	 3.743263E+00
 79	 3.618000E+00	 3.616000E+00	 3.620000E+00	 9.853150E+05	61910000	 6.579713E-01	 1.497504E+06	 2.418841E-02	 3.721882E+00
 80	 3.622000E+00	 3.620000E+00	 3.624000E+00	 1.010359E+06	61910000	 6.594270E-01	 1.532177E+06	 2.474846E-02	 3.698992E+00
 81	 3.626000E+00	 3.624000E+00	 3.628000E+00	 1.034210E+06	61910000	 6.608843E-01	 1.564888E+06	 2.527682E-02	 3.677867E+00
 82	 3.630000E+00	 3.628000E+00	 3.632000E+00	 1.059095E+06	61910000	 6.623432E-01	 1.599012E+06	 2.582801E-02	 3.656296E+00
 83	 3.634000E+00	 3.632000E+00	 3.636000E+00	 1.084568E+06	61910000	 6.638037E-01	 1.633868E+06	 2.639103E-02	 3.634731E+00
 84	 3.638000E+00	 3.636000E+00	 3.640000E+00	 1.111383E+06	61910000	 6.652659E-01	 1.670585E+06	 2.698409E-02	 3.612508E+00
 85	 3.642000E+00	 3.640000E+00	 3.644000E+00	 1.138504E+06	61910000	 6.667296E-01	 1.707595E+06	 2.758189E-02	 3.590596E+00
 86	 3.646000E+00	 3.644000E+00	 3.648000E+00	 1.163601E+06	61910000	 6.681949E-01	 1.741409E+06	 2.812808E-02	 3.570987E+00
 87	 3.650000E+00	 3.648000E+00	 3.652000E+00	 1.190797E+06	61910000	 6.696619E-01	 1.778206E+06	 2.872244E-02	 3.550077E+00
 88	 3.654000E+00	 3.652000E+00	 3.656000E+00	 1.217784E+06	61910000	 6.711304E-01	 1.814527E+06	 2.930910E-02	 3.529857E+00
 89	 3.658000E+00	 3.656000E+00	 3.660000E+00	 1.248648E+06	61910000	 6.726006E-01	 1.856448E+06	 2.998624E-02	 3.507017E+00
 90	 3.662000E+00	 3.660000E+00	 3.664000E+00	 1.280327E+06	61910000	 6.740724E-01	 1.899391E+06	 3.067987E-02	 3.484148E+00
 91	 3.666000E+00	 3.664000E+00	 3.668000E+00	 1.308254E+06	61910000	 6.755458E-01	 1.936588E+06	 3.128070E-02	 3.464754E+00
 92	 3.670000E+00	 3.668000E+00	 3.672000E+00	 1.343225E+06	61910000	 6.770208E-01	 1.984023E+06	 3.204690E-02	 3.440555E+00
 93	 3.674000E+00	 3.672000E+00	 3.676000E+00	 1.375988E+06	61910000	 6.784974E-01	 2.027993E+06	 3.275712E-02	 3.418635E+00
 94	 3.678000E+00	 3.676000E+00	 3.680000E+00	 1.408365E+06	61910000	 6.799756E-01	 2.071199E+06	 3.345501E-02	 3.397554E+00
 95	 3.682000E+00	 3.680000E+00	 3.684000E+00	 1.444746E+06	61910000	 6.814554E-01	 2.120089E+06	 3.424469E-02	 3.374224E+00
 96	 3.686000E+00	 3.684000E+00	 3.688000E+00	 1.479842E+06	61910000	 6.829368E-01	 2.166880E+06	 3.500048E-02	 3.352393E+00
 97	 3.690000E+00	 3.688000E+00	 3.692000E+00	 1.517918E+06	61910000	 6.844198E-01	 2.217817E+06	 3.582324E-02	 3.329158E+00
 98	 3.694000E+00	 3.692000E+00	 3.696000E+00	 1.555959E+06	61910000	 6.859045E-01	 2.268478E+06	 3.664154E-02	 3.306573E+00
 99	 3.698000E+00	 3.696000E+00	 3.700000E+00	 1.591084E+06	61910000	 6.873907E-01	 2.314672E+06	 3.738769E-02	 3.286414E+00
