# number of cycles:62320000
#1:rindex, 2:r 3:rwmin 4:rwmax, 5: hist_value 6: numof cycles 7:shell volume 8: normalized hist value 9: hist_values/ number of cycles 10: -log(hist_value/numcycles)
  0	 4.202000E+00	 4.200000E+00	 4.204000E+00	 1.154580E+05	62320000	 8.875278E-01	 1.300895E+05	 2.087443E-03	 6.171815E+00
  1	 4.206000E+00	 4.204000E+00	 4.208000E+00	 1.185890E+05	62320000	 8.892183E-01	 1.333632E+05	 2.139974E-03	 6.146961E+00
  2	 4.210000E+00	 4.208000E+00	 4.212000E+00	 1.217120E+05	62320000	 8.909104E-01	 1.366153E+05	 2.192158E-03	 6.122869E+00
  3	 4.214000E+00	 4.212000E+00	 4.216000E+00	 1.262460E+05	62320000	 8.926042E-01	 1.414356E+05	 2.269506E-03	 6.088193E+00
  4	 4.218000E+00	 4.216000E+00	 4.220000E+00	 1.292290E+05	62320000	 8.942995E-01	 1.445030E+05	 2.318727E-03	 6.066737E+00
  5	 4.222000E+00	 4.220000E+00	 4.224000E+00	 1.330410E+05	62320000	 8.959965E-01	 1.484838E+05	 2.382603E-03	 6.039562E+00
  6	 4.226000E+00	 4.224000E+00	 4.228000E+00	 1.363640E+05	62320000	 8.976951E-01	 1.519046E+05	 2.437493E-03	 6.016785E+00
  7	 4.230000E+00	 4.228000E+00	 4.232000E+00	 1.403010E+05	62320000	 8.993953E-01	 1.559948E+05	 2.503126E-03	 5.990215E+00
  8	 4.234000E+00	 4.232000E+00	 4.236000E+00	 1.434760E+05	62320000	 9.010970E-01	 1.592237E+05	 2.554937E-03	 5.969728E+00
  9	 4.238000E+00	 4.236000E+00	 4.240000E+00	 1.473790E+05	62320000	 9.028004E-01	 1.632465E+05	 2.619488E-03	 5.944776E+00
 10	 4.242000E+00	 4.240000E+00	 4.244000E+00	 1.524600E+05	62320000	 9.045054E-01	 1.685562E+05	 2.704689E-03	 5.912768E+00
 11	 4.246000E+00	 4.244000E+00	 4.248000E+00	 1.549570E+05	62320000	 9.062121E-01	 1.709942E+05	 2.743809E-03	 5.898408E+00
 12	 4.250000E+00	 4.248000E+00	 4.252000E+00	 1.598150E+05	62320000	 9.079203E-01	 1.760232E+05	 2.824505E-03	 5.869422E+00
 13	 4.254000E+00	 4.252000E+00	 4.256000E+00	 1.642990E+05	62320000	 9.096301E-01	 1.806218E+05	 2.898295E-03	 5.843633E+00
 14	 4.258000E+00	 4.256000E+00	 4.260000E+00	 1.689650E+05	62320000	 9.113415E-01	 1.854025E+05	 2.975008E-03	 5.817509E+00
 15	 4.262000E+00	 4.260000E+00	 4.264000E+00	 1.734500E+05	62320000	 9.130546E-01	 1.899667E+05	 3.048247E-03	 5.793189E+00
 16	 4.266000E+00	 4.264000E+00	 4.268000E+00	 1.780500E+05	62320000	 9.147693E-01	 1.946392E+05	 3.123223E-03	 5.768890E+00
 17	 4.270000E+00	 4.268000E+00	 4.272000E+00	 1.838120E+05	62320000	 9.164855E-01	 2.005618E+05	 3.218258E-03	 5.738915E+00
 18	 4.274000E+00	 4.272000E+00	 4.276000E+00	 1.885660E+05	62320000	 9.182034E-01	 2.053641E+05	 3.295316E-03	 5.715253E+00
 19	 4.278000E+00	 4.276000E+00	 4.280000E+00	 1.940480E+05	62320000	 9.199229E-01	 2.109394E+05	 3.384779E-03	 5.688467E+00
 20	 4.282000E+00	 4.280000E+00	 4.284000E+00	 1.991060E+05	62320000	 9.216440E-01	 2.160335E+05	 3.466520E-03	 5.664604E+00
 21	 4.286000E+00	 4.284000E+00	 4.288000E+00	 2.041760E+05	62320000	 9.233667E-01	 2.211213E+05	 3.548159E-03	 5.641326E+00
 22	 4.290000E+00	 4.288000E+00	 4.292000E+00	 2.106660E+05	62320000	 9.250910E-01	 2.277246E+05	 3.654118E-03	 5.611901E+00
 23	 4.294000E+00	 4.292000E+00	 4.296000E+00	 2.156570E+05	62320000	 9.268169E-01	 2.326857E+05	 3.733724E-03	 5.590349E+00
 24	 4.298000E+00	 4.296000E+00	 4.300000E+00	 2.224230E+05	62320000	 9.285444E-01	 2.395394E+05	 3.843701E-03	 5.561320E+00
 25	 4.302000E+00	 4.300000E+00	 4.304000E+00	 2.284150E+05	62320000	 9.302735E-01	 2.455353E+05	 3.939912E-03	 5.536597E+00
 26	 4.306000E+00	 4.304000E+00	 4.308000E+00	 2.350930E+05	62320000	 9.320043E-01	 2.522446E+05	 4.047570E-03	 5.509639E+00
 27	 4.310000E+00	 4.308000E+00	 4.312000E+00	 2.414720E+05	62320000	 9.337366E-01	 2.586083E+05	 4.149683E-03	 5.484723E+00
 28	 4.314000E+00	 4.312000E+00	 4.316000E+00	 2.481060E+05	62320000	 9.354706E-01	 2.652205E+05	 4.255785E-03	 5.459476E+00
 29	 4.318000E+00	 4.316000E+00	 4.320000E+00	 2.551020E+05	62320000	 9.372062E-01	 2.721941E+05	 4.367685E-03	 5.433522E+00
 30	 4.322000E+00	 4.320000E+00	 4.324000E+00	 2.616380E+05	62320000	 9.389433E-01	 2.786515E+05	 4.471302E-03	 5.410076E+00
 31	 4.326000E+00	 4.324000E+00	 4.328000E+00	 2.694520E+05	62320000	 9.406821E-01	 2.864432E+05	 4.596329E-03	 5.382497E+00
 32	 4.330000E+00	 4.328000E+00	 4.332000E+00	 2.758960E+05	62320000	 9.424225E-01	 2.927519E+05	 4.697560E-03	 5.360712E+00
 33	 4.334000E+00	 4.332000E+00	 4.336000E+00	 2.832040E+05	62320000	 9.441645E-01	 2.999520E+05	 4.813093E-03	 5.336415E+00
 34	 4.338000E+00	 4.336000E+00	 4.340000E+00	 2.907010E+05	62320000	 9.459081E-01	 3.073248E+05	 4.931399E-03	 5.312133E+00
 35	 4.342000E+00	 4.340000E+00	 4.344000E+00	 2.986860E+05	62320000	 9.476533E-01	 3.151849E+05	 5.057524E-03	 5.286878E+00
 36	 4.346000E+00	 4.344000E+00	 4.348000E+00	 3.074530E+05	62320000	 9.494002E-01	 3.238392E+05	 5.196393E-03	 5.259791E+00
 37	 4.350000E+00	 4.348000E+00	 4.352000E+00	 3.152940E+05	62320000	 9.511486E-01	 3.314876E+05	 5.319121E-03	 5.236447E+00
 38	 4.354000E+00	 4.352000E+00	 4.356000E+00	 3.259060E+05	62320000	 9.528986E-01	 3.420154E+05	 5.488052E-03	 5.205182E+00
 39	 4.358000E+00	 4.356000E+00	 4.360000E+00	 3.350850E+05	62320000	 9.546503E-01	 3.510029E+05	 5.632267E-03	 5.179243E+00
 40	 4.362000E+00	 4.360000E+00	 4.364000E+00	 3.451860E+05	62320000	 9.564035E-01	 3.609209E+05	 5.791413E-03	 5.151379E+00
 41	 4.366000E+00	 4.364000E+00	 4.368000E+00	 3.535270E+05	62320000	 9.581584E-01	 3.689651E+05	 5.920492E-03	 5.129336E+00
 42	 4.370000E+00	 4.368000E+00	 4.372000E+00	 3.643230E+05	62320000	 9.599149E-01	 3.795368E+05	 6.090128E-03	 5.101086E+00
 43	 4.374000E+00	 4.372000E+00	 4.376000E+00	 3.752130E+05	62320000	 9.616730E-01	 3.901669E+05	 6.260702E-03	 5.073463E+00
 44	 4.378000E+00	 4.376000E+00	 4.380000E+00	 3.870550E+05	62320000	 9.634327E-01	 4.017458E+05	 6.446498E-03	 5.044218E+00
 45	 4.382000E+00	 4.380000E+00	 4.384000E+00	 3.979910E+05	62320000	 9.651940E-01	 4.123430E+05	 6.616544E-03	 5.018182E+00
 46	 4.386000E+00	 4.384000E+00	 4.388000E+00	 4.090370E+05	62320000	 9.669569E-01	 4.230147E+05	 6.787784E-03	 4.992631E+00
 47	 4.390000E+00	 4.388000E+00	 4.392000E+00	 4.208800E+05	62320000	 9.687214E-01	 4.344696E+05	 6.971592E-03	 4.965912E+00
 48	 4.394000E+00	 4.392000E+00	 4.396000E+00	 4.328540E+05	62320000	 9.704875E-01	 4.460171E+05	 7.156885E-03	 4.939680E+00
 49	 4.398000E+00	 4.396000E+00	 4.400000E+00	 4.442730E+05	62320000	 9.722553E-01	 4.569510E+05	 7.332333E-03	 4.915462E+00
 50	 4.402000E+00	 4.400000E+00	 4.404000E+00	 4.561660E+05	62320000	 9.740246E-01	 4.683311E+05	 7.514940E-03	 4.890862E+00
 51	 4.406000E+00	 4.404000E+00	 4.408000E+00	 4.699680E+05	62320000	 9.757956E-01	 4.816255E+05	 7.728265E-03	 4.862871E+00
 52	 4.410000E+00	 4.408000E+00	 4.412000E+00	 4.821540E+05	62320000	 9.775681E-01	 4.932178E+05	 7.914278E-03	 4.839087E+00
 53	 4.414000E+00	 4.412000E+00	 4.416000E+00	 4.958390E+05	62320000	 9.793423E-01	 5.062980E+05	 8.124165E-03	 4.812912E+00
 54	 4.418000E+00	 4.416000E+00	 4.420000E+00	 5.114940E+05	62320000	 9.811181E-01	 5.213379E+05	 8.365498E-03	 4.783639E+00
 55	 4.422000E+00	 4.420000E+00	 4.424000E+00	 5.249810E+05	62320000	 9.828955E-01	 5.341168E+05	 8.570552E-03	 4.759423E+00
 56	 4.426000E+00	 4.424000E+00	 4.428000E+00	 5.411830E+05	62320000	 9.846745E-01	 5.496060E+05	 8.819095E-03	 4.730836E+00
 57	 4.430000E+00	 4.428000E+00	 4.432000E+00	 5.536530E+05	62320000	 9.864551E-01	 5.612552E+05	 9.006020E-03	 4.709862E+00
 58	 4.434000E+00	 4.432000E+00	 4.436000E+00	 5.709740E+05	62320000	 9.882373E-01	 5.777701E+05	 9.271023E-03	 4.680862E+00
 59	 4.438000E+00	 4.436000E+00	 4.440000E+00	 5.874980E+05	62320000	 9.900211E-01	 5.934197E+05	 9.522139E-03	 4.654136E+00
 60	 4.442000E+00	 4.440000E+00	 4.444000E+00	 6.038590E+05	62320000	 9.918065E-01	 6.088476E+05	 9.769698E-03	 4.628470E+00
 61	 4.446000E+00	 4.444000E+00	 4.448000E+00	 6.202130E+05	62320000	 9.935936E-01	 6.242120E+05	 1.001624E-02	 4.603548E+00
 62	 4.450000E+00	 4.448000E+00	 4.452000E+00	 6.383940E+05	62320000	 9.953822E-01	 6.413556E+05	 1.029133E-02	 4.576454E+00
 63	 4.454000E+00	 4.452000E+00	 4.456000E+00	 6.563760E+05	62320000	 9.971725E-01	 6.582372E+05	 1.056221E-02	 4.550472E+00
 64	 4.458000E+00	 4.456000E+00	 4.460000E+00	 6.746490E+05	62320000	 9.989643E-01	 6.753484E+05	 1.083678E-02	 4.524809E+00
 65	 4.462000E+00	 4.460000E+00	 4.464000E+00	 6.940000E+05	62320000	 1.000758E+00	 6.934745E+05	 1.112764E-02	 4.498323E+00
 66	 4.466000E+00	 4.464000E+00	 4.468000E+00	 7.146000E+05	62320000	 1.002553E+00	 7.127804E+05	 1.143743E-02	 4.470864E+00
 67	 4.470000E+00	 4.468000E+00	 4.472000E+00	 7.360390E+05	62320000	 1.004350E+00	 7.328514E+05	 1.175949E-02	 4.443095E+00
 68	 4.474000E+00	 4.472000E+00	 4.476000E+00	 7.580790E+05	62320000	 1.006148E+00	 7.534469E+05	 1.208997E-02	 4.415379E+00
 69	 4.478000E+00	 4.476000E+00	 4.480000E+00	 7.812740E+05	62320000	 1.007948E+00	 7.751136E+05	 1.243764E-02	 4.387028E+00
 70	 4.482000E+00	 4.480000E+00	 4.484000E+00	 8.063500E+05	62320000	 1.009749E+00	 7.985646E+05	 1.281394E-02	 4.357222E+00
 71	 4.486000E+00	 4.484000E+00	 4.488000E+00	 8.288740E+05	62320000	 1.011552E+00	 8.194079E+05	 1.314839E-02	 4.331456E+00
 72	 4.490000E+00	 4.488000E+00	 4.492000E+00	 8.528230E+05	62320000	 1.013357E+00	 8.415819E+05	 1.350420E-02	 4.304754E+00
 73	 4.494000E+00	 4.492000E+00	 4.496000E+00	 8.784260E+05	62320000	 1.015163E+00	 8.653050E+05	 1.388487E-02	 4.276956E+00
 74	 4.498000E+00	 4.496000E+00	 4.500000E+00	 9.036960E+05	62320000	 1.016971E+00	 8.886149E+05	 1.425890E-02	 4.250374E+00
 75	 4.502000E+00	 4.500000E+00	 4.504000E+00	 9.306390E+05	62320000	 1.018781E+00	 9.134829E+05	 1.465794E-02	 4.222773E+00
 76	 4.506000E+00	 4.504000E+00	 4.508000E+00	 9.577580E+05	62320000	 1.020592E+00	 9.384336E+05	 1.505831E-02	 4.195826E+00
 77	 4.510000E+00	 4.508000E+00	 4.512000E+00	 9.864280E+05	62320000	 1.022405E+00	 9.648115E+05	 1.548157E-02	 4.168105E+00
 78	 4.514000E+00	 4.512000E+00	 4.516000E+00	 1.013891E+06	62320000	 1.024219E+00	 9.899159E+05	 1.588440E-02	 4.142418E+00
 79	 4.518000E+00	 4.516000E+00	 4.520000E+00	 1.045663E+06	62320000	 1.026035E+00	 1.019130E+06	 1.635317E-02	 4.113333E+00
 80	 4.522000E+00	 4.520000E+00	 4.524000E+00	 1.076314E+06	62320000	 1.027853E+00	 1.047148E+06	 1.680276E-02	 4.086212E+00
 81	 4.526000E+00	 4.524000E+00	 4.528000E+00	 1.107601E+06	62320000	 1.029672E+00	 1.075683E+06	 1.726064E-02	 4.059326E+00
 82	 4.530000E+00	 4.528000E+00	 4.532000E+00	 1.140315E+06	62320000	 1.031493E+00	 1.105500E+06	 1.773908E-02	 4.031985E+00
 83	 4.534000E+00	 4.532000E+00	 4.536000E+00	 1.176479E+06	62320000	 1.033315E+00	 1.138548E+06	 1.826938E-02	 4.002529E+00
 84	 4.538000E+00	 4.536000E+00	 4.540000E+00	 1.208317E+06	62320000	 1.035139E+00	 1.167299E+06	 1.873073E-02	 3.977590E+00
 85	 4.542000E+00	 4.540000E+00	 4.544000E+00	 1.243545E+06	62320000	 1.036965E+00	 1.199216E+06	 1.924287E-02	 3.950614E+00
 86	 4.546000E+00	 4.544000E+00	 4.548000E+00	 1.281714E+06	62320000	 1.038792E+00	 1.233850E+06	 1.979862E-02	 3.922143E+00
 87	 4.550000E+00	 4.548000E+00	 4.552000E+00	 1.322470E+06	62320000	 1.040621E+00	 1.270847E+06	 2.039228E-02	 3.892599E+00
 88	 4.554000E+00	 4.552000E+00	 4.556000E+00	 1.359165E+06	62320000	 1.042452E+00	 1.303816E+06	 2.092131E-02	 3.866987E+00
 89	 4.558000E+00	 4.556000E+00	 4.560000E+00	 1.401471E+06	62320000	 1.044284E+00	 1.342040E+06	 2.153467E-02	 3.838091E+00
 90	 4.562000E+00	 4.560000E+00	 4.564000E+00	 1.444017E+06	62320000	 1.046117E+00	 1.380358E+06	 2.214953E-02	 3.809939E+00
 91	 4.566000E+00	 4.564000E+00	 4.568000E+00	 1.484370E+06	62320000	 1.047953E+00	 1.416448E+06	 2.272862E-02	 3.784130E+00
 92	 4.570000E+00	 4.568000E+00	 4.572000E+00	 1.531498E+06	62320000	 1.049790E+00	 1.458862E+06	 2.340921E-02	 3.754626E+00
 93	 4.574000E+00	 4.572000E+00	 4.576000E+00	 1.573361E+06	62320000	 1.051628E+00	 1.496119E+06	 2.400705E-02	 3.729408E+00
 94	 4.578000E+00	 4.576000E+00	 4.580000E+00	 1.622659E+06	62320000	 1.053468E+00	 1.540302E+06	 2.471601E-02	 3.700304E+00
 95	 4.582000E+00	 4.580000E+00	 4.584000E+00	 1.672560E+06	62320000	 1.055310E+00	 1.584899E+06	 2.543163E-02	 3.671762E+00
 96	 4.586000E+00	 4.584000E+00	 4.588000E+00	 1.722042E+06	62320000	 1.057153E+00	 1.628943E+06	 2.613836E-02	 3.644351E+00
 97	 4.590000E+00	 4.588000E+00	 4.592000E+00	 1.775373E+06	62320000	 1.058998E+00	 1.676465E+06	 2.690091E-02	 3.615595E+00
 98	 4.594000E+00	 4.592000E+00	 4.596000E+00	 1.828593E+06	62320000	 1.060845E+00	 1.723714E+06	 2.765908E-02	 3.587801E+00
 99	 4.598000E+00	 4.596000E+00	 4.600000E+00	 1.888109E+06	62320000	 1.062693E+00	 1.776721E+06	 2.850965E-02	 3.557513E+00
