# number of cycles:64260000
#1:rindex, 2:r 3:rwmin 4:rwmax, 5: hist_value 6: numof cycles 7:shell volume 8: normalized hist value 9: hist_values/ number of cycles 10: -log(hist_value/numcycles)
  0	 6.902000E+00	 6.900000E+00	 6.904000E+00	 2.906000E+04	64260000	 2.394527E+00	 1.213601E+04	 1.888579E-04	 8.574516E+00
  1	 6.906000E+00	 6.904000E+00	 6.908000E+00	 3.038900E+04	64260000	 2.397303E+00	 1.267633E+04	 1.972662E-04	 8.530956E+00
  2	 6.910000E+00	 6.908000E+00	 6.912000E+00	 3.202700E+04	64260000	 2.400081E+00	 1.334413E+04	 2.076584E-04	 8.479616E+00
  3	 6.914000E+00	 6.912000E+00	 6.916000E+00	 3.302300E+04	64260000	 2.402861E+00	 1.374320E+04	 2.138687E-04	 8.450148E+00
  4	 6.918000E+00	 6.916000E+00	 6.920000E+00	 3.495300E+04	64260000	 2.405642E+00	 1.452959E+04	 2.261064E-04	 8.394505E+00
  5	 6.922000E+00	 6.920000E+00	 6.924000E+00	 3.693400E+04	64260000	 2.408425E+00	 1.533534E+04	 2.386451E-04	 8.340533E+00
  6	 6.926000E+00	 6.924000E+00	 6.928000E+00	 3.864900E+04	64260000	 2.411209E+00	 1.602889E+04	 2.494381E-04	 8.296300E+00
  7	 6.930000E+00	 6.928000E+00	 6.932000E+00	 4.090100E+04	64260000	 2.413995E+00	 1.694328E+04	 2.636677E-04	 8.240821E+00
  8	 6.934000E+00	 6.932000E+00	 6.936000E+00	 4.281500E+04	64260000	 2.416782E+00	 1.771570E+04	 2.756879E-04	 8.196241E+00
  9	 6.938000E+00	 6.936000E+00	 6.940000E+00	 4.496600E+04	64260000	 2.419571E+00	 1.858428E+04	 2.892045E-04	 8.148376E+00
 10	 6.942000E+00	 6.940000E+00	 6.944000E+00	 4.718300E+04	64260000	 2.422362E+00	 1.947809E+04	 3.031138E-04	 8.101402E+00
 11	 6.946000E+00	 6.944000E+00	 6.948000E+00	 4.959400E+04	64260000	 2.425155E+00	 2.044983E+04	 3.182358E-04	 8.052718E+00
 12	 6.950000E+00	 6.948000E+00	 6.952000E+00	 5.182500E+04	64260000	 2.427948E+00	 2.134518E+04	 3.321690E-04	 8.009867E+00
 13	 6.954000E+00	 6.952000E+00	 6.956000E+00	 5.462400E+04	64260000	 2.430744E+00	 2.247213E+04	 3.497064E-04	 7.958417E+00
 14	 6.958000E+00	 6.956000E+00	 6.960000E+00	 5.678200E+04	64260000	 2.433541E+00	 2.333308E+04	 3.631042E-04	 7.920821E+00
 15	 6.962000E+00	 6.960000E+00	 6.964000E+00	 5.982500E+04	64260000	 2.436340E+00	 2.455528E+04	 3.821238E-04	 7.869766E+00
 16	 6.966000E+00	 6.964000E+00	 6.968000E+00	 6.251300E+04	64260000	 2.439140E+00	 2.562911E+04	 3.988346E-04	 7.826964E+00
 17	 6.970000E+00	 6.968000E+00	 6.972000E+00	 6.553600E+04	64260000	 2.441942E+00	 2.683765E+04	 4.176416E-04	 7.780887E+00
 18	 6.974000E+00	 6.972000E+00	 6.976000E+00	 6.838200E+04	64260000	 2.444746E+00	 2.797100E+04	 4.352786E-04	 7.739524E+00
 19	 6.978000E+00	 6.976000E+00	 6.980000E+00	 7.125200E+04	64260000	 2.447551E+00	 2.911155E+04	 4.530275E-04	 7.699558E+00
 20	 6.982000E+00	 6.980000E+00	 6.984000E+00	 7.528800E+04	64260000	 2.450358E+00	 3.072531E+04	 4.781405E-04	 7.645606E+00
 21	 6.986000E+00	 6.984000E+00	 6.988000E+00	 7.855600E+04	64260000	 2.453166E+00	 3.202229E+04	 4.983238E-04	 7.604261E+00
 22	 6.990000E+00	 6.988000E+00	 6.992000E+00	 8.206800E+04	64260000	 2.455976E+00	 3.341563E+04	 5.200067E-04	 7.561669E+00
 23	 6.994000E+00	 6.992000E+00	 6.996000E+00	 8.590200E+04	64260000	 2.458788E+00	 3.493672E+04	 5.436776E-04	 7.517154E+00
 24	 6.998000E+00	 6.996000E+00	 7.000000E+00	 8.939700E+04	64260000	 2.461601E+00	 3.631660E+04	 5.651510E-04	 7.478418E+00
 25	 7.002000E+00	 7.000000E+00	 7.004000E+00	 9.384400E+04	64260000	 2.464416E+00	 3.807961E+04	 5.925865E-04	 7.431014E+00
 26	 7.006000E+00	 7.004000E+00	 7.008000E+00	 9.820500E+04	64260000	 2.467233E+00	 3.980370E+04	 6.194165E-04	 7.386733E+00
 27	 7.010000E+00	 7.008000E+00	 7.012000E+00	 1.033930E+05	64260000	 2.470051E+00	 4.185865E+04	 6.513952E-04	 7.336394E+00
 28	 7.014000E+00	 7.012000E+00	 7.016000E+00	 1.091990E+05	64260000	 2.472871E+00	 4.415880E+04	 6.871896E-04	 7.282900E+00
 29	 7.018000E+00	 7.016000E+00	 7.020000E+00	 1.133950E+05	64260000	 2.475692E+00	 4.580336E+04	 7.127818E-04	 7.246335E+00
 30	 7.022000E+00	 7.020000E+00	 7.024000E+00	 1.193690E+05	64260000	 2.478515E+00	 4.816151E+04	 7.494788E-04	 7.196133E+00
 31	 7.026000E+00	 7.024000E+00	 7.028000E+00	 1.250960E+05	64260000	 2.481339E+00	 5.041471E+04	 7.845426E-04	 7.150410E+00
 32	 7.030000E+00	 7.028000E+00	 7.032000E+00	 1.309630E+05	64260000	 2.484165E+00	 5.271911E+04	 8.204033E-04	 7.105715E+00
 33	 7.034000E+00	 7.032000E+00	 7.036000E+00	 1.361260E+05	64260000	 2.486993E+00	 5.473517E+04	 8.517767E-04	 7.068186E+00
 34	 7.038000E+00	 7.036000E+00	 7.040000E+00	 1.430850E+05	64260000	 2.489822E+00	 5.746795E+04	 8.943037E-04	 7.019465E+00
 35	 7.042000E+00	 7.040000E+00	 7.044000E+00	 1.498500E+05	64260000	 2.492653E+00	 6.011666E+04	 9.355223E-04	 6.974406E+00
 36	 7.046000E+00	 7.044000E+00	 7.048000E+00	 1.573740E+05	64260000	 2.495486E+00	 6.306347E+04	 9.813798E-04	 6.926551E+00
 37	 7.050000E+00	 7.048000E+00	 7.052000E+00	 1.652800E+05	64260000	 2.498320E+00	 6.615645E+04	 1.029512E-03	 6.878670E+00
 38	 7.054000E+00	 7.052000E+00	 7.056000E+00	 1.728600E+05	64260000	 2.501156E+00	 6.911204E+04	 1.075506E-03	 6.834964E+00
 39	 7.058000E+00	 7.056000E+00	 7.060000E+00	 1.799180E+05	64260000	 2.503993E+00	 7.185243E+04	 1.118152E-03	 6.796078E+00
 40	 7.062000E+00	 7.060000E+00	 7.064000E+00	 1.884420E+05	64260000	 2.506832E+00	 7.517136E+04	 1.169800E-03	 6.750922E+00
 41	 7.066000E+00	 7.064000E+00	 7.068000E+00	 1.975300E+05	64260000	 2.509673E+00	 7.870747E+04	 1.224828E-03	 6.704955E+00
 42	 7.070000E+00	 7.068000E+00	 7.072000E+00	 2.075740E+05	64260000	 2.512515E+00	 8.261602E+04	 1.285652E-03	 6.656489E+00
 43	 7.074000E+00	 7.072000E+00	 7.076000E+00	 2.166180E+05	64260000	 2.515359E+00	 8.611813E+04	 1.340151E-03	 6.614973E+00
 44	 7.078000E+00	 7.076000E+00	 7.080000E+00	 2.256630E+05	64260000	 2.518204E+00	 8.961266E+04	 1.394533E-03	 6.575196E+00
 45	 7.082000E+00	 7.080000E+00	 7.084000E+00	 2.365560E+05	64260000	 2.521051E+00	 9.383228E+04	 1.460197E-03	 6.529184E+00
 46	 7.086000E+00	 7.084000E+00	 7.088000E+00	 2.470590E+05	64260000	 2.523900E+00	 9.788779E+04	 1.523308E-03	 6.486871E+00
 47	 7.090000E+00	 7.088000E+00	 7.092000E+00	 2.586930E+05	64260000	 2.526750E+00	 1.023817E+05	 1.593242E-03	 6.441985E+00
 48	 7.094000E+00	 7.092000E+00	 7.096000E+00	 2.698610E+05	64260000	 2.529602E+00	 1.066812E+05	 1.660149E-03	 6.400848E+00
 49	 7.098000E+00	 7.096000E+00	 7.100000E+00	 2.843390E+05	64260000	 2.532456E+00	 1.122780E+05	 1.747245E-03	 6.349715E+00
 50	 7.102000E+00	 7.100000E+00	 7.104000E+00	 2.987090E+05	64260000	 2.535311E+00	 1.178195E+05	 1.833481E-03	 6.301539E+00
 51	 7.106000E+00	 7.104000E+00	 7.108000E+00	 3.139680E+05	64260000	 2.538167E+00	 1.236987E+05	 1.924972E-03	 6.252844E+00
 52	 7.110000E+00	 7.108000E+00	 7.112000E+00	 3.283240E+05	64260000	 2.541026E+00	 1.292092E+05	 2.010726E-03	 6.209260E+00
 53	 7.114000E+00	 7.112000E+00	 7.116000E+00	 3.450490E+05	64260000	 2.543886E+00	 1.356386E+05	 2.110778E-03	 6.160699E+00
 54	 7.118000E+00	 7.116000E+00	 7.120000E+00	 3.617880E+05	64260000	 2.546747E+00	 1.420589E+05	 2.210689E-03	 6.114451E+00
 55	 7.122000E+00	 7.120000E+00	 7.124000E+00	 3.795160E+05	64260000	 2.549610E+00	 1.488526E+05	 2.316411E-03	 6.067736E+00
 56	 7.126000E+00	 7.124000E+00	 7.128000E+00	 3.967080E+05	64260000	 2.552475E+00	 1.554209E+05	 2.418626E-03	 6.024556E+00
 57	 7.130000E+00	 7.128000E+00	 7.132000E+00	 4.150450E+05	64260000	 2.555341E+00	 1.624225E+05	 2.527584E-03	 5.980491E+00
 58	 7.134000E+00	 7.132000E+00	 7.136000E+00	 4.363890E+05	64260000	 2.558209E+00	 1.705838E+05	 2.654587E-03	 5.931466E+00
 59	 7.138000E+00	 7.136000E+00	 7.140000E+00	 4.569820E+05	64260000	 2.561079E+00	 1.784334E+05	 2.776741E-03	 5.886477E+00
 60	 7.142000E+00	 7.140000E+00	 7.144000E+00	 4.797990E+05	64260000	 2.563950E+00	 1.871327E+05	 2.912119E-03	 5.838874E+00
 61	 7.146000E+00	 7.144000E+00	 7.148000E+00	 5.023930E+05	64260000	 2.566823E+00	 1.957256E+05	 3.045839E-03	 5.793979E+00
 62	 7.150000E+00	 7.148000E+00	 7.152000E+00	 5.245170E+05	64260000	 2.569697E+00	 2.041163E+05	 3.176413E-03	 5.752003E+00
 63	 7.154000E+00	 7.152000E+00	 7.156000E+00	 5.500430E+05	64260000	 2.572573E+00	 2.138104E+05	 3.327271E-03	 5.705603E+00
 64	 7.158000E+00	 7.156000E+00	 7.160000E+00	 5.738720E+05	64260000	 2.575451E+00	 2.228239E+05	 3.467537E-03	 5.664311E+00
 65	 7.162000E+00	 7.160000E+00	 7.164000E+00	 6.022930E+05	64260000	 2.578330E+00	 2.335981E+05	 3.635202E-03	 5.617090E+00
 66	 7.166000E+00	 7.164000E+00	 7.168000E+00	 6.311080E+05	64260000	 2.581211E+00	 2.445008E+05	 3.804867E-03	 5.571474E+00
 67	 7.170000E+00	 7.168000E+00	 7.172000E+00	 6.619900E+05	64260000	 2.584093E+00	 2.561788E+05	 3.986599E-03	 5.524817E+00
 68	 7.174000E+00	 7.172000E+00	 7.176000E+00	 6.945630E+05	64260000	 2.586977E+00	 2.684844E+05	 4.178095E-03	 5.477900E+00
 69	 7.178000E+00	 7.176000E+00	 7.180000E+00	 7.275470E+05	64260000	 2.589863E+00	 2.809211E+05	 4.371632E-03	 5.432619E+00
 70	 7.182000E+00	 7.180000E+00	 7.184000E+00	 7.652640E+05	64260000	 2.592750E+00	 2.951553E+05	 4.593142E-03	 5.383191E+00
 71	 7.186000E+00	 7.184000E+00	 7.188000E+00	 7.998960E+05	64260000	 2.595639E+00	 3.081692E+05	 4.795662E-03	 5.340044E+00
 72	 7.190000E+00	 7.188000E+00	 7.192000E+00	 8.403190E+05	64260000	 2.598529E+00	 3.233825E+05	 5.032408E-03	 5.291857E+00
 73	 7.194000E+00	 7.192000E+00	 7.196000E+00	 8.799180E+05	64260000	 2.601421E+00	 3.382451E+05	 5.263696E-03	 5.246922E+00
 74	 7.198000E+00	 7.196000E+00	 7.200000E+00	 9.232800E+05	64260000	 2.604315E+00	 3.545193E+05	 5.516952E-03	 5.199930E+00
 75	 7.202000E+00	 7.200000E+00	 7.204000E+00	 9.667560E+05	64260000	 2.607210E+00	 3.708009E+05	 5.770322E-03	 5.155027E+00
 76	 7.206000E+00	 7.204000E+00	 7.208000E+00	 1.013894E+06	64260000	 2.610107E+00	 3.884492E+05	 6.044960E-03	 5.108530E+00
 77	 7.210000E+00	 7.208000E+00	 7.212000E+00	 1.062869E+06	64260000	 2.613006E+00	 4.067610E+05	 6.329926E-03	 5.062467E+00
 78	 7.214000E+00	 7.212000E+00	 7.216000E+00	 1.112043E+06	64260000	 2.615906E+00	 4.251082E+05	 6.615440E-03	 5.018349E+00
 79	 7.218000E+00	 7.216000E+00	 7.220000E+00	 1.164912E+06	64260000	 2.618808E+00	 4.448253E+05	 6.922274E-03	 4.973011E+00
 80	 7.222000E+00	 7.220000E+00	 7.224000E+00	 1.220836E+06	64260000	 2.621711E+00	 4.656638E+05	 7.246558E-03	 4.927229E+00
 81	 7.226000E+00	 7.224000E+00	 7.228000E+00	 1.278361E+06	64260000	 2.624616E+00	 4.870659E+05	 7.579613E-03	 4.882293E+00
 82	 7.230000E+00	 7.228000E+00	 7.232000E+00	 1.339849E+06	64260000	 2.627523E+00	 5.099286E+05	 7.935397E-03	 4.836422E+00
 83	 7.234000E+00	 7.232000E+00	 7.236000E+00	 1.403026E+06	64260000	 2.630431E+00	 5.333826E+05	 8.300383E-03	 4.791454E+00
 84	 7.238000E+00	 7.236000E+00	 7.240000E+00	 1.469432E+06	64260000	 2.633340E+00	 5.580106E+05	 8.683639E-03	 4.746315E+00
 85	 7.242000E+00	 7.240000E+00	 7.244000E+00	 1.538741E+06	64260000	 2.636252E+00	 5.836851E+05	 9.083180E-03	 4.701331E+00
 86	 7.246000E+00	 7.244000E+00	 7.248000E+00	 1.612279E+06	64260000	 2.639165E+00	 6.109050E+05	 9.506769E-03	 4.655751E+00
 87	 7.250000E+00	 7.248000E+00	 7.252000E+00	 1.692565E+06	64260000	 2.642079E+00	 6.406185E+05	 9.969165E-03	 4.608258E+00
 88	 7.254000E+00	 7.252000E+00	 7.256000E+00	 1.767830E+06	64260000	 2.644996E+00	 6.683678E+05	 1.040099E-02	 4.565854E+00
 89	 7.258000E+00	 7.256000E+00	 7.260000E+00	 1.857941E+06	64260000	 2.647913E+00	 7.016623E+05	 1.091911E-02	 4.517240E+00
 90	 7.262000E+00	 7.260000E+00	 7.264000E+00	 1.947627E+06	64260000	 2.650833E+00	 7.347227E+05	 1.143359E-02	 4.471200E+00
 91	 7.266000E+00	 7.264000E+00	 7.268000E+00	 2.037556E+06	64260000	 2.653754E+00	 7.678014E+05	 1.194836E-02	 4.427161E+00
 92	 7.270000E+00	 7.268000E+00	 7.272000E+00	 2.136520E+06	64260000	 2.656677E+00	 8.042078E+05	 1.251491E-02	 4.380835E+00
 93	 7.274000E+00	 7.272000E+00	 7.276000E+00	 2.236859E+06	64260000	 2.659601E+00	 8.410507E+05	 1.308825E-02	 4.336041E+00
 94	 7.278000E+00	 7.276000E+00	 7.280000E+00	 2.342179E+06	64260000	 2.662527E+00	 8.796828E+05	 1.368943E-02	 4.291131E+00
 95	 7.282000E+00	 7.280000E+00	 7.284000E+00	 2.452460E+06	64260000	 2.665454E+00	 9.200909E+05	 1.431825E-02	 4.246220E+00
 96	 7.286000E+00	 7.284000E+00	 7.288000E+00	 2.569230E+06	64260000	 2.668383E+00	 9.628415E+05	 1.498353E-02	 4.200804E+00
 97	 7.290000E+00	 7.288000E+00	 7.292000E+00	 2.689100E+06	64260000	 2.671314E+00	 1.006658E+06	 1.566539E-02	 4.156301E+00
 98	 7.294000E+00	 7.292000E+00	 7.296000E+00	 2.818892E+06	64260000	 2.674246E+00	 1.054088E+06	 1.640349E-02	 4.110261E+00
 99	 7.298000E+00	 7.296000E+00	 7.300000E+00	 2.946228E+06	64260000	 2.677180E+00	 1.100497E+06	 1.712569E-02	 4.067176E+00
