# number of cycles:63200000
#1:rindex, 2:r 3:rwmin 4:rwmax, 5: hist_value 6: numof cycles 7:shell volume 8: normalized hist value 9: hist_values/ number of cycles 10: -log(hist_value/numcycles)
  0	 6.002000E+00	 6.000000E+00	 6.004000E+00	 4.270300E+04	63200000	 1.810764E+00	 2.358286E+04	 3.731466E-04	 7.893539E+00
  1	 6.006000E+00	 6.004000E+00	 6.008000E+00	 4.434700E+04	63200000	 1.813178E+00	 2.445816E+04	 3.869962E-04	 7.857096E+00
  2	 6.010000E+00	 6.008000E+00	 6.012000E+00	 4.630900E+04	63200000	 1.815594E+00	 2.550625E+04	 4.035799E-04	 7.815136E+00
  3	 6.014000E+00	 6.012000E+00	 6.016000E+00	 4.804900E+04	63200000	 1.818012E+00	 2.642942E+04	 4.181870E-04	 7.779582E+00
  4	 6.018000E+00	 6.016000E+00	 6.020000E+00	 4.983900E+04	63200000	 1.820431E+00	 2.737758E+04	 4.331896E-04	 7.744335E+00
  5	 6.022000E+00	 6.020000E+00	 6.024000E+00	 5.201200E+04	63200000	 1.822852E+00	 2.853331E+04	 4.514765E-04	 7.702987E+00
  6	 6.026000E+00	 6.024000E+00	 6.028000E+00	 5.424100E+04	63200000	 1.825274E+00	 2.971663E+04	 4.701999E-04	 7.662353E+00
  7	 6.030000E+00	 6.028000E+00	 6.032000E+00	 5.613000E+04	63200000	 1.827698E+00	 3.071076E+04	 4.859297E-04	 7.629447E+00
  8	 6.034000E+00	 6.032000E+00	 6.036000E+00	 5.855300E+04	63200000	 1.830124E+00	 3.199401E+04	 5.062343E-04	 7.588511E+00
  9	 6.038000E+00	 6.036000E+00	 6.040000E+00	 6.099700E+04	63200000	 1.832551E+00	 3.328529E+04	 5.266661E-04	 7.548944E+00
 10	 6.042000E+00	 6.040000E+00	 6.044000E+00	 6.394500E+04	63200000	 1.834980E+00	 3.484779E+04	 5.513892E-04	 7.503070E+00
 11	 6.046000E+00	 6.044000E+00	 6.048000E+00	 6.655700E+04	63200000	 1.837410E+00	 3.622327E+04	 5.731529E-04	 7.464358E+00
 12	 6.050000E+00	 6.048000E+00	 6.052000E+00	 6.865700E+04	63200000	 1.839842E+00	 3.731678E+04	 5.904555E-04	 7.434616E+00
 13	 6.054000E+00	 6.052000E+00	 6.056000E+00	 7.182800E+04	63200000	 1.842276E+00	 3.898873E+04	 6.169103E-04	 7.390787E+00
 14	 6.058000E+00	 6.056000E+00	 6.060000E+00	 7.467800E+04	63200000	 1.844711E+00	 4.048222E+04	 6.405414E-04	 7.353197E+00
 15	 6.062000E+00	 6.060000E+00	 6.064000E+00	 7.875200E+04	63200000	 1.847148E+00	 4.263437E+04	 6.745945E-04	 7.301399E+00
 16	 6.066000E+00	 6.064000E+00	 6.068000E+00	 8.128900E+04	63200000	 1.849587E+00	 4.394982E+04	 6.954086E-04	 7.271011E+00
 17	 6.070000E+00	 6.068000E+00	 6.072000E+00	 8.508800E+04	63200000	 1.852027E+00	 4.594318E+04	 7.269491E-04	 7.226654E+00
 18	 6.074000E+00	 6.072000E+00	 6.076000E+00	 8.844300E+04	63200000	 1.854468E+00	 4.769184E+04	 7.546176E-04	 7.189299E+00
 19	 6.078000E+00	 6.076000E+00	 6.080000E+00	 9.214500E+04	63200000	 1.856912E+00	 4.962272E+04	 7.851696E-04	 7.149611E+00
 20	 6.082000E+00	 6.080000E+00	 6.084000E+00	 9.637000E+04	63200000	 1.859357E+00	 5.182976E+04	 8.200911E-04	 7.106095E+00
 21	 6.086000E+00	 6.084000E+00	 6.088000E+00	 9.966800E+04	63200000	 1.861803E+00	 5.353305E+04	 8.470419E-04	 7.073760E+00
 22	 6.090000E+00	 6.088000E+00	 6.092000E+00	 1.038980E+05	63200000	 1.864251E+00	 5.573176E+04	 8.818316E-04	 7.033509E+00
 23	 6.094000E+00	 6.092000E+00	 6.096000E+00	 1.092250E+05	63200000	 1.866701E+00	 5.851232E+04	 9.258278E-04	 6.984822E+00
 24	 6.098000E+00	 6.096000E+00	 6.100000E+00	 1.127500E+05	63200000	 1.869152E+00	 6.032146E+04	 9.544535E-04	 6.954372E+00
 25	 6.102000E+00	 6.100000E+00	 6.104000E+00	 1.183490E+05	63200000	 1.871605E+00	 6.323395E+04	 1.000537E-03	 6.907218E+00
 26	 6.106000E+00	 6.104000E+00	 6.108000E+00	 1.227410E+05	63200000	 1.874060E+00	 6.549471E+04	 1.036309E-03	 6.872090E+00
 27	 6.110000E+00	 6.108000E+00	 6.112000E+00	 1.277370E+05	63200000	 1.876516E+00	 6.807136E+04	 1.077079E-03	 6.833503E+00
 28	 6.114000E+00	 6.112000E+00	 6.116000E+00	 1.331540E+05	63200000	 1.878974E+00	 7.086528E+04	 1.121286E-03	 6.793279E+00
 29	 6.118000E+00	 6.116000E+00	 6.120000E+00	 1.399050E+05	63200000	 1.881433E+00	 7.436087E+04	 1.176596E-03	 6.745130E+00
 30	 6.122000E+00	 6.120000E+00	 6.124000E+00	 1.460350E+05	63200000	 1.883894E+00	 7.751762E+04	 1.226545E-03	 6.703554E+00
 31	 6.126000E+00	 6.124000E+00	 6.128000E+00	 1.504340E+05	63200000	 1.886357E+00	 7.974843E+04	 1.261842E-03	 6.675182E+00
 32	 6.130000E+00	 6.128000E+00	 6.132000E+00	 1.569870E+05	63200000	 1.888821E+00	 8.311375E+04	 1.315091E-03	 6.633849E+00
 33	 6.134000E+00	 6.132000E+00	 6.136000E+00	 1.643520E+05	63200000	 1.891287E+00	 8.689956E+04	 1.374993E-03	 6.589307E+00
 34	 6.138000E+00	 6.136000E+00	 6.140000E+00	 1.718270E+05	63200000	 1.893754E+00	 9.073353E+04	 1.435657E-03	 6.546133E+00
 35	 6.142000E+00	 6.140000E+00	 6.144000E+00	 1.797930E+05	63200000	 1.896223E+00	 9.481636E+04	 1.500259E-03	 6.502118E+00
 36	 6.146000E+00	 6.144000E+00	 6.148000E+00	 1.868970E+05	63200000	 1.898694E+00	 9.843451E+04	 1.557508E-03	 6.464668E+00
 37	 6.150000E+00	 6.148000E+00	 6.152000E+00	 1.954100E+05	63200000	 1.901166E+00	 1.027843E+05	 1.626334E-03	 6.421427E+00
 38	 6.154000E+00	 6.152000E+00	 6.156000E+00	 2.025460E+05	63200000	 1.903640E+00	 1.063993E+05	 1.683533E-03	 6.386860E+00
 39	 6.158000E+00	 6.156000E+00	 6.160000E+00	 2.112040E+05	63200000	 1.906116E+00	 1.108034E+05	 1.753218E-03	 6.346303E+00
 40	 6.162000E+00	 6.160000E+00	 6.164000E+00	 2.201330E+05	63200000	 1.908593E+00	 1.153379E+05	 1.824966E-03	 6.306194E+00
 41	 6.166000E+00	 6.164000E+00	 6.168000E+00	 2.303890E+05	63200000	 1.911071E+00	 1.205549E+05	 1.907514E-03	 6.261954E+00
 42	 6.170000E+00	 6.168000E+00	 6.172000E+00	 2.407450E+05	63200000	 1.913552E+00	 1.258106E+05	 1.990673E-03	 6.219282E+00
 43	 6.174000E+00	 6.172000E+00	 6.176000E+00	 2.514260E+05	63200000	 1.916034E+00	 1.312221E+05	 2.076300E-03	 6.177168E+00
 44	 6.178000E+00	 6.176000E+00	 6.180000E+00	 2.617510E+05	63200000	 1.918517E+00	 1.364340E+05	 2.158766E-03	 6.138218E+00
 45	 6.182000E+00	 6.180000E+00	 6.184000E+00	 2.739080E+05	63200000	 1.921002E+00	 1.425860E+05	 2.256107E-03	 6.094114E+00
 46	 6.186000E+00	 6.184000E+00	 6.188000E+00	 2.856990E+05	63200000	 1.923489E+00	 1.485317E+05	 2.350184E-03	 6.053261E+00
 47	 6.190000E+00	 6.188000E+00	 6.192000E+00	 2.975480E+05	63200000	 1.925977E+00	 1.544920E+05	 2.444493E-03	 6.013918E+00
 48	 6.194000E+00	 6.192000E+00	 6.196000E+00	 3.108110E+05	63200000	 1.928467E+00	 1.611700E+05	 2.550158E-03	 5.971600E+00
 49	 6.198000E+00	 6.196000E+00	 6.200000E+00	 3.219700E+05	63200000	 1.930959E+00	 1.667410E+05	 2.638307E-03	 5.937618E+00
 50	 6.202000E+00	 6.200000E+00	 6.204000E+00	 3.358260E+05	63200000	 1.933452E+00	 1.736924E+05	 2.748298E-03	 5.896773E+00
 51	 6.206000E+00	 6.204000E+00	 6.208000E+00	 3.513770E+05	63200000	 1.935947E+00	 1.815014E+05	 2.871857E-03	 5.852796E+00
 52	 6.210000E+00	 6.208000E+00	 6.212000E+00	 3.646990E+05	63200000	 1.938443E+00	 1.881402E+05	 2.976901E-03	 5.816872E+00
 53	 6.214000E+00	 6.212000E+00	 6.216000E+00	 3.802090E+05	63200000	 1.940941E+00	 1.958890E+05	 3.099509E-03	 5.776511E+00
 54	 6.218000E+00	 6.216000E+00	 6.220000E+00	 3.964400E+05	63200000	 1.943441E+00	 2.039887E+05	 3.227670E-03	 5.735995E+00
 55	 6.222000E+00	 6.220000E+00	 6.224000E+00	 4.143560E+05	63200000	 1.945942E+00	 2.129334E+05	 3.369199E-03	 5.693080E+00
 56	 6.226000E+00	 6.224000E+00	 6.228000E+00	 4.321360E+05	63200000	 1.948445E+00	 2.217851E+05	 3.509258E-03	 5.652351E+00
 57	 6.230000E+00	 6.228000E+00	 6.232000E+00	 4.498450E+05	63200000	 1.950949E+00	 2.305775E+05	 3.648378E-03	 5.613472E+00
 58	 6.234000E+00	 6.232000E+00	 6.236000E+00	 4.679670E+05	63200000	 1.953455E+00	 2.395586E+05	 3.790484E-03	 5.575261E+00
 59	 6.238000E+00	 6.236000E+00	 6.240000E+00	 4.887900E+05	63200000	 1.955963E+00	 2.498974E+05	 3.954073E-03	 5.533009E+00
 60	 6.242000E+00	 6.240000E+00	 6.244000E+00	 5.087220E+05	63200000	 1.958472E+00	 2.597545E+05	 4.110040E-03	 5.494322E+00
 61	 6.246000E+00	 6.244000E+00	 6.248000E+00	 5.309510E+05	63200000	 1.960983E+00	 2.707576E+05	 4.284139E-03	 5.452836E+00
 62	 6.250000E+00	 6.248000E+00	 6.252000E+00	 5.524630E+05	63200000	 1.963495E+00	 2.813671E+05	 4.452011E-03	 5.414399E+00
 63	 6.254000E+00	 6.252000E+00	 6.256000E+00	 5.757440E+05	63200000	 1.966009E+00	 2.928490E+05	 4.633687E-03	 5.374402E+00
 64	 6.258000E+00	 6.256000E+00	 6.260000E+00	 6.008250E+05	63200000	 1.968525E+00	 3.052158E+05	 4.829364E-03	 5.333040E+00
 65	 6.262000E+00	 6.260000E+00	 6.264000E+00	 6.282460E+05	63200000	 1.971042E+00	 3.187379E+05	 5.043322E-03	 5.289690E+00
 66	 6.266000E+00	 6.264000E+00	 6.268000E+00	 6.557250E+05	63200000	 1.973561E+00	 3.322547E+05	 5.257194E-03	 5.248158E+00
 67	 6.270000E+00	 6.268000E+00	 6.272000E+00	 6.838030E+05	63200000	 1.976082E+00	 3.460398E+05	 5.475313E-03	 5.207506E+00
 68	 6.274000E+00	 6.272000E+00	 6.276000E+00	 7.145970E+05	63200000	 1.978604E+00	 3.611622E+05	 5.714592E-03	 5.164732E+00
 69	 6.278000E+00	 6.276000E+00	 6.280000E+00	 7.438830E+05	63200000	 1.981128E+00	 3.754846E+05	 5.941212E-03	 5.125842E+00
 70	 6.282000E+00	 6.280000E+00	 6.284000E+00	 7.764420E+05	63200000	 1.983653E+00	 3.914203E+05	 6.193359E-03	 5.084278E+00
 71	 6.286000E+00	 6.284000E+00	 6.288000E+00	 8.075430E+05	63200000	 1.986180E+00	 4.065810E+05	 6.433243E-03	 5.046276E+00
 72	 6.290000E+00	 6.288000E+00	 6.292000E+00	 8.435080E+05	63200000	 1.988709E+00	 4.241486E+05	 6.711212E-03	 5.003976E+00
 73	 6.294000E+00	 6.292000E+00	 6.296000E+00	 8.778420E+05	63200000	 1.991239E+00	 4.408522E+05	 6.975510E-03	 4.965350E+00
 74	 6.298000E+00	 6.296000E+00	 6.300000E+00	 9.153700E+05	63200000	 1.993771E+00	 4.591150E+05	 7.264478E-03	 4.924759E+00
 75	 6.302000E+00	 6.300000E+00	 6.304000E+00	 9.552580E+05	63200000	 1.996304E+00	 4.785133E+05	 7.571413E-03	 4.883376E+00
 76	 6.306000E+00	 6.304000E+00	 6.308000E+00	 9.966990E+05	63200000	 1.998839E+00	 4.986390E+05	 7.889857E-03	 4.842177E+00
 77	 6.310000E+00	 6.308000E+00	 6.312000E+00	 1.038777E+06	63200000	 2.001375E+00	 5.190315E+05	 8.212524E-03	 4.802095E+00
 78	 6.314000E+00	 6.312000E+00	 6.316000E+00	 1.085765E+06	63200000	 2.003914E+00	 5.418222E+05	 8.573137E-03	 4.759122E+00
 79	 6.318000E+00	 6.316000E+00	 6.320000E+00	 1.128973E+06	63200000	 2.006453E+00	 5.626709E+05	 8.903021E-03	 4.721365E+00
 80	 6.322000E+00	 6.320000E+00	 6.324000E+00	 1.178793E+06	63200000	 2.008995E+00	 5.867576E+05	 9.284139E-03	 4.679448E+00
 81	 6.326000E+00	 6.324000E+00	 6.328000E+00	 1.231273E+06	63200000	 2.011538E+00	 6.121053E+05	 9.685210E-03	 4.637155E+00
 82	 6.330000E+00	 6.328000E+00	 6.332000E+00	 1.284689E+06	63200000	 2.014083E+00	 6.378532E+05	 1.009261E-02	 4.595951E+00
 83	 6.334000E+00	 6.332000E+00	 6.336000E+00	 1.343356E+06	63200000	 2.016629E+00	 6.661394E+05	 1.054018E-02	 4.552561E+00
 84	 6.338000E+00	 6.336000E+00	 6.340000E+00	 1.401510E+06	63200000	 2.019177E+00	 6.940997E+05	 1.098259E-02	 4.511444E+00
 85	 6.342000E+00	 6.340000E+00	 6.344000E+00	 1.461671E+06	63200000	 2.021726E+00	 7.229817E+05	 1.143958E-02	 4.470676E+00
 86	 6.346000E+00	 6.344000E+00	 6.348000E+00	 1.528164E+06	63200000	 2.024277E+00	 7.549183E+05	 1.194491E-02	 4.427450E+00
 87	 6.350000E+00	 6.348000E+00	 6.352000E+00	 1.594406E+06	63200000	 2.026830E+00	 7.866501E+05	 1.244700E-02	 4.386276E+00
 88	 6.354000E+00	 6.352000E+00	 6.356000E+00	 1.662968E+06	63200000	 2.029384E+00	 8.194446E+05	 1.296590E-02	 4.345433E+00
 89	 6.358000E+00	 6.356000E+00	 6.360000E+00	 1.737619E+06	63200000	 2.031940E+00	 8.551527E+05	 1.353090E-02	 4.302780E+00
 90	 6.362000E+00	 6.360000E+00	 6.364000E+00	 1.815630E+06	63200000	 2.034498E+00	 8.924218E+05	 1.412060E-02	 4.260121E+00
 91	 6.366000E+00	 6.364000E+00	 6.368000E+00	 1.892860E+06	63200000	 2.037057E+00	 9.292132E+05	 1.470274E-02	 4.219721E+00
 92	 6.370000E+00	 6.368000E+00	 6.372000E+00	 1.977050E+06	63200000	 2.039617E+00	 9.693239E+05	 1.533740E-02	 4.177461E+00
 93	 6.374000E+00	 6.372000E+00	 6.376000E+00	 2.065369E+06	63200000	 2.042180E+00	 1.011355E+06	 1.600245E-02	 4.135013E+00
 94	 6.378000E+00	 6.376000E+00	 6.380000E+00	 2.153805E+06	63200000	 2.044744E+00	 1.053337E+06	 1.666673E-02	 4.094341E+00
 95	 6.382000E+00	 6.380000E+00	 6.384000E+00	 2.249780E+06	63200000	 2.047309E+00	 1.098896E+06	 1.738760E-02	 4.051998E+00
 96	 6.386000E+00	 6.384000E+00	 6.388000E+00	 2.345963E+06	63200000	 2.049876E+00	 1.144441E+06	 1.810825E-02	 4.011388E+00
 97	 6.390000E+00	 6.388000E+00	 6.392000E+00	 2.446019E+06	63200000	 2.052445E+00	 1.191758E+06	 1.885694E-02	 3.970874E+00
 98	 6.394000E+00	 6.392000E+00	 6.396000E+00	 2.551640E+06	63200000	 2.055016E+00	 1.241665E+06	 1.964659E-02	 3.929851E+00
 99	 6.398000E+00	 6.396000E+00	 6.400000E+00	 2.666431E+06	63200000	 2.057588E+00	 1.295902E+06	 2.050477E-02	 3.887098E+00
