# number of cycles:64700000
#1:rindex, 2:r 3:rwmin 4:rwmax, 5: hist_value 6: numof cycles 7:shell volume 8: normalized hist value 9: hist_values/ number of cycles 10: -log(hist_value/numcycles)
  0	 7.202000E+00	 7.200000E+00	 7.204000E+00	 3.107300E+04	64700000	 2.607210E+00	 1.191810E+04	 1.842056E-04	 8.599458E+00
  1	 7.206000E+00	 7.204000E+00	 7.208000E+00	 3.239300E+04	64700000	 2.610107E+00	 1.241060E+04	 1.918176E-04	 8.558965E+00
  2	 7.210000E+00	 7.208000E+00	 7.212000E+00	 3.405700E+04	64700000	 2.613006E+00	 1.303365E+04	 2.014474E-04	 8.509982E+00
  3	 7.214000E+00	 7.212000E+00	 7.216000E+00	 3.597900E+04	64700000	 2.615906E+00	 1.375393E+04	 2.125801E-04	 8.456192E+00
  4	 7.218000E+00	 7.216000E+00	 7.220000E+00	 3.731400E+04	64700000	 2.618808E+00	 1.424847E+04	 2.202236E-04	 8.420867E+00
  5	 7.222000E+00	 7.220000E+00	 7.224000E+00	 3.875300E+04	64700000	 2.621711E+00	 1.478157E+04	 2.284632E-04	 8.384135E+00
  6	 7.226000E+00	 7.224000E+00	 7.228000E+00	 4.055800E+04	64700000	 2.624616E+00	 1.545293E+04	 2.388397E-04	 8.339718E+00
  7	 7.230000E+00	 7.228000E+00	 7.232000E+00	 4.252400E+04	64700000	 2.627523E+00	 1.618407E+04	 2.501401E-04	 8.293489E+00
  8	 7.234000E+00	 7.232000E+00	 7.236000E+00	 4.455100E+04	64700000	 2.630431E+00	 1.693677E+04	 2.617739E-04	 8.248029E+00
  9	 7.238000E+00	 7.236000E+00	 7.240000E+00	 4.694900E+04	64700000	 2.633340E+00	 1.782869E+04	 2.755593E-04	 8.196708E+00
 10	 7.242000E+00	 7.240000E+00	 7.244000E+00	 4.926200E+04	64700000	 2.636252E+00	 1.868638E+04	 2.888157E-04	 8.149722E+00
 11	 7.246000E+00	 7.244000E+00	 7.248000E+00	 5.182900E+04	64700000	 2.639165E+00	 1.963841E+04	 3.035303E-04	 8.100029E+00
 12	 7.250000E+00	 7.248000E+00	 7.252000E+00	 5.453300E+04	64700000	 2.642079E+00	 2.064018E+04	 3.190136E-04	 8.050277E+00
 13	 7.254000E+00	 7.252000E+00	 7.256000E+00	 5.647600E+04	64700000	 2.644996E+00	 2.135202E+04	 3.300158E-04	 8.016370E+00
 14	 7.258000E+00	 7.256000E+00	 7.260000E+00	 5.953000E+04	64700000	 2.647913E+00	 2.248185E+04	 3.474784E-04	 7.964808E+00
 15	 7.262000E+00	 7.260000E+00	 7.264000E+00	 6.265800E+04	64700000	 2.650833E+00	 2.363710E+04	 3.653338E-04	 7.914699E+00
 16	 7.266000E+00	 7.264000E+00	 7.268000E+00	 6.588900E+04	64700000	 2.653754E+00	 2.482860E+04	 3.837497E-04	 7.865520E+00
 17	 7.270000E+00	 7.268000E+00	 7.272000E+00	 6.928200E+04	64700000	 2.656677E+00	 2.607845E+04	 4.030672E-04	 7.816407E+00
 18	 7.274000E+00	 7.272000E+00	 7.276000E+00	 7.244000E+04	64700000	 2.659601E+00	 2.723717E+04	 4.209764E-04	 7.772934E+00
 19	 7.278000E+00	 7.276000E+00	 7.280000E+00	 7.543100E+04	64700000	 2.662527E+00	 2.833061E+04	 4.378765E-04	 7.733574E+00
 20	 7.282000E+00	 7.280000E+00	 7.284000E+00	 7.865300E+04	64700000	 2.665454E+00	 2.950829E+04	 4.560787E-04	 7.692845E+00
 21	 7.286000E+00	 7.284000E+00	 7.288000E+00	 8.209100E+04	64700000	 2.668383E+00	 3.076432E+04	 4.754918E-04	 7.651161E+00
 22	 7.290000E+00	 7.288000E+00	 7.292000E+00	 8.580300E+04	64700000	 2.671314E+00	 3.212015E+04	 4.964474E-04	 7.608033E+00
 23	 7.294000E+00	 7.292000E+00	 7.296000E+00	 8.996000E+04	64700000	 2.674246E+00	 3.363939E+04	 5.199287E-04	 7.561819E+00
 24	 7.298000E+00	 7.296000E+00	 7.300000E+00	 9.399900E+04	64700000	 2.677180E+00	 3.511120E+04	 5.426770E-04	 7.518996E+00
 25	 7.302000E+00	 7.300000E+00	 7.304000E+00	 9.825300E+04	64700000	 2.680116E+00	 3.665999E+04	 5.666149E-04	 7.475831E+00
 26	 7.306000E+00	 7.304000E+00	 7.308000E+00	 1.018020E+05	64700000	 2.683053E+00	 3.794260E+04	 5.864390E-04	 7.441442E+00
 27	 7.310000E+00	 7.308000E+00	 7.312000E+00	 1.074530E+05	64700000	 2.685991E+00	 4.000497E+04	 6.183148E-04	 7.388513E+00
 28	 7.314000E+00	 7.312000E+00	 7.316000E+00	 1.121680E+05	64700000	 2.688932E+00	 4.171471E+04	 6.447405E-04	 7.346663E+00
 29	 7.318000E+00	 7.316000E+00	 7.320000E+00	 1.177150E+05	64700000	 2.691874E+00	 4.372976E+04	 6.758851E-04	 7.299487E+00
 30	 7.322000E+00	 7.320000E+00	 7.324000E+00	 1.238160E+05	64700000	 2.694817E+00	 4.594597E+04	 7.101387E-04	 7.250050E+00
 31	 7.326000E+00	 7.324000E+00	 7.328000E+00	 1.296480E+05	64700000	 2.697762E+00	 4.805761E+04	 7.427760E-04	 7.205116E+00
 32	 7.330000E+00	 7.328000E+00	 7.332000E+00	 1.354080E+05	64700000	 2.700709E+00	 5.013794E+04	 7.749296E-04	 7.162738E+00
 33	 7.334000E+00	 7.332000E+00	 7.336000E+00	 1.415150E+05	64700000	 2.703657E+00	 5.234206E+04	 8.089963E-04	 7.119716E+00
 34	 7.338000E+00	 7.336000E+00	 7.340000E+00	 1.486590E+05	64700000	 2.706607E+00	 5.492448E+04	 8.489100E-04	 7.071557E+00
 35	 7.342000E+00	 7.340000E+00	 7.344000E+00	 1.562830E+05	64700000	 2.709559E+00	 5.767839E+04	 8.914743E-04	 7.022634E+00
 36	 7.346000E+00	 7.344000E+00	 7.348000E+00	 1.639410E+05	64700000	 2.712512E+00	 6.043881E+04	 9.341392E-04	 6.975885E+00
 37	 7.350000E+00	 7.348000E+00	 7.352000E+00	 1.719370E+05	64700000	 2.715467E+00	 6.331765E+04	 9.786345E-04	 6.929352E+00
 38	 7.354000E+00	 7.352000E+00	 7.356000E+00	 1.806880E+05	64700000	 2.718423E+00	 6.646794E+04	 1.027325E-03	 6.880797E+00
 39	 7.358000E+00	 7.356000E+00	 7.360000E+00	 1.881480E+05	64700000	 2.721381E+00	 6.913694E+04	 1.068577E-03	 6.841427E+00
 40	 7.362000E+00	 7.360000E+00	 7.364000E+00	 1.978660E+05	64700000	 2.724341E+00	 7.262894E+04	 1.122549E-03	 6.792153E+00
 41	 7.366000E+00	 7.364000E+00	 7.368000E+00	 2.078370E+05	64700000	 2.727302E+00	 7.620607E+04	 1.177837E-03	 6.744075E+00
 42	 7.370000E+00	 7.368000E+00	 7.372000E+00	 2.164060E+05	64700000	 2.730265E+00	 7.926190E+04	 1.225068E-03	 6.704759E+00
 43	 7.374000E+00	 7.372000E+00	 7.376000E+00	 2.265680E+05	64700000	 2.733230E+00	 8.289388E+04	 1.281204E-03	 6.659955E+00
 44	 7.378000E+00	 7.376000E+00	 7.380000E+00	 2.373710E+05	64700000	 2.736196E+00	 8.675220E+04	 1.340838E-03	 6.614461E+00
 45	 7.382000E+00	 7.380000E+00	 7.384000E+00	 2.486030E+05	64700000	 2.739163E+00	 9.075873E+04	 1.402763E-03	 6.569312E+00
 46	 7.386000E+00	 7.384000E+00	 7.388000E+00	 2.598730E+05	64700000	 2.742133E+00	 9.477040E+04	 1.464767E-03	 6.526059E+00
 47	 7.390000E+00	 7.388000E+00	 7.392000E+00	 2.728490E+05	64700000	 2.745104E+00	 9.939479E+04	 1.536241E-03	 6.478417E+00
 48	 7.394000E+00	 7.392000E+00	 7.396000E+00	 2.853070E+05	64700000	 2.748076E+00	 1.038206E+05	 1.604647E-03	 6.434852E+00
 49	 7.398000E+00	 7.396000E+00	 7.400000E+00	 2.988600E+05	64700000	 2.751050E+00	 1.086349E+05	 1.679055E-03	 6.389524E+00
 50	 7.402000E+00	 7.400000E+00	 7.404000E+00	 3.115740E+05	64700000	 2.754026E+00	 1.131340E+05	 1.748594E-03	 6.348943E+00
 51	 7.406000E+00	 7.404000E+00	 7.408000E+00	 3.265190E+05	64700000	 2.757003E+00	 1.184326E+05	 1.830488E-03	 6.303173E+00
 52	 7.410000E+00	 7.408000E+00	 7.412000E+00	 3.417320E+05	64700000	 2.759982E+00	 1.238167E+05	 1.913705E-03	 6.258714E+00
 53	 7.414000E+00	 7.412000E+00	 7.416000E+00	 3.574800E+05	64700000	 2.762963E+00	 1.293829E+05	 1.999735E-03	 6.214741E+00
 54	 7.418000E+00	 7.416000E+00	 7.420000E+00	 3.742690E+05	64700000	 2.765945E+00	 1.353133E+05	 2.091395E-03	 6.169924E+00
 55	 7.422000E+00	 7.420000E+00	 7.424000E+00	 3.924930E+05	64700000	 2.768929E+00	 1.417491E+05	 2.190866E-03	 6.123458E+00
 56	 7.426000E+00	 7.424000E+00	 7.428000E+00	 4.088710E+05	64700000	 2.771914E+00	 1.475049E+05	 2.279829E-03	 6.083655E+00
 57	 7.430000E+00	 7.428000E+00	 7.432000E+00	 4.276900E+05	64700000	 2.774901E+00	 1.541280E+05	 2.382195E-03	 6.039733E+00
 58	 7.434000E+00	 7.432000E+00	 7.436000E+00	 4.487860E+05	64700000	 2.777890E+00	 1.615565E+05	 2.497009E-03	 5.992662E+00
 59	 7.438000E+00	 7.436000E+00	 7.440000E+00	 4.694750E+05	64700000	 2.780880E+00	 1.688225E+05	 2.609312E-03	 5.948669E+00
 60	 7.442000E+00	 7.440000E+00	 7.444000E+00	 4.902110E+05	64700000	 2.783872E+00	 1.760897E+05	 2.721633E-03	 5.906523E+00
 61	 7.446000E+00	 7.444000E+00	 7.448000E+00	 5.130070E+05	64700000	 2.786865E+00	 1.840803E+05	 2.845136E-03	 5.862144E+00
 62	 7.450000E+00	 7.448000E+00	 7.452000E+00	 5.384320E+05	64700000	 2.789860E+00	 1.929961E+05	 2.982938E-03	 5.814847E+00
 63	 7.454000E+00	 7.452000E+00	 7.456000E+00	 5.645300E+05	64700000	 2.792857E+00	 2.021335E+05	 3.124166E-03	 5.768588E+00
 64	 7.458000E+00	 7.456000E+00	 7.460000E+00	 5.923800E+05	64700000	 2.795855E+00	 2.118780E+05	 3.274775E-03	 5.721506E+00
 65	 7.462000E+00	 7.460000E+00	 7.464000E+00	 6.189500E+05	64700000	 2.798855E+00	 2.211440E+05	 3.417991E-03	 5.678702E+00
 66	 7.466000E+00	 7.464000E+00	 7.468000E+00	 6.495120E+05	64700000	 2.801856E+00	 2.318149E+05	 3.582920E-03	 5.631577E+00
 67	 7.470000E+00	 7.468000E+00	 7.472000E+00	 6.807370E+05	64700000	 2.804859E+00	 2.426992E+05	 3.751146E-03	 5.585694E+00
 68	 7.474000E+00	 7.472000E+00	 7.476000E+00	 7.111810E+05	64700000	 2.807864E+00	 2.532819E+05	 3.914712E-03	 5.543014E+00
 69	 7.478000E+00	 7.476000E+00	 7.480000E+00	 7.459150E+05	64700000	 2.810870E+00	 2.653680E+05	 4.101515E-03	 5.496399E+00
 70	 7.482000E+00	 7.480000E+00	 7.484000E+00	 7.803470E+05	64700000	 2.813878E+00	 2.773208E+05	 4.286257E-03	 5.452341E+00
 71	 7.486000E+00	 7.484000E+00	 7.488000E+00	 8.168150E+05	64700000	 2.816887E+00	 2.899708E+05	 4.481774E-03	 5.407736E+00
 72	 7.490000E+00	 7.488000E+00	 7.492000E+00	 8.547500E+05	64700000	 2.819899E+00	 3.031137E+05	 4.684911E-03	 5.363408E+00
 73	 7.494000E+00	 7.492000E+00	 7.496000E+00	 8.945000E+05	64700000	 2.822911E+00	 3.168715E+05	 4.897549E-03	 5.319020E+00
 74	 7.498000E+00	 7.496000E+00	 7.500000E+00	 9.351790E+05	64700000	 2.825926E+00	 3.309284E+05	 5.114813E-03	 5.275614E+00
 75	 7.502000E+00	 7.500000E+00	 7.504000E+00	 9.777720E+05	64700000	 2.828942E+00	 3.456317E+05	 5.342067E-03	 5.232143E+00
 76	 7.506000E+00	 7.504000E+00	 7.508000E+00	 1.023950E+06	64700000	 2.831959E+00	 3.615695E+05	 5.588400E-03	 5.187062E+00
 77	 7.510000E+00	 7.508000E+00	 7.512000E+00	 1.068894E+06	64700000	 2.834978E+00	 3.770378E+05	 5.827478E-03	 5.145171E+00
 78	 7.514000E+00	 7.512000E+00	 7.516000E+00	 1.121066E+06	64700000	 2.837999E+00	 3.950199E+05	 6.105408E-03	 5.098580E+00
 79	 7.518000E+00	 7.516000E+00	 7.520000E+00	 1.172792E+06	64700000	 2.841021E+00	 4.128065E+05	 6.380316E-03	 5.054538E+00
 80	 7.522000E+00	 7.520000E+00	 7.524000E+00	 1.227782E+06	64700000	 2.844045E+00	 4.317027E+05	 6.672375E-03	 5.009779E+00
 81	 7.526000E+00	 7.524000E+00	 7.528000E+00	 1.282894E+06	64700000	 2.847071E+00	 4.506014E+05	 6.964472E-03	 4.966933E+00
 82	 7.530000E+00	 7.528000E+00	 7.532000E+00	 1.342588E+06	64700000	 2.850098E+00	 4.710673E+05	 7.280793E-03	 4.922516E+00
 83	 7.534000E+00	 7.532000E+00	 7.536000E+00	 1.407497E+06	64700000	 2.853127E+00	 4.933174E+05	 7.624689E-03	 4.876364E+00
 84	 7.538000E+00	 7.536000E+00	 7.540000E+00	 1.474780E+06	64700000	 2.856157E+00	 5.163511E+05	 7.980697E-03	 4.830729E+00
 85	 7.542000E+00	 7.540000E+00	 7.544000E+00	 1.540515E+06	64700000	 2.859189E+00	 5.387943E+05	 8.327579E-03	 4.788183E+00
 86	 7.546000E+00	 7.544000E+00	 7.548000E+00	 1.612825E+06	64700000	 2.862223E+00	 5.634869E+05	 8.709225E-03	 4.743372E+00
 87	 7.550000E+00	 7.548000E+00	 7.552000E+00	 1.690049E+06	64700000	 2.865258E+00	 5.898418E+05	 9.116566E-03	 4.697662E+00
 88	 7.554000E+00	 7.552000E+00	 7.556000E+00	 1.771722E+06	64700000	 2.868295E+00	 6.176917E+05	 9.547012E-03	 4.651527E+00
 89	 7.558000E+00	 7.556000E+00	 7.560000E+00	 1.853637E+06	64700000	 2.871333E+00	 6.455666E+05	 9.977846E-03	 4.607388E+00
 90	 7.562000E+00	 7.560000E+00	 7.564000E+00	 1.938000E+06	64700000	 2.874374E+00	 6.742339E+05	 1.042093E-02	 4.563939E+00
 91	 7.566000E+00	 7.564000E+00	 7.568000E+00	 2.028012E+06	64700000	 2.877415E+00	 7.048034E+05	 1.089341E-02	 4.519598E+00
 92	 7.570000E+00	 7.568000E+00	 7.572000E+00	 2.118951E+06	64700000	 2.880458E+00	 7.356298E+05	 1.136986E-02	 4.476790E+00
 93	 7.574000E+00	 7.572000E+00	 7.576000E+00	 2.219500E+06	64700000	 2.883503E+00	 7.697234E+05	 1.189681E-02	 4.431485E+00
 94	 7.578000E+00	 7.576000E+00	 7.580000E+00	 2.319352E+06	64700000	 2.886550E+00	 8.035032E+05	 1.241891E-02	 4.388535E+00
 95	 7.582000E+00	 7.580000E+00	 7.584000E+00	 2.427659E+06	64700000	 2.889598E+00	 8.401373E+05	 1.298512E-02	 4.343951E+00
 96	 7.586000E+00	 7.584000E+00	 7.588000E+00	 2.539295E+06	64700000	 2.892648E+00	 8.778446E+05	 1.356792E-02	 4.300047E+00
 97	 7.590000E+00	 7.588000E+00	 7.592000E+00	 2.654159E+06	64700000	 2.895699E+00	 9.165867E+05	 1.416672E-02	 4.256860E+00
 98	 7.594000E+00	 7.592000E+00	 7.596000E+00	 2.775281E+06	64700000	 2.898752E+00	 9.574055E+05	 1.479761E-02	 4.213289E+00
 99	 7.598000E+00	 7.596000E+00	 7.600000E+00	 2.904733E+06	64700000	 2.901806E+00	 1.001009E+06	 1.547154E-02	 4.168753E+00
